have_func: checking for rb_absint_size()... -------------------- yes

PATH=".;C:/Ruby34-x64/lib;C:\Ruby34-x64\bin;C:\Ruby34-x64\msys64\ucrt64\bin;C:\Ruby34-x64\msys64\usr\bin;C:\Ruby34-x64\bin;C:\Users\mathe\.local\share\gem\ruby\3.4.0\bin;C:\Program Files (x86)\Common Files\Oracle\Java\java8path;C:\Program Files (x86)\Common Files\Oracle\Java\javapath;C:\Windows\system32;C:\Windows;C:\Windows\System32\Wbem;C:\Windows\System32\WindowsPowerShell\v1.0\;C:\Windows\System32\OpenSSH\;C:\Program Files\dotnet\;C:\Program Files\Neovim\bin;E:\Node.js\;C:\Ruby34-x64\bin;C:\Users\mathe\AppData\Local\Programs\Python\Python313\Scripts\;C:\Users\mathe\AppData\Local\Programs\Python\Python313\;C:\Users\mathe\AppData\Local\Programs\Python\Launcher\;C:\Users\mathe\AppData\Local\Microsoft\WindowsApps;E:\Microsoft VS Code\bin;C:\Users\mathe\AppData\Local\GitHubDesktop\bin;C:\Users\mathe\AppData\Local\Muse Hub\lib;C:\Users\mathe\AppData\Roaming\npm;C:\VSCode\bin;C:\msys64\ucrt64\bin;C:\Ruby34-x64\msys64\mingw64\bin;;c:\Users\mathe\AppData\Roaming\Code\User\globalStorage\github.copilot-chat\debugCommand" ASAN_OPTIONS=detect_leaks=0 "gcc -o conftest.exe -IC:/Ruby34-x64/include/ruby-3.4.0/x64-mingw-ucrt -IC:/Ruby34-x64/include/ruby-3.4.0/ruby/backward -IC:/Ruby34-x64/include/ruby-3.4.0 -I. -D_WIN32_WINNT=0x0600 -D__MINGW_USE_VC2005_COMPAT -D_FILE_OFFSET_BITS=64  -O3 -fstack-protector-strong conftest.c -L. -LC:/Ruby34-x64/lib -L. -pipe -s -fstack-protector-strong -lpthread -Wl,--no-as-needed     -lx64-ucrt-ruby340  -lshell32 -lws2_32 -liphlpapi -limagehlp -lshlwapi -lbcrypt  "
checked program was:
/* begin */
1: #include "ruby.h"
2: 
3: #include <winsock2.h>
4: #include <windows.h>
5: int main(int argc, char **argv)
6: {
7:   return !!argv[argc];
8: }
/* end */

PATH=".;C:/Ruby34-x64/lib;C:\Ruby34-x64\bin;C:\Ruby34-x64\msys64\ucrt64\bin;C:\Ruby34-x64\msys64\usr\bin;C:\Ruby34-x64\bin;C:\Users\mathe\.local\share\gem\ruby\3.4.0\bin;C:\Program Files (x86)\Common Files\Oracle\Java\java8path;C:\Program Files (x86)\Common Files\Oracle\Java\javapath;C:\Windows\system32;C:\Windows;C:\Windows\System32\Wbem;C:\Windows\System32\WindowsPowerShell\v1.0\;C:\Windows\System32\OpenSSH\;C:\Program Files\dotnet\;C:\Program Files\Neovim\bin;E:\Node.js\;C:\Ruby34-x64\bin;C:\Users\mathe\AppData\Local\Programs\Python\Python313\Scripts\;C:\Users\mathe\AppData\Local\Programs\Python\Python313\;C:\Users\mathe\AppData\Local\Programs\Python\Launcher\;C:\Users\mathe\AppData\Local\Microsoft\WindowsApps;E:\Microsoft VS Code\bin;C:\Users\mathe\AppData\Local\GitHubDesktop\bin;C:\Users\mathe\AppData\Local\Muse Hub\lib;C:\Users\mathe\AppData\Roaming\npm;C:\VSCode\bin;C:\msys64\ucrt64\bin;C:\Ruby34-x64\msys64\mingw64\bin;;c:\Users\mathe\AppData\Roaming\Code\User\globalStorage\github.copilot-chat\debugCommand" ASAN_OPTIONS=detect_leaks=0 "gcc -o conftest.exe -IC:/Ruby34-x64/include/ruby-3.4.0/x64-mingw-ucrt -IC:/Ruby34-x64/include/ruby-3.4.0/ruby/backward -IC:/Ruby34-x64/include/ruby-3.4.0 -I. -D_WIN32_WINNT=0x0600 -D__MINGW_USE_VC2005_COMPAT -D_FILE_OFFSET_BITS=64  -O3 -fstack-protector-strong conftest.c -L. -LC:/Ruby34-x64/lib -L. -pipe -s -fstack-protector-strong -lpthread -Wl,--no-as-needed     -lx64-ucrt-ruby340  -lshell32 -lws2_32 -liphlpapi -limagehlp -lshlwapi -lbcrypt  "
checked program was:
/* begin */
 1: #include "ruby.h"
 2: 
 3: #include <winsock2.h>
 4: #include <windows.h>
 5: 
 6: /*top*/
 7: extern int t(void);
 8: int main(int argc, char **argv)
 9: {
10:   if (argc > 1000000) {
11:     int (* volatile tp)(void)=(int (*)(void))&t;
12:     printf("%d", (*tp)());
13:   }
14: 
15:   return !!argv[argc];
16: }
17: int t(void) { void ((*volatile p)()); p = (void ((*)()))rb_absint_size; return !p; }
/* end */

--------------------

have_func: checking for rb_absint_singlebit_p()... -------------------- yes

PATH=".;C:/Ruby34-x64/lib;C:\Ruby34-x64\bin;C:\Ruby34-x64\msys64\ucrt64\bin;C:\Ruby34-x64\msys64\usr\bin;C:\Ruby34-x64\bin;C:\Users\mathe\.local\share\gem\ruby\3.4.0\bin;C:\Program Files (x86)\Common Files\Oracle\Java\java8path;C:\Program Files (x86)\Common Files\Oracle\Java\javapath;C:\Windows\system32;C:\Windows;C:\Windows\System32\Wbem;C:\Windows\System32\WindowsPowerShell\v1.0\;C:\Windows\System32\OpenSSH\;C:\Program Files\dotnet\;C:\Program Files\Neovim\bin;E:\Node.js\;C:\Ruby34-x64\bin;C:\Users\mathe\AppData\Local\Programs\Python\Python313\Scripts\;C:\Users\mathe\AppData\Local\Programs\Python\Python313\;C:\Users\mathe\AppData\Local\Programs\Python\Launcher\;C:\Users\mathe\AppData\Local\Microsoft\WindowsApps;E:\Microsoft VS Code\bin;C:\Users\mathe\AppData\Local\GitHubDesktop\bin;C:\Users\mathe\AppData\Local\Muse Hub\lib;C:\Users\mathe\AppData\Roaming\npm;C:\VSCode\bin;C:\msys64\ucrt64\bin;C:\Ruby34-x64\msys64\mingw64\bin;;c:\Users\mathe\AppData\Roaming\Code\User\globalStorage\github.copilot-chat\debugCommand" ASAN_OPTIONS=detect_leaks=0 "gcc -o conftest.exe -IC:/Ruby34-x64/include/ruby-3.4.0/x64-mingw-ucrt -IC:/Ruby34-x64/include/ruby-3.4.0/ruby/backward -IC:/Ruby34-x64/include/ruby-3.4.0 -I. -D_WIN32_WINNT=0x0600 -D__MINGW_USE_VC2005_COMPAT -D_FILE_OFFSET_BITS=64  -O3 -fstack-protector-strong conftest.c -L. -LC:/Ruby34-x64/lib -L. -pipe -s -fstack-protector-strong -lpthread -Wl,--no-as-needed     -lx64-ucrt-ruby340  -lshell32 -lws2_32 -liphlpapi -limagehlp -lshlwapi -lbcrypt  "
checked program was:
/* begin */
 1: #include "ruby.h"
 2: 
 3: #include <winsock2.h>
 4: #include <windows.h>
 5: 
 6: /*top*/
 7: extern int t(void);
 8: int main(int argc, char **argv)
 9: {
10:   if (argc > 1000000) {
11:     int (* volatile tp)(void)=(int (*)(void))&t;
12:     printf("%d", (*tp)());
13:   }
14: 
15:   return !!argv[argc];
16: }
17: int t(void) { void ((*volatile p)()); p = (void ((*)()))rb_absint_singlebit_p; return !p; }
/* end */

--------------------

have_func: checking for rb_gc_mark_movable()... -------------------- yes

PATH=".;C:/Ruby34-x64/lib;C:\Ruby34-x64\bin;C:\Ruby34-x64\msys64\ucrt64\bin;C:\Ruby34-x64\msys64\usr\bin;C:\Ruby34-x64\bin;C:\Users\mathe\.local\share\gem\ruby\3.4.0\bin;C:\Program Files (x86)\Common Files\Oracle\Java\java8path;C:\Program Files (x86)\Common Files\Oracle\Java\javapath;C:\Windows\system32;C:\Windows;C:\Windows\System32\Wbem;C:\Windows\System32\WindowsPowerShell\v1.0\;C:\Windows\System32\OpenSSH\;C:\Program Files\dotnet\;C:\Program Files\Neovim\bin;E:\Node.js\;C:\Ruby34-x64\bin;C:\Users\mathe\AppData\Local\Programs\Python\Python313\Scripts\;C:\Users\mathe\AppData\Local\Programs\Python\Python313\;C:\Users\mathe\AppData\Local\Programs\Python\Launcher\;C:\Users\mathe\AppData\Local\Microsoft\WindowsApps;E:\Microsoft VS Code\bin;C:\Users\mathe\AppData\Local\GitHubDesktop\bin;C:\Users\mathe\AppData\Local\Muse Hub\lib;C:\Users\mathe\AppData\Roaming\npm;C:\VSCode\bin;C:\msys64\ucrt64\bin;C:\Ruby34-x64\msys64\mingw64\bin;;c:\Users\mathe\AppData\Roaming\Code\User\globalStorage\github.copilot-chat\debugCommand" ASAN_OPTIONS=detect_leaks=0 "gcc -o conftest.exe -IC:/Ruby34-x64/include/ruby-3.4.0/x64-mingw-ucrt -IC:/Ruby34-x64/include/ruby-3.4.0/ruby/backward -IC:/Ruby34-x64/include/ruby-3.4.0 -I. -D_WIN32_WINNT=0x0600 -D__MINGW_USE_VC2005_COMPAT -D_FILE_OFFSET_BITS=64  -O3 -fstack-protector-strong conftest.c -L. -LC:/Ruby34-x64/lib -L. -pipe -s -fstack-protector-strong -lpthread -Wl,--no-as-needed     -lx64-ucrt-ruby340  -lshell32 -lws2_32 -liphlpapi -limagehlp -lshlwapi -lbcrypt  "
checked program was:
/* begin */
 1: #include "ruby.h"
 2: 
 3: #include <winsock2.h>
 4: #include <windows.h>
 5: 
 6: /*top*/
 7: extern int t(void);
 8: int main(int argc, char **argv)
 9: {
10:   if (argc > 1000000) {
11:     int (* volatile tp)(void)=(int (*)(void))&t;
12:     printf("%d", (*tp)());
13:   }
14: 
15:   return !!argv[argc];
16: }
17: int t(void) { void ((*volatile p)()); p = (void ((*)()))rb_gc_mark_movable; return !p; }
/* end */

--------------------

have_func: checking for rb_wait_for_single_fd()... -------------------- yes

PATH=".;C:/Ruby34-x64/lib;C:\Ruby34-x64\bin;C:\Ruby34-x64\msys64\ucrt64\bin;C:\Ruby34-x64\msys64\usr\bin;C:\Ruby34-x64\bin;C:\Users\mathe\.local\share\gem\ruby\3.4.0\bin;C:\Program Files (x86)\Common Files\Oracle\Java\java8path;C:\Program Files (x86)\Common Files\Oracle\Java\javapath;C:\Windows\system32;C:\Windows;C:\Windows\System32\Wbem;C:\Windows\System32\WindowsPowerShell\v1.0\;C:\Windows\System32\OpenSSH\;C:\Program Files\dotnet\;C:\Program Files\Neovim\bin;E:\Node.js\;C:\Ruby34-x64\bin;C:\Users\mathe\AppData\Local\Programs\Python\Python313\Scripts\;C:\Users\mathe\AppData\Local\Programs\Python\Python313\;C:\Users\mathe\AppData\Local\Programs\Python\Launcher\;C:\Users\mathe\AppData\Local\Microsoft\WindowsApps;E:\Microsoft VS Code\bin;C:\Users\mathe\AppData\Local\GitHubDesktop\bin;C:\Users\mathe\AppData\Local\Muse Hub\lib;C:\Users\mathe\AppData\Roaming\npm;C:\VSCode\bin;C:\msys64\ucrt64\bin;C:\Ruby34-x64\msys64\mingw64\bin;;c:\Users\mathe\AppData\Roaming\Code\User\globalStorage\github.copilot-chat\debugCommand" ASAN_OPTIONS=detect_leaks=0 "gcc -o conftest.exe -IC:/Ruby34-x64/include/ruby-3.4.0/x64-mingw-ucrt -IC:/Ruby34-x64/include/ruby-3.4.0/ruby/backward -IC:/Ruby34-x64/include/ruby-3.4.0 -I. -D_WIN32_WINNT=0x0600 -D__MINGW_USE_VC2005_COMPAT -D_FILE_OFFSET_BITS=64  -O3 -fstack-protector-strong conftest.c -L. -LC:/Ruby34-x64/lib -L. -pipe -s -fstack-protector-strong -lpthread -Wl,--no-as-needed     -lx64-ucrt-ruby340  -lshell32 -lws2_32 -liphlpapi -limagehlp -lshlwapi -lbcrypt  "
conftest.c: In function 't':
conftest.c:17:57: error: 'rb_wait_for_single_fd' undeclared (first use in this function)
   17 | int t(void) { void ((*volatile p)()); p = (void ((*)()))rb_wait_for_single_fd; return !p; }
      |                                                         ^~~~~~~~~~~~~~~~~~~~~
conftest.c:17:57: note: each undeclared identifier is reported only once for each function it appears in
checked program was:
/* begin */
 1: #include "ruby.h"
 2: 
 3: #include <winsock2.h>
 4: #include <windows.h>
 5: 
 6: /*top*/
 7: extern int t(void);
 8: int main(int argc, char **argv)
 9: {
10:   if (argc > 1000000) {
11:     int (* volatile tp)(void)=(int (*)(void))&t;
12:     printf("%d", (*tp)());
13:   }
14: 
15:   return !!argv[argc];
16: }
17: int t(void) { void ((*volatile p)()); p = (void ((*)()))rb_wait_for_single_fd; return !p; }
/* end */

PATH=".;C:/Ruby34-x64/lib;C:\Ruby34-x64\bin;C:\Ruby34-x64\msys64\ucrt64\bin;C:\Ruby34-x64\msys64\usr\bin;C:\Ruby34-x64\bin;C:\Users\mathe\.local\share\gem\ruby\3.4.0\bin;C:\Program Files (x86)\Common Files\Oracle\Java\java8path;C:\Program Files (x86)\Common Files\Oracle\Java\javapath;C:\Windows\system32;C:\Windows;C:\Windows\System32\Wbem;C:\Windows\System32\WindowsPowerShell\v1.0\;C:\Windows\System32\OpenSSH\;C:\Program Files\dotnet\;C:\Program Files\Neovim\bin;E:\Node.js\;C:\Ruby34-x64\bin;C:\Users\mathe\AppData\Local\Programs\Python\Python313\Scripts\;C:\Users\mathe\AppData\Local\Programs\Python\Python313\;C:\Users\mathe\AppData\Local\Programs\Python\Launcher\;C:\Users\mathe\AppData\Local\Microsoft\WindowsApps;E:\Microsoft VS Code\bin;C:\Users\mathe\AppData\Local\GitHubDesktop\bin;C:\Users\mathe\AppData\Local\Muse Hub\lib;C:\Users\mathe\AppData\Roaming\npm;C:\VSCode\bin;C:\msys64\ucrt64\bin;C:\Ruby34-x64\msys64\mingw64\bin;;c:\Users\mathe\AppData\Roaming\Code\User\globalStorage\github.copilot-chat\debugCommand" ASAN_OPTIONS=detect_leaks=0 "gcc -o conftest.exe -IC:/Ruby34-x64/include/ruby-3.4.0/x64-mingw-ucrt -IC:/Ruby34-x64/include/ruby-3.4.0/ruby/backward -IC:/Ruby34-x64/include/ruby-3.4.0 -I. -D_WIN32_WINNT=0x0600 -D__MINGW_USE_VC2005_COMPAT -D_FILE_OFFSET_BITS=64  -O3 -fstack-protector-strong conftest.c -L. -LC:/Ruby34-x64/lib -L. -pipe -s -fstack-protector-strong -lpthread -Wl,--no-as-needed     -lx64-ucrt-ruby340  -lshell32 -lws2_32 -liphlpapi -limagehlp -lshlwapi -lbcrypt  "
checked program was:
/* begin */
 1: #include "ruby.h"
 2: 
 3: #include <winsock2.h>
 4: #include <windows.h>
 5: 
 6: /*top*/
 7: extern int t(void);
 8: int main(int argc, char **argv)
 9: {
10:   if (argc > 1000000) {
11:     int (* volatile tp)(void)=(int (*)(void))&t;
12:     printf("%d", (*tp)());
13:   }
14: 
15:   return !!argv[argc];
16: }
17: extern void rb_wait_for_single_fd();
18: int t(void) { rb_wait_for_single_fd(); return 0; }
/* end */

--------------------

have_func: checking for rb_enc_interned_str() in ruby.h... -------------------- yes

PATH=".;C:/Ruby34-x64/lib;C:\Ruby34-x64\bin;C:\Ruby34-x64\msys64\ucrt64\bin;C:\Ruby34-x64\msys64\usr\bin;C:\Ruby34-x64\bin;C:\Users\mathe\.local\share\gem\ruby\3.4.0\bin;C:\Program Files (x86)\Common Files\Oracle\Java\java8path;C:\Program Files (x86)\Common Files\Oracle\Java\javapath;C:\Windows\system32;C:\Windows;C:\Windows\System32\Wbem;C:\Windows\System32\WindowsPowerShell\v1.0\;C:\Windows\System32\OpenSSH\;C:\Program Files\dotnet\;C:\Program Files\Neovim\bin;E:\Node.js\;C:\Ruby34-x64\bin;C:\Users\mathe\AppData\Local\Programs\Python\Python313\Scripts\;C:\Users\mathe\AppData\Local\Programs\Python\Python313\;C:\Users\mathe\AppData\Local\Programs\Python\Launcher\;C:\Users\mathe\AppData\Local\Microsoft\WindowsApps;E:\Microsoft VS Code\bin;C:\Users\mathe\AppData\Local\GitHubDesktop\bin;C:\Users\mathe\AppData\Local\Muse Hub\lib;C:\Users\mathe\AppData\Roaming\npm;C:\VSCode\bin;C:\msys64\ucrt64\bin;C:\Ruby34-x64\msys64\mingw64\bin;;c:\Users\mathe\AppData\Roaming\Code\User\globalStorage\github.copilot-chat\debugCommand" ASAN_OPTIONS=detect_leaks=0 "gcc -o conftest.exe -IC:/Ruby34-x64/include/ruby-3.4.0/x64-mingw-ucrt -IC:/Ruby34-x64/include/ruby-3.4.0/ruby/backward -IC:/Ruby34-x64/include/ruby-3.4.0 -I. -D_WIN32_WINNT=0x0600 -D__MINGW_USE_VC2005_COMPAT -D_FILE_OFFSET_BITS=64  -O3 -fstack-protector-strong conftest.c -L. -LC:/Ruby34-x64/lib -L. -pipe -s -fstack-protector-strong -lpthread -Wl,--no-as-needed     -lx64-ucrt-ruby340  -lshell32 -lws2_32 -liphlpapi -limagehlp -lshlwapi -lbcrypt  "
conftest.c: In function 't':
conftest.c:18:57: error: 'rb_enc_interned_str' undeclared (first use in this function); did you mean 'rb_interned_str'?
   18 | int t(void) { void ((*volatile p)()); p = (void ((*)()))rb_enc_interned_str; return !p; }
      |                                                         ^~~~~~~~~~~~~~~~~~~
      |                                                         rb_interned_str
conftest.c:18:57: note: each undeclared identifier is reported only once for each function it appears in
checked program was:
/* begin */
 1: #include "ruby.h"
 2: 
 3: #include <winsock2.h>
 4: #include <windows.h>
 5: #include <ruby.h>
 6: 
 7: /*top*/
 8: extern int t(void);
 9: int main(int argc, char **argv)
10: {
11:   if (argc > 1000000) {
12:     int (* volatile tp)(void)=(int (*)(void))&t;
13:     printf("%d", (*tp)());
14:   }
15: 
16:   return !!argv[argc];
17: }
18: int t(void) { void ((*volatile p)()); p = (void ((*)()))rb_enc_interned_str; return !p; }
/* end */

PATH=".;C:/Ruby34-x64/lib;C:\Ruby34-x64\bin;C:\Ruby34-x64\msys64\ucrt64\bin;C:\Ruby34-x64\msys64\usr\bin;C:\Ruby34-x64\bin;C:\Users\mathe\.local\share\gem\ruby\3.4.0\bin;C:\Program Files (x86)\Common Files\Oracle\Java\java8path;C:\Program Files (x86)\Common Files\Oracle\Java\javapath;C:\Windows\system32;C:\Windows;C:\Windows\System32\Wbem;C:\Windows\System32\WindowsPowerShell\v1.0\;C:\Windows\System32\OpenSSH\;C:\Program Files\dotnet\;C:\Program Files\Neovim\bin;E:\Node.js\;C:\Ruby34-x64\bin;C:\Users\mathe\AppData\Local\Programs\Python\Python313\Scripts\;C:\Users\mathe\AppData\Local\Programs\Python\Python313\;C:\Users\mathe\AppData\Local\Programs\Python\Launcher\;C:\Users\mathe\AppData\Local\Microsoft\WindowsApps;E:\Microsoft VS Code\bin;C:\Users\mathe\AppData\Local\GitHubDesktop\bin;C:\Users\mathe\AppData\Local\Muse Hub\lib;C:\Users\mathe\AppData\Roaming\npm;C:\VSCode\bin;C:\msys64\ucrt64\bin;C:\Ruby34-x64\msys64\mingw64\bin;;c:\Users\mathe\AppData\Roaming\Code\User\globalStorage\github.copilot-chat\debugCommand" ASAN_OPTIONS=detect_leaks=0 "gcc -o conftest.exe -IC:/Ruby34-x64/include/ruby-3.4.0/x64-mingw-ucrt -IC:/Ruby34-x64/include/ruby-3.4.0/ruby/backward -IC:/Ruby34-x64/include/ruby-3.4.0 -I. -D_WIN32_WINNT=0x0600 -D__MINGW_USE_VC2005_COMPAT -D_FILE_OFFSET_BITS=64  -O3 -fstack-protector-strong conftest.c -L. -LC:/Ruby34-x64/lib -L. -pipe -s -fstack-protector-strong -lpthread -Wl,--no-as-needed     -lx64-ucrt-ruby340  -lshell32 -lws2_32 -liphlpapi -limagehlp -lshlwapi -lbcrypt  "
checked program was:
/* begin */
 1: #include "ruby.h"
 2: 
 3: #include <winsock2.h>
 4: #include <windows.h>
 5: #include <ruby.h>
 6: 
 7: /*top*/
 8: extern int t(void);
 9: int main(int argc, char **argv)
10: {
11:   if (argc > 1000000) {
12:     int (* volatile tp)(void)=(int (*)(void))&t;
13:     printf("%d", (*tp)());
14:   }
15: 
16:   return !!argv[argc];
17: }
18: extern void rb_enc_interned_str();
19: int t(void) { rb_enc_interned_str(); return 0; }
/* end */

--------------------

find_library: checking for -lmysqlclient... -------------------- yes

PATH=".;C:/Ruby34-x64/lib;C:\Ruby34-x64\bin;C:\Ruby34-x64\msys64\ucrt64\bin;C:\Ruby34-x64\msys64\usr\bin;C:\Ruby34-x64\bin;C:\Users\mathe\.local\share\gem\ruby\3.4.0\bin;C:\Program Files (x86)\Common Files\Oracle\Java\java8path;C:\Program Files (x86)\Common Files\Oracle\Java\javapath;C:\Windows\system32;C:\Windows;C:\Windows\System32\Wbem;C:\Windows\System32\WindowsPowerShell\v1.0\;C:\Windows\System32\OpenSSH\;C:\Program Files\dotnet\;C:\Program Files\Neovim\bin;E:\Node.js\;C:\Ruby34-x64\bin;C:\Users\mathe\AppData\Local\Programs\Python\Python313\Scripts\;C:\Users\mathe\AppData\Local\Programs\Python\Python313\;C:\Users\mathe\AppData\Local\Programs\Python\Launcher\;C:\Users\mathe\AppData\Local\Microsoft\WindowsApps;E:\Microsoft VS Code\bin;C:\Users\mathe\AppData\Local\GitHubDesktop\bin;C:\Users\mathe\AppData\Local\Muse Hub\lib;C:\Users\mathe\AppData\Roaming\npm;C:\VSCode\bin;C:\msys64\ucrt64\bin;C:\Ruby34-x64\msys64\mingw64\bin;;c:\Users\mathe\AppData\Roaming\Code\User\globalStorage\github.copilot-chat\debugCommand" ASAN_OPTIONS=detect_leaks=0 "gcc -o conftest.exe -IC:/Ruby34-x64/include/ruby-3.4.0/x64-mingw-ucrt -IC:/Ruby34-x64/include/ruby-3.4.0/ruby/backward -IC:/Ruby34-x64/include/ruby-3.4.0 -I. -I/usr/local/include -D_WIN32_WINNT=0x0600 -D__MINGW_USE_VC2005_COMPAT -D_FILE_OFFSET_BITS=64  -O3 -fstack-protector-strong conftest.c -L. -LC:/Ruby34-x64/lib -L/usr/local/lib -L. -pipe -s -fstack-protector-strong -lpthread -Wl,--no-as-needed     -lx64-ucrt-ruby340 -lmysqlclient  -lshell32 -lws2_32 -liphlpapi -limagehlp -lshlwapi -lbcrypt  "
checked program was:
/* begin */
 1: #include "ruby.h"
 2: 
 3: #include <winsock2.h>
 4: #include <windows.h>
 5: 
 6: /*top*/
 7: extern int t(void);
 8: int main(int argc, char **argv)
 9: {
10:   if (argc > 1000000) {
11:     int (* volatile tp)(void)=(int (*)(void))&t;
12:     printf("%d", (*tp)());
13:   }
14: 
15:   return !!argv[argc];
16: }
17: 
18: int t(void) { ; return 0; }
/* end */

--------------------

have_header: checking for mysql.h... -------------------- no

PATH=".;C:/Ruby34-x64/lib;C:\Ruby34-x64\bin;C:\Ruby34-x64\msys64\ucrt64\bin;C:\Ruby34-x64\msys64\usr\bin;C:\Ruby34-x64\bin;C:\Users\mathe\.local\share\gem\ruby\3.4.0\bin;C:\Program Files (x86)\Common Files\Oracle\Java\java8path;C:\Program Files (x86)\Common Files\Oracle\Java\javapath;C:\Windows\system32;C:\Windows;C:\Windows\System32\Wbem;C:\Windows\System32\WindowsPowerShell\v1.0\;C:\Windows\System32\OpenSSH\;C:\Program Files\dotnet\;C:\Program Files\Neovim\bin;E:\Node.js\;C:\Ruby34-x64\bin;C:\Users\mathe\AppData\Local\Programs\Python\Python313\Scripts\;C:\Users\mathe\AppData\Local\Programs\Python\Python313\;C:\Users\mathe\AppData\Local\Programs\Python\Launcher\;C:\Users\mathe\AppData\Local\Microsoft\WindowsApps;E:\Microsoft VS Code\bin;C:\Users\mathe\AppData\Local\GitHubDesktop\bin;C:\Users\mathe\AppData\Local\Muse Hub\lib;C:\Users\mathe\AppData\Roaming\npm;C:\VSCode\bin;C:\msys64\ucrt64\bin;C:\Ruby34-x64\msys64\mingw64\bin;;c:\Users\mathe\AppData\Roaming\Code\User\globalStorage\github.copilot-chat\debugCommand" ASAN_OPTIONS=detect_leaks=0 "gcc -IC:/Ruby34-x64/include/ruby-3.4.0/x64-mingw-ucrt -IC:/Ruby34-x64/include/ruby-3.4.0/ruby/backward -IC:/Ruby34-x64/include/ruby-3.4.0 -I. -I/usr/local/include -D_WIN32_WINNT=0x0600 -D__MINGW_USE_VC2005_COMPAT -D_FILE_OFFSET_BITS=64  -O3 -fstack-protector-strong   -c conftest.c"
conftest.c:5:10: fatal error: mysql.h: No such file or directory
    5 | #include <mysql.h>
      |          ^~~~~~~~~
compilation terminated.
checked program was:
/* begin */
1: #include "ruby.h"
2: 
3: #include <winsock2.h>
4: #include <windows.h>
5: #include <mysql.h>
/* end */

--------------------

have_header: checking for mysql/mysql.h... -------------------- yes

PATH=".;C:/Ruby34-x64/lib;C:\Ruby34-x64\bin;C:\Ruby34-x64\msys64\ucrt64\bin;C:\Ruby34-x64\msys64\usr\bin;C:\Ruby34-x64\bin;C:\Users\mathe\.local\share\gem\ruby\3.4.0\bin;C:\Program Files (x86)\Common Files\Oracle\Java\java8path;C:\Program Files (x86)\Common Files\Oracle\Java\javapath;C:\Windows\system32;C:\Windows;C:\Windows\System32\Wbem;C:\Windows\System32\WindowsPowerShell\v1.0\;C:\Windows\System32\OpenSSH\;C:\Program Files\dotnet\;C:\Program Files\Neovim\bin;E:\Node.js\;C:\Ruby34-x64\bin;C:\Users\mathe\AppData\Local\Programs\Python\Python313\Scripts\;C:\Users\mathe\AppData\Local\Programs\Python\Python313\;C:\Users\mathe\AppData\Local\Programs\Python\Launcher\;C:\Users\mathe\AppData\Local\Microsoft\WindowsApps;E:\Microsoft VS Code\bin;C:\Users\mathe\AppData\Local\GitHubDesktop\bin;C:\Users\mathe\AppData\Local\Muse Hub\lib;C:\Users\mathe\AppData\Roaming\npm;C:\VSCode\bin;C:\msys64\ucrt64\bin;C:\Ruby34-x64\msys64\mingw64\bin;;c:\Users\mathe\AppData\Roaming\Code\User\globalStorage\github.copilot-chat\debugCommand" ASAN_OPTIONS=detect_leaks=0 "gcc -IC:/Ruby34-x64/include/ruby-3.4.0/x64-mingw-ucrt -IC:/Ruby34-x64/include/ruby-3.4.0/ruby/backward -IC:/Ruby34-x64/include/ruby-3.4.0 -I. -I/usr/local/include -D_WIN32_WINNT=0x0600 -D__MINGW_USE_VC2005_COMPAT -D_FILE_OFFSET_BITS=64  -O3 -fstack-protector-strong   -c conftest.c"
checked program was:
/* begin */
1: #include "ruby.h"
2: 
3: #include <winsock2.h>
4: #include <windows.h>
5: #include <mysql/mysql.h>
/* end */

--------------------

have_header: checking for mysql/errmsg.h... -------------------- yes

PATH=".;C:/Ruby34-x64/lib;C:\Ruby34-x64\bin;C:\Ruby34-x64\msys64\ucrt64\bin;C:\Ruby34-x64\msys64\usr\bin;C:\Ruby34-x64\bin;C:\Users\mathe\.local\share\gem\ruby\3.4.0\bin;C:\Program Files (x86)\Common Files\Oracle\Java\java8path;C:\Program Files (x86)\Common Files\Oracle\Java\javapath;C:\Windows\system32;C:\Windows;C:\Windows\System32\Wbem;C:\Windows\System32\WindowsPowerShell\v1.0\;C:\Windows\System32\OpenSSH\;C:\Program Files\dotnet\;C:\Program Files\Neovim\bin;E:\Node.js\;C:\Ruby34-x64\bin;C:\Users\mathe\AppData\Local\Programs\Python\Python313\Scripts\;C:\Users\mathe\AppData\Local\Programs\Python\Python313\;C:\Users\mathe\AppData\Local\Programs\Python\Launcher\;C:\Users\mathe\AppData\Local\Microsoft\WindowsApps;E:\Microsoft VS Code\bin;C:\Users\mathe\AppData\Local\GitHubDesktop\bin;C:\Users\mathe\AppData\Local\Muse Hub\lib;C:\Users\mathe\AppData\Roaming\npm;C:\VSCode\bin;C:\msys64\ucrt64\bin;C:\Ruby34-x64\msys64\mingw64\bin;;c:\Users\mathe\AppData\Roaming\Code\User\globalStorage\github.copilot-chat\debugCommand" ASAN_OPTIONS=detect_leaks=0 "gcc -IC:/Ruby34-x64/include/ruby-3.4.0/x64-mingw-ucrt -IC:/Ruby34-x64/include/ruby-3.4.0/ruby/backward -IC:/Ruby34-x64/include/ruby-3.4.0 -I. -I/usr/local/include -D_WIN32_WINNT=0x0600 -D__MINGW_USE_VC2005_COMPAT -D_FILE_OFFSET_BITS=64  -O3 -fstack-protector-strong   -c conftest.c"
checked program was:
/* begin */
1: #include "ruby.h"
2: 
3: #include <winsock2.h>
4: #include <windows.h>
5: #include <mysql/errmsg.h>
/* end */

--------------------

have_const: checking for SSL_MODE_DISABLED in mysql/mysql.h... -------------------- no

PATH=".;C:/Ruby34-x64/lib;C:\Ruby34-x64\bin;C:\Ruby34-x64\msys64\ucrt64\bin;C:\Ruby34-x64\msys64\usr\bin;C:\Ruby34-x64\bin;C:\Users\mathe\.local\share\gem\ruby\3.4.0\bin;C:\Program Files (x86)\Common Files\Oracle\Java\java8path;C:\Program Files (x86)\Common Files\Oracle\Java\javapath;C:\Windows\system32;C:\Windows;C:\Windows\System32\Wbem;C:\Windows\System32\WindowsPowerShell\v1.0\;C:\Windows\System32\OpenSSH\;C:\Program Files\dotnet\;C:\Program Files\Neovim\bin;E:\Node.js\;C:\Ruby34-x64\bin;C:\Users\mathe\AppData\Local\Programs\Python\Python313\Scripts\;C:\Users\mathe\AppData\Local\Programs\Python\Python313\;C:\Users\mathe\AppData\Local\Programs\Python\Launcher\;C:\Users\mathe\AppData\Local\Microsoft\WindowsApps;E:\Microsoft VS Code\bin;C:\Users\mathe\AppData\Local\GitHubDesktop\bin;C:\Users\mathe\AppData\Local\Muse Hub\lib;C:\Users\mathe\AppData\Roaming\npm;C:\VSCode\bin;C:\msys64\ucrt64\bin;C:\Ruby34-x64\msys64\mingw64\bin;;c:\Users\mathe\AppData\Roaming\Code\User\globalStorage\github.copilot-chat\debugCommand" ASAN_OPTIONS=detect_leaks=0 "gcc -IC:/Ruby34-x64/include/ruby-3.4.0/x64-mingw-ucrt -IC:/Ruby34-x64/include/ruby-3.4.0/ruby/backward -IC:/Ruby34-x64/include/ruby-3.4.0 -I. -I/usr/local/include -D_WIN32_WINNT=0x0600 -D__MINGW_USE_VC2005_COMPAT -D_FILE_OFFSET_BITS=64  -O3 -fstack-protector-strong   -c conftest.c"
conftest.c:9:34: error: 'SSL_MODE_DISABLED' undeclared here (not in a function); did you mean 'ODS_DISABLED'?
    9 | conftest_type conftestval = (int)SSL_MODE_DISABLED;
      |                                  ^~~~~~~~~~~~~~~~~
      |                                  ODS_DISABLED
checked program was:
/* begin */
1: #include "ruby.h"
2: 
3: #include <winsock2.h>
4: #include <windows.h>
5: #include <mysql/mysql.h>
6: 
7: /*top*/
8: typedef int conftest_type;
9: conftest_type conftestval = (int)SSL_MODE_DISABLED;
/* end */

--------------------

have_const: checking for MYSQL_OPT_SSL_VERIFY_SERVER_CERT in mysql/mysql.h... -------------------- yes

PATH=".;C:/Ruby34-x64/lib;C:\Ruby34-x64\bin;C:\Ruby34-x64\msys64\ucrt64\bin;C:\Ruby34-x64\msys64\usr\bin;C:\Ruby34-x64\bin;C:\Users\mathe\.local\share\gem\ruby\3.4.0\bin;C:\Program Files (x86)\Common Files\Oracle\Java\java8path;C:\Program Files (x86)\Common Files\Oracle\Java\javapath;C:\Windows\system32;C:\Windows;C:\Windows\System32\Wbem;C:\Windows\System32\WindowsPowerShell\v1.0\;C:\Windows\System32\OpenSSH\;C:\Program Files\dotnet\;C:\Program Files\Neovim\bin;E:\Node.js\;C:\Ruby34-x64\bin;C:\Users\mathe\AppData\Local\Programs\Python\Python313\Scripts\;C:\Users\mathe\AppData\Local\Programs\Python\Python313\;C:\Users\mathe\AppData\Local\Programs\Python\Launcher\;C:\Users\mathe\AppData\Local\Microsoft\WindowsApps;E:\Microsoft VS Code\bin;C:\Users\mathe\AppData\Local\GitHubDesktop\bin;C:\Users\mathe\AppData\Local\Muse Hub\lib;C:\Users\mathe\AppData\Roaming\npm;C:\VSCode\bin;C:\msys64\ucrt64\bin;C:\Ruby34-x64\msys64\mingw64\bin;;c:\Users\mathe\AppData\Roaming\Code\User\globalStorage\github.copilot-chat\debugCommand" ASAN_OPTIONS=detect_leaks=0 "gcc -IC:/Ruby34-x64/include/ruby-3.4.0/x64-mingw-ucrt -IC:/Ruby34-x64/include/ruby-3.4.0/ruby/backward -IC:/Ruby34-x64/include/ruby-3.4.0 -I. -I/usr/local/include -D_WIN32_WINNT=0x0600 -D__MINGW_USE_VC2005_COMPAT -D_FILE_OFFSET_BITS=64  -O3 -fstack-protector-strong   -c conftest.c"
checked program was:
/* begin */
1: #include "ruby.h"
2: 
3: #include <winsock2.h>
4: #include <windows.h>
5: #include <mysql/mysql.h>
6: 
7: /*top*/
8: typedef int conftest_type;
9: conftest_type conftestval = (int)MYSQL_OPT_SSL_VERIFY_SERVER_CERT;
/* end */

--------------------

have_const: checking for MYSQL_OPT_SSL_ENFORCE in mysql/mysql.h... -------------------- yes

PATH=".;C:/Ruby34-x64/lib;C:\Ruby34-x64\bin;C:\Ruby34-x64\msys64\ucrt64\bin;C:\Ruby34-x64\msys64\usr\bin;C:\Ruby34-x64\bin;C:\Users\mathe\.local\share\gem\ruby\3.4.0\bin;C:\Program Files (x86)\Common Files\Oracle\Java\java8path;C:\Program Files (x86)\Common Files\Oracle\Java\javapath;C:\Windows\system32;C:\Windows;C:\Windows\System32\Wbem;C:\Windows\System32\WindowsPowerShell\v1.0\;C:\Windows\System32\OpenSSH\;C:\Program Files\dotnet\;C:\Program Files\Neovim\bin;E:\Node.js\;C:\Ruby34-x64\bin;C:\Users\mathe\AppData\Local\Programs\Python\Python313\Scripts\;C:\Users\mathe\AppData\Local\Programs\Python\Python313\;C:\Users\mathe\AppData\Local\Programs\Python\Launcher\;C:\Users\mathe\AppData\Local\Microsoft\WindowsApps;E:\Microsoft VS Code\bin;C:\Users\mathe\AppData\Local\GitHubDesktop\bin;C:\Users\mathe\AppData\Local\Muse Hub\lib;C:\Users\mathe\AppData\Roaming\npm;C:\VSCode\bin;C:\msys64\ucrt64\bin;C:\Ruby34-x64\msys64\mingw64\bin;;c:\Users\mathe\AppData\Roaming\Code\User\globalStorage\github.copilot-chat\debugCommand" ASAN_OPTIONS=detect_leaks=0 "gcc -IC:/Ruby34-x64/include/ruby-3.4.0/x64-mingw-ucrt -IC:/Ruby34-x64/include/ruby-3.4.0/ruby/backward -IC:/Ruby34-x64/include/ruby-3.4.0 -I. -I/usr/local/include -D_WIN32_WINNT=0x0600 -D__MINGW_USE_VC2005_COMPAT -D_FILE_OFFSET_BITS=64  -O3 -fstack-protector-strong   -c conftest.c"
checked program was:
/* begin */
1: #include "ruby.h"
2: 
3: #include <winsock2.h>
4: #include <windows.h>
5: #include <mysql/mysql.h>
6: 
7: /*top*/
8: typedef int conftest_type;
9: conftest_type conftestval = (int)MYSQL_OPT_SSL_ENFORCE;
/* end */

--------------------

have_struct_member: checking for MYSQL.net.vio in mysql/mysql.h... -------------------- no

PATH=".;C:/Ruby34-x64/lib;C:\Ruby34-x64\bin;C:\Ruby34-x64\msys64\ucrt64\bin;C:\Ruby34-x64\msys64\usr\bin;C:\Ruby34-x64\bin;C:\Users\mathe\.local\share\gem\ruby\3.4.0\bin;C:\Program Files (x86)\Common Files\Oracle\Java\java8path;C:\Program Files (x86)\Common Files\Oracle\Java\javapath;C:\Windows\system32;C:\Windows;C:\Windows\System32\Wbem;C:\Windows\System32\WindowsPowerShell\v1.0\;C:\Windows\System32\OpenSSH\;C:\Program Files\dotnet\;C:\Program Files\Neovim\bin;E:\Node.js\;C:\Ruby34-x64\bin;C:\Users\mathe\AppData\Local\Programs\Python\Python313\Scripts\;C:\Users\mathe\AppData\Local\Programs\Python\Python313\;C:\Users\mathe\AppData\Local\Programs\Python\Launcher\;C:\Users\mathe\AppData\Local\Microsoft\WindowsApps;E:\Microsoft VS Code\bin;C:\Users\mathe\AppData\Local\GitHubDesktop\bin;C:\Users\mathe\AppData\Local\Muse Hub\lib;C:\Users\mathe\AppData\Roaming\npm;C:\VSCode\bin;C:\msys64\ucrt64\bin;C:\Ruby34-x64\msys64\mingw64\bin;;c:\Users\mathe\AppData\Roaming\Code\User\globalStorage\github.copilot-chat\debugCommand" ASAN_OPTIONS=detect_leaks=0 "gcc -IC:/Ruby34-x64/include/ruby-3.4.0/x64-mingw-ucrt -IC:/Ruby34-x64/include/ruby-3.4.0/ruby/backward -IC:/Ruby34-x64/include/ruby-3.4.0 -I. -I/usr/local/include -D_WIN32_WINNT=0x0600 -D__MINGW_USE_VC2005_COMPAT -D_FILE_OFFSET_BITS=64  -O3 -fstack-protector-strong   -c conftest.c"
conftest.c:8:35: error: 'NET' {aka 'struct st_net'} has no member named 'vio'; did you mean 'pvio'?
    8 | int s = (char *)&((MYSQL*)0)->net.vio - (char *)0;
      |                                   ^~~
      |                                   pvio
checked program was:
/* begin */
 1: #include "ruby.h"
 2: 
 3: #include <winsock2.h>
 4: #include <windows.h>
 5: #include <mysql/mysql.h>
 6: 
 7: /*top*/
 8: int s = (char *)&((MYSQL*)0)->net.vio - (char *)0;
 9: int main(int argc, char **argv)
10: {
11:   return !!argv[argc];
12: }
/* end */

--------------------

have_struct_member: checking for MYSQL.net.pvio in mysql/mysql.h... -------------------- yes

PATH=".;C:/Ruby34-x64/lib;C:\Ruby34-x64\bin;C:\Ruby34-x64\msys64\ucrt64\bin;C:\Ruby34-x64\msys64\usr\bin;C:\Ruby34-x64\bin;C:\Users\mathe\.local\share\gem\ruby\3.4.0\bin;C:\Program Files (x86)\Common Files\Oracle\Java\java8path;C:\Program Files (x86)\Common Files\Oracle\Java\javapath;C:\Windows\system32;C:\Windows;C:\Windows\System32\Wbem;C:\Windows\System32\WindowsPowerShell\v1.0\;C:\Windows\System32\OpenSSH\;C:\Program Files\dotnet\;C:\Program Files\Neovim\bin;E:\Node.js\;C:\Ruby34-x64\bin;C:\Users\mathe\AppData\Local\Programs\Python\Python313\Scripts\;C:\Users\mathe\AppData\Local\Programs\Python\Python313\;C:\Users\mathe\AppData\Local\Programs\Python\Launcher\;C:\Users\mathe\AppData\Local\Microsoft\WindowsApps;E:\Microsoft VS Code\bin;C:\Users\mathe\AppData\Local\GitHubDesktop\bin;C:\Users\mathe\AppData\Local\Muse Hub\lib;C:\Users\mathe\AppData\Roaming\npm;C:\VSCode\bin;C:\msys64\ucrt64\bin;C:\Ruby34-x64\msys64\mingw64\bin;;c:\Users\mathe\AppData\Roaming\Code\User\globalStorage\github.copilot-chat\debugCommand" ASAN_OPTIONS=detect_leaks=0 "gcc -IC:/Ruby34-x64/include/ruby-3.4.0/x64-mingw-ucrt -IC:/Ruby34-x64/include/ruby-3.4.0/ruby/backward -IC:/Ruby34-x64/include/ruby-3.4.0 -I. -I/usr/local/include -D_WIN32_WINNT=0x0600 -D__MINGW_USE_VC2005_COMPAT -D_FILE_OFFSET_BITS=64  -O3 -fstack-protector-strong   -c conftest.c"
checked program was:
/* begin */
 1: #include "ruby.h"
 2: 
 3: #include <winsock2.h>
 4: #include <windows.h>
 5: #include <mysql/mysql.h>
 6: 
 7: /*top*/
 8: int s = (char *)&((MYSQL*)0)->net.pvio - (char *)0;
 9: int main(int argc, char **argv)
10: {
11:   return !!argv[argc];
12: }
/* end */

--------------------

have_const: checking for MYSQL_DEFAULT_AUTH in mysql/mysql.h... -------------------- yes

PATH=".;C:/Ruby34-x64/lib;C:\Ruby34-x64\bin;C:\Ruby34-x64\msys64\ucrt64\bin;C:\Ruby34-x64\msys64\usr\bin;C:\Ruby34-x64\bin;C:\Users\mathe\.local\share\gem\ruby\3.4.0\bin;C:\Program Files (x86)\Common Files\Oracle\Java\java8path;C:\Program Files (x86)\Common Files\Oracle\Java\javapath;C:\Windows\system32;C:\Windows;C:\Windows\System32\Wbem;C:\Windows\System32\WindowsPowerShell\v1.0\;C:\Windows\System32\OpenSSH\;C:\Program Files\dotnet\;C:\Program Files\Neovim\bin;E:\Node.js\;C:\Ruby34-x64\bin;C:\Users\mathe\AppData\Local\Programs\Python\Python313\Scripts\;C:\Users\mathe\AppData\Local\Programs\Python\Python313\;C:\Users\mathe\AppData\Local\Programs\Python\Launcher\;C:\Users\mathe\AppData\Local\Microsoft\WindowsApps;E:\Microsoft VS Code\bin;C:\Users\mathe\AppData\Local\GitHubDesktop\bin;C:\Users\mathe\AppData\Local\Muse Hub\lib;C:\Users\mathe\AppData\Roaming\npm;C:\VSCode\bin;C:\msys64\ucrt64\bin;C:\Ruby34-x64\msys64\mingw64\bin;;c:\Users\mathe\AppData\Roaming\Code\User\globalStorage\github.copilot-chat\debugCommand" ASAN_OPTIONS=detect_leaks=0 "gcc -IC:/Ruby34-x64/include/ruby-3.4.0/x64-mingw-ucrt -IC:/Ruby34-x64/include/ruby-3.4.0/ruby/backward -IC:/Ruby34-x64/include/ruby-3.4.0 -I. -I/usr/local/include -D_WIN32_WINNT=0x0600 -D__MINGW_USE_VC2005_COMPAT -D_FILE_OFFSET_BITS=64  -O3 -fstack-protector-strong   -c conftest.c"
checked program was:
/* begin */
1: #include "ruby.h"
2: 
3: #include <winsock2.h>
4: #include <windows.h>
5: #include <mysql/mysql.h>
6: 
7: /*top*/
8: typedef int conftest_type;
9: conftest_type conftestval = (int)MYSQL_DEFAULT_AUTH;
/* end */

--------------------

have_const: checking for MYSQL_ENABLE_CLEARTEXT_PLUGIN in mysql/mysql.h... -------------------- yes

PATH=".;C:/Ruby34-x64/lib;C:\Ruby34-x64\bin;C:\Ruby34-x64\msys64\ucrt64\bin;C:\Ruby34-x64\msys64\usr\bin;C:\Ruby34-x64\bin;C:\Users\mathe\.local\share\gem\ruby\3.4.0\bin;C:\Program Files (x86)\Common Files\Oracle\Java\java8path;C:\Program Files (x86)\Common Files\Oracle\Java\javapath;C:\Windows\system32;C:\Windows;C:\Windows\System32\Wbem;C:\Windows\System32\WindowsPowerShell\v1.0\;C:\Windows\System32\OpenSSH\;C:\Program Files\dotnet\;C:\Program Files\Neovim\bin;E:\Node.js\;C:\Ruby34-x64\bin;C:\Users\mathe\AppData\Local\Programs\Python\Python313\Scripts\;C:\Users\mathe\AppData\Local\Programs\Python\Python313\;C:\Users\mathe\AppData\Local\Programs\Python\Launcher\;C:\Users\mathe\AppData\Local\Microsoft\WindowsApps;E:\Microsoft VS Code\bin;C:\Users\mathe\AppData\Local\GitHubDesktop\bin;C:\Users\mathe\AppData\Local\Muse Hub\lib;C:\Users\mathe\AppData\Roaming\npm;C:\VSCode\bin;C:\msys64\ucrt64\bin;C:\Ruby34-x64\msys64\mingw64\bin;;c:\Users\mathe\AppData\Roaming\Code\User\globalStorage\github.copilot-chat\debugCommand" ASAN_OPTIONS=detect_leaks=0 "gcc -IC:/Ruby34-x64/include/ruby-3.4.0/x64-mingw-ucrt -IC:/Ruby34-x64/include/ruby-3.4.0/ruby/backward -IC:/Ruby34-x64/include/ruby-3.4.0 -I. -I/usr/local/include -D_WIN32_WINNT=0x0600 -D__MINGW_USE_VC2005_COMPAT -D_FILE_OFFSET_BITS=64  -O3 -fstack-protector-strong   -c conftest.c"
checked program was:
/* begin */
1: #include "ruby.h"
2: 
3: #include <winsock2.h>
4: #include <windows.h>
5: #include <mysql/mysql.h>
6: 
7: /*top*/
8: typedef int conftest_type;
9: conftest_type conftestval = (int)MYSQL_ENABLE_CLEARTEXT_PLUGIN;
/* end */

--------------------

have_const: checking for SERVER_QUERY_NO_GOOD_INDEX_USED in mysql/mysql.h... -------------------- yes

PATH=".;C:/Ruby34-x64/lib;C:\Ruby34-x64\bin;C:\Ruby34-x64\msys64\ucrt64\bin;C:\Ruby34-x64\msys64\usr\bin;C:\Ruby34-x64\bin;C:\Users\mathe\.local\share\gem\ruby\3.4.0\bin;C:\Program Files (x86)\Common Files\Oracle\Java\java8path;C:\Program Files (x86)\Common Files\Oracle\Java\javapath;C:\Windows\system32;C:\Windows;C:\Windows\System32\Wbem;C:\Windows\System32\WindowsPowerShell\v1.0\;C:\Windows\System32\OpenSSH\;C:\Program Files\dotnet\;C:\Program Files\Neovim\bin;E:\Node.js\;C:\Ruby34-x64\bin;C:\Users\mathe\AppData\Local\Programs\Python\Python313\Scripts\;C:\Users\mathe\AppData\Local\Programs\Python\Python313\;C:\Users\mathe\AppData\Local\Programs\Python\Launcher\;C:\Users\mathe\AppData\Local\Microsoft\WindowsApps;E:\Microsoft VS Code\bin;C:\Users\mathe\AppData\Local\GitHubDesktop\bin;C:\Users\mathe\AppData\Local\Muse Hub\lib;C:\Users\mathe\AppData\Roaming\npm;C:\VSCode\bin;C:\msys64\ucrt64\bin;C:\Ruby34-x64\msys64\mingw64\bin;;c:\Users\mathe\AppData\Roaming\Code\User\globalStorage\github.copilot-chat\debugCommand" ASAN_OPTIONS=detect_leaks=0 "gcc -IC:/Ruby34-x64/include/ruby-3.4.0/x64-mingw-ucrt -IC:/Ruby34-x64/include/ruby-3.4.0/ruby/backward -IC:/Ruby34-x64/include/ruby-3.4.0 -I. -I/usr/local/include -D_WIN32_WINNT=0x0600 -D__MINGW_USE_VC2005_COMPAT -D_FILE_OFFSET_BITS=64  -O3 -fstack-protector-strong   -c conftest.c"
checked program was:
/* begin */
1: #include "ruby.h"
2: 
3: #include <winsock2.h>
4: #include <windows.h>
5: #include <mysql/mysql.h>
6: 
7: /*top*/
8: typedef int conftest_type;
9: conftest_type conftestval = (int)SERVER_QUERY_NO_GOOD_INDEX_USED;
/* end */

--------------------

have_const: checking for SERVER_QUERY_NO_INDEX_USED in mysql/mysql.h... -------------------- yes

PATH=".;C:/Ruby34-x64/lib;C:\Ruby34-x64\bin;C:\Ruby34-x64\msys64\ucrt64\bin;C:\Ruby34-x64\msys64\usr\bin;C:\Ruby34-x64\bin;C:\Users\mathe\.local\share\gem\ruby\3.4.0\bin;C:\Program Files (x86)\Common Files\Oracle\Java\java8path;C:\Program Files (x86)\Common Files\Oracle\Java\javapath;C:\Windows\system32;C:\Windows;C:\Windows\System32\Wbem;C:\Windows\System32\WindowsPowerShell\v1.0\;C:\Windows\System32\OpenSSH\;C:\Program Files\dotnet\;C:\Program Files\Neovim\bin;E:\Node.js\;C:\Ruby34-x64\bin;C:\Users\mathe\AppData\Local\Programs\Python\Python313\Scripts\;C:\Users\mathe\AppData\Local\Programs\Python\Python313\;C:\Users\mathe\AppData\Local\Programs\Python\Launcher\;C:\Users\mathe\AppData\Local\Microsoft\WindowsApps;E:\Microsoft VS Code\bin;C:\Users\mathe\AppData\Local\GitHubDesktop\bin;C:\Users\mathe\AppData\Local\Muse Hub\lib;C:\Users\mathe\AppData\Roaming\npm;C:\VSCode\bin;C:\msys64\ucrt64\bin;C:\Ruby34-x64\msys64\mingw64\bin;;c:\Users\mathe\AppData\Roaming\Code\User\globalStorage\github.copilot-chat\debugCommand" ASAN_OPTIONS=detect_leaks=0 "gcc -IC:/Ruby34-x64/include/ruby-3.4.0/x64-mingw-ucrt -IC:/Ruby34-x64/include/ruby-3.4.0/ruby/backward -IC:/Ruby34-x64/include/ruby-3.4.0 -I. -I/usr/local/include -D_WIN32_WINNT=0x0600 -D__MINGW_USE_VC2005_COMPAT -D_FILE_OFFSET_BITS=64  -O3 -fstack-protector-strong   -c conftest.c"
checked program was:
/* begin */
1: #include "ruby.h"
2: 
3: #include <winsock2.h>
4: #include <windows.h>
5: #include <mysql/mysql.h>
6: 
7: /*top*/
8: typedef int conftest_type;
9: conftest_type conftestval = (int)SERVER_QUERY_NO_INDEX_USED;
/* end */

--------------------

have_const: checking for SERVER_QUERY_WAS_SLOW in mysql/mysql.h... -------------------- yes

PATH=".;C:/Ruby34-x64/lib;C:\Ruby34-x64\bin;C:\Ruby34-x64\msys64\ucrt64\bin;C:\Ruby34-x64\msys64\usr\bin;C:\Ruby34-x64\bin;C:\Users\mathe\.local\share\gem\ruby\3.4.0\bin;C:\Program Files (x86)\Common Files\Oracle\Java\java8path;C:\Program Files (x86)\Common Files\Oracle\Java\javapath;C:\Windows\system32;C:\Windows;C:\Windows\System32\Wbem;C:\Windows\System32\WindowsPowerShell\v1.0\;C:\Windows\System32\OpenSSH\;C:\Program Files\dotnet\;C:\Program Files\Neovim\bin;E:\Node.js\;C:\Ruby34-x64\bin;C:\Users\mathe\AppData\Local\Programs\Python\Python313\Scripts\;C:\Users\mathe\AppData\Local\Programs\Python\Python313\;C:\Users\mathe\AppData\Local\Programs\Python\Launcher\;C:\Users\mathe\AppData\Local\Microsoft\WindowsApps;E:\Microsoft VS Code\bin;C:\Users\mathe\AppData\Local\GitHubDesktop\bin;C:\Users\mathe\AppData\Local\Muse Hub\lib;C:\Users\mathe\AppData\Roaming\npm;C:\VSCode\bin;C:\msys64\ucrt64\bin;C:\Ruby34-x64\msys64\mingw64\bin;;c:\Users\mathe\AppData\Roaming\Code\User\globalStorage\github.copilot-chat\debugCommand" ASAN_OPTIONS=detect_leaks=0 "gcc -IC:/Ruby34-x64/include/ruby-3.4.0/x64-mingw-ucrt -IC:/Ruby34-x64/include/ruby-3.4.0/ruby/backward -IC:/Ruby34-x64/include/ruby-3.4.0 -I. -I/usr/local/include -D_WIN32_WINNT=0x0600 -D__MINGW_USE_VC2005_COMPAT -D_FILE_OFFSET_BITS=64  -O3 -fstack-protector-strong   -c conftest.c"
checked program was:
/* begin */
1: #include "ruby.h"
2: 
3: #include <winsock2.h>
4: #include <windows.h>
5: #include <mysql/mysql.h>
6: 
7: /*top*/
8: typedef int conftest_type;
9: conftest_type conftestval = (int)SERVER_QUERY_WAS_SLOW;
/* end */

--------------------

have_const: checking for MYSQL_OPTION_MULTI_STATEMENTS_ON in mysql/mysql.h... -------------------- yes

PATH=".;C:/Ruby34-x64/lib;C:\Ruby34-x64\bin;C:\Ruby34-x64\msys64\ucrt64\bin;C:\Ruby34-x64\msys64\usr\bin;C:\Ruby34-x64\bin;C:\Users\mathe\.local\share\gem\ruby\3.4.0\bin;C:\Program Files (x86)\Common Files\Oracle\Java\java8path;C:\Program Files (x86)\Common Files\Oracle\Java\javapath;C:\Windows\system32;C:\Windows;C:\Windows\System32\Wbem;C:\Windows\System32\WindowsPowerShell\v1.0\;C:\Windows\System32\OpenSSH\;C:\Program Files\dotnet\;C:\Program Files\Neovim\bin;E:\Node.js\;C:\Ruby34-x64\bin;C:\Users\mathe\AppData\Local\Programs\Python\Python313\Scripts\;C:\Users\mathe\AppData\Local\Programs\Python\Python313\;C:\Users\mathe\AppData\Local\Programs\Python\Launcher\;C:\Users\mathe\AppData\Local\Microsoft\WindowsApps;E:\Microsoft VS Code\bin;C:\Users\mathe\AppData\Local\GitHubDesktop\bin;C:\Users\mathe\AppData\Local\Muse Hub\lib;C:\Users\mathe\AppData\Roaming\npm;C:\VSCode\bin;C:\msys64\ucrt64\bin;C:\Ruby34-x64\msys64\mingw64\bin;;c:\Users\mathe\AppData\Roaming\Code\User\globalStorage\github.copilot-chat\debugCommand" ASAN_OPTIONS=detect_leaks=0 "gcc -IC:/Ruby34-x64/include/ruby-3.4.0/x64-mingw-ucrt -IC:/Ruby34-x64/include/ruby-3.4.0/ruby/backward -IC:/Ruby34-x64/include/ruby-3.4.0 -I. -I/usr/local/include -D_WIN32_WINNT=0x0600 -D__MINGW_USE_VC2005_COMPAT -D_FILE_OFFSET_BITS=64  -O3 -fstack-protector-strong   -c conftest.c"
checked program was:
/* begin */
1: #include "ruby.h"
2: 
3: #include <winsock2.h>
4: #include <windows.h>
5: #include <mysql/mysql.h>
6: 
7: /*top*/
8: typedef int conftest_type;
9: conftest_type conftestval = (int)MYSQL_OPTION_MULTI_STATEMENTS_ON;
/* end */

--------------------

have_const: checking for MYSQL_OPTION_MULTI_STATEMENTS_OFF in mysql/mysql.h... -------------------- yes

PATH=".;C:/Ruby34-x64/lib;C:\Ruby34-x64\bin;C:\Ruby34-x64\msys64\ucrt64\bin;C:\Ruby34-x64\msys64\usr\bin;C:\Ruby34-x64\bin;C:\Users\mathe\.local\share\gem\ruby\3.4.0\bin;C:\Program Files (x86)\Common Files\Oracle\Java\java8path;C:\Program Files (x86)\Common Files\Oracle\Java\javapath;C:\Windows\system32;C:\Windows;C:\Windows\System32\Wbem;C:\Windows\System32\WindowsPowerShell\v1.0\;C:\Windows\System32\OpenSSH\;C:\Program Files\dotnet\;C:\Program Files\Neovim\bin;E:\Node.js\;C:\Ruby34-x64\bin;C:\Users\mathe\AppData\Local\Programs\Python\Python313\Scripts\;C:\Users\mathe\AppData\Local\Programs\Python\Python313\;C:\Users\mathe\AppData\Local\Programs\Python\Launcher\;C:\Users\mathe\AppData\Local\Microsoft\WindowsApps;E:\Microsoft VS Code\bin;C:\Users\mathe\AppData\Local\GitHubDesktop\bin;C:\Users\mathe\AppData\Local\Muse Hub\lib;C:\Users\mathe\AppData\Roaming\npm;C:\VSCode\bin;C:\msys64\ucrt64\bin;C:\Ruby34-x64\msys64\mingw64\bin;;c:\Users\mathe\AppData\Roaming\Code\User\globalStorage\github.copilot-chat\debugCommand" ASAN_OPTIONS=detect_leaks=0 "gcc -IC:/Ruby34-x64/include/ruby-3.4.0/x64-mingw-ucrt -IC:/Ruby34-x64/include/ruby-3.4.0/ruby/backward -IC:/Ruby34-x64/include/ruby-3.4.0 -I. -I/usr/local/include -D_WIN32_WINNT=0x0600 -D__MINGW_USE_VC2005_COMPAT -D_FILE_OFFSET_BITS=64  -O3 -fstack-protector-strong   -c conftest.c"
checked program was:
/* begin */
1: #include "ruby.h"
2: 
3: #include <winsock2.h>
4: #include <windows.h>
5: #include <mysql/mysql.h>
6: 
7: /*top*/
8: typedef int conftest_type;
9: conftest_type conftestval = (int)MYSQL_OPTION_MULTI_STATEMENTS_OFF;
/* end */

--------------------

have_const: checking for MYSQL_OPT_GET_SERVER_PUBLIC_KEY in mysql/mysql.h... -------------------- no

PATH=".;C:/Ruby34-x64/lib;C:\Ruby34-x64\bin;C:\Ruby34-x64\msys64\ucrt64\bin;C:\Ruby34-x64\msys64\usr\bin;C:\Ruby34-x64\bin;C:\Users\mathe\.local\share\gem\ruby\3.4.0\bin;C:\Program Files (x86)\Common Files\Oracle\Java\java8path;C:\Program Files (x86)\Common Files\Oracle\Java\javapath;C:\Windows\system32;C:\Windows;C:\Windows\System32\Wbem;C:\Windows\System32\WindowsPowerShell\v1.0\;C:\Windows\System32\OpenSSH\;C:\Program Files\dotnet\;C:\Program Files\Neovim\bin;E:\Node.js\;C:\Ruby34-x64\bin;C:\Users\mathe\AppData\Local\Programs\Python\Python313\Scripts\;C:\Users\mathe\AppData\Local\Programs\Python\Python313\;C:\Users\mathe\AppData\Local\Programs\Python\Launcher\;C:\Users\mathe\AppData\Local\Microsoft\WindowsApps;E:\Microsoft VS Code\bin;C:\Users\mathe\AppData\Local\GitHubDesktop\bin;C:\Users\mathe\AppData\Local\Muse Hub\lib;C:\Users\mathe\AppData\Roaming\npm;C:\VSCode\bin;C:\msys64\ucrt64\bin;C:\Ruby34-x64\msys64\mingw64\bin;;c:\Users\mathe\AppData\Roaming\Code\User\globalStorage\github.copilot-chat\debugCommand" ASAN_OPTIONS=detect_leaks=0 "gcc -IC:/Ruby34-x64/include/ruby-3.4.0/x64-mingw-ucrt -IC:/Ruby34-x64/include/ruby-3.4.0/ruby/backward -IC:/Ruby34-x64/include/ruby-3.4.0 -I. -I/usr/local/include -D_WIN32_WINNT=0x0600 -D__MINGW_USE_VC2005_COMPAT -D_FILE_OFFSET_BITS=64  -O3 -fstack-protector-strong   -c conftest.c"
conftest.c:9:34: error: 'MYSQL_OPT_GET_SERVER_PUBLIC_KEY' undeclared here (not in a function); did you mean 'MYSQL_SERVER_PUBLIC_KEY'?
    9 | conftest_type conftestval = (int)MYSQL_OPT_GET_SERVER_PUBLIC_KEY;
      |                                  ^~~~~~~~~~~~~~~~~~~~~~~~~~~~~~~
      |                                  MYSQL_SERVER_PUBLIC_KEY
checked program was:
/* begin */
1: #include "ruby.h"
2: 
3: #include <winsock2.h>
4: #include <windows.h>
5: #include <mysql/mysql.h>
6: 
7: /*top*/
8: typedef int conftest_type;
9: conftest_type conftestval = (int)MYSQL_OPT_GET_SERVER_PUBLIC_KEY;
/* end */

--------------------

have_type: checking for my_bool in mysql/mysql.h... -------------------- yes

PATH=".;C:/Ruby34-x64/lib;C:\Ruby34-x64\bin;C:\Ruby34-x64\msys64\ucrt64\bin;C:\Ruby34-x64\msys64\usr\bin;C:\Ruby34-x64\bin;C:\Users\mathe\.local\share\gem\ruby\3.4.0\bin;C:\Program Files (x86)\Common Files\Oracle\Java\java8path;C:\Program Files (x86)\Common Files\Oracle\Java\javapath;C:\Windows\system32;C:\Windows;C:\Windows\System32\Wbem;C:\Windows\System32\WindowsPowerShell\v1.0\;C:\Windows\System32\OpenSSH\;C:\Program Files\dotnet\;C:\Program Files\Neovim\bin;E:\Node.js\;C:\Ruby34-x64\bin;C:\Users\mathe\AppData\Local\Programs\Python\Python313\Scripts\;C:\Users\mathe\AppData\Local\Programs\Python\Python313\;C:\Users\mathe\AppData\Local\Programs\Python\Launcher\;C:\Users\mathe\AppData\Local\Microsoft\WindowsApps;E:\Microsoft VS Code\bin;C:\Users\mathe\AppData\Local\GitHubDesktop\bin;C:\Users\mathe\AppData\Local\Muse Hub\lib;C:\Users\mathe\AppData\Roaming\npm;C:\VSCode\bin;C:\msys64\ucrt64\bin;C:\Ruby34-x64\msys64\mingw64\bin;;c:\Users\mathe\AppData\Roaming\Code\User\globalStorage\github.copilot-chat\debugCommand" ASAN_OPTIONS=detect_leaks=0 "gcc -IC:/Ruby34-x64/include/ruby-3.4.0/x64-mingw-ucrt -IC:/Ruby34-x64/include/ruby-3.4.0/ruby/backward -IC:/Ruby34-x64/include/ruby-3.4.0 -I. -I/usr/local/include -D_WIN32_WINNT=0x0600 -D__MINGW_USE_VC2005_COMPAT -D_FILE_OFFSET_BITS=64  -O3 -fstack-protector-strong   -c conftest.c"
checked program was:
/* begin */
1: #include "ruby.h"
2: 
3: #include <winsock2.h>
4: #include <windows.h>
5: #include <mysql/mysql.h>
6: 
7: /*top*/
8: typedef my_bool conftest_type;
9: int conftestval[sizeof(conftest_type)?1:-1];
/* end */

--------------------

have_func: checking for mysql_ssl_set() in mysql/mysql.h... -------------------- yes

PATH=".;C:/Ruby34-x64/lib;C:\Ruby34-x64\bin;C:\Ruby34-x64\msys64\ucrt64\bin;C:\Ruby34-x64\msys64\usr\bin;C:\Ruby34-x64\bin;C:\Users\mathe\.local\share\gem\ruby\3.4.0\bin;C:\Program Files (x86)\Common Files\Oracle\Java\java8path;C:\Program Files (x86)\Common Files\Oracle\Java\javapath;C:\Windows\system32;C:\Windows;C:\Windows\System32\Wbem;C:\Windows\System32\WindowsPowerShell\v1.0\;C:\Windows\System32\OpenSSH\;C:\Program Files\dotnet\;C:\Program Files\Neovim\bin;E:\Node.js\;C:\Ruby34-x64\bin;C:\Users\mathe\AppData\Local\Programs\Python\Python313\Scripts\;C:\Users\mathe\AppData\Local\Programs\Python\Python313\;C:\Users\mathe\AppData\Local\Programs\Python\Launcher\;C:\Users\mathe\AppData\Local\Microsoft\WindowsApps;E:\Microsoft VS Code\bin;C:\Users\mathe\AppData\Local\GitHubDesktop\bin;C:\Users\mathe\AppData\Local\Muse Hub\lib;C:\Users\mathe\AppData\Roaming\npm;C:\VSCode\bin;C:\msys64\ucrt64\bin;C:\Ruby34-x64\msys64\mingw64\bin;;c:\Users\mathe\AppData\Roaming\Code\User\globalStorage\github.copilot-chat\debugCommand" ASAN_OPTIONS=detect_leaks=0 "gcc -o conftest.exe -IC:/Ruby34-x64/include/ruby-3.4.0/x64-mingw-ucrt -IC:/Ruby34-x64/include/ruby-3.4.0/ruby/backward -IC:/Ruby34-x64/include/ruby-3.4.0 -I. -I/usr/local/include -D_WIN32_WINNT=0x0600 -D__MINGW_USE_VC2005_COMPAT -D_FILE_OFFSET_BITS=64  -O3 -fstack-protector-strong conftest.c -L. -LC:/Ruby34-x64/lib -L/usr/local/lib -L. -pipe -s -fstack-protector-strong -lpthread -Wl,--no-as-needed    -lmysqlclient  -lx64-ucrt-ruby340 -lmysqlclient  -lshell32 -lws2_32 -liphlpapi -limagehlp -lshlwapi -lbcrypt  "
checked program was:
/* begin */
 1: #include "ruby.h"
 2: 
 3: #include <winsock2.h>
 4: #include <windows.h>
 5: #include <mysql/mysql.h>
 6: 
 7: /*top*/
 8: extern int t(void);
 9: int main(int argc, char **argv)
10: {
11:   if (argc > 1000000) {
12:     int (* volatile tp)(void)=(int (*)(void))&t;
13:     printf("%d", (*tp)());
14:   }
15: 
16:   return !!argv[argc];
17: }
18: int t(void) { void ((*volatile p)()); p = (void ((*)()))mysql_ssl_set; return !p; }
/* end */

--------------------

PATH=".;C:/Ruby34-x64/lib;C:\Ruby34-x64\bin;C:\Ruby34-x64\msys64\ucrt64\bin;C:\Ruby34-x64\msys64\usr\bin;C:\Ruby34-x64\bin;C:\Users\mathe\.local\share\gem\ruby\3.4.0\bin;C:\Program Files (x86)\Common Files\Oracle\Java\java8path;C:\Program Files (x86)\Common Files\Oracle\Java\javapath;C:\Windows\system32;C:\Windows;C:\Windows\System32\Wbem;C:\Windows\System32\WindowsPowerShell\v1.0\;C:\Windows\System32\OpenSSH\;C:\Program Files\dotnet\;C:\Program Files\Neovim\bin;E:\Node.js\;C:\Ruby34-x64\bin;C:\Users\mathe\AppData\Local\Programs\Python\Python313\Scripts\;C:\Users\mathe\AppData\Local\Programs\Python\Python313\;C:\Users\mathe\AppData\Local\Programs\Python\Launcher\;C:\Users\mathe\AppData\Local\Microsoft\WindowsApps;E:\Microsoft VS Code\bin;C:\Users\mathe\AppData\Local\GitHubDesktop\bin;C:\Users\mathe\AppData\Local\Muse Hub\lib;C:\Users\mathe\AppData\Roaming\npm;C:\VSCode\bin;C:\msys64\ucrt64\bin;C:\Ruby34-x64\msys64\mingw64\bin;;c:\Users\mathe\AppData\Roaming\Code\User\globalStorage\github.copilot-chat\debugCommand" ASAN_OPTIONS=detect_leaks=0 "gcc -o conftest.exe -IC:/Ruby34-x64/include/ruby-3.4.0/x64-mingw-ucrt -IC:/Ruby34-x64/include/ruby-3.4.0/ruby/backward -IC:/Ruby34-x64/include/ruby-3.4.0 -I. -I/usr/local/include -D_WIN32_WINNT=0x0600 -D__MINGW_USE_VC2005_COMPAT -D_FILE_OFFSET_BITS=64  -O3 -fstack-protector-strong conftest.c -L. -LC:/Ruby34-x64/lib -L/usr/local/lib -L. -pipe -s -fstack-protector-strong -lpthread -Wl,--no-as-needed    -lmysqlclient  -lx64-ucrt-ruby340 -Werror -Weverything -lshell32 -lws2_32 -liphlpapi -limagehlp -lshlwapi -lbcrypt  "
gcc: error: unrecognized command-line option '-Weverything'
checked program was:
/* begin */
1: #include "ruby.h"
2: 
3: #include <winsock2.h>
4: #include <windows.h>
5: int main() {return 0;}
/* end */

PATH=".;C:/Ruby34-x64/lib;C:\Ruby34-x64\bin;C:\Ruby34-x64\msys64\ucrt64\bin;C:\Ruby34-x64\msys64\usr\bin;C:\Ruby34-x64\bin;C:\Users\mathe\.local\share\gem\ruby\3.4.0\bin;C:\Program Files (x86)\Common Files\Oracle\Java\java8path;C:\Program Files (x86)\Common Files\Oracle\Java\javapath;C:\Windows\system32;C:\Windows;C:\Windows\System32\Wbem;C:\Windows\System32\WindowsPowerShell\v1.0\;C:\Windows\System32\OpenSSH\;C:\Program Files\dotnet\;C:\Program Files\Neovim\bin;E:\Node.js\;C:\Ruby34-x64\bin;C:\Users\mathe\AppData\Local\Programs\Python\Python313\Scripts\;C:\Users\mathe\AppData\Local\Programs\Python\Python313\;C:\Users\mathe\AppData\Local\Programs\Python\Launcher\;C:\Users\mathe\AppData\Local\Microsoft\WindowsApps;E:\Microsoft VS Code\bin;C:\Users\mathe\AppData\Local\GitHubDesktop\bin;C:\Users\mathe\AppData\Local\Muse Hub\lib;C:\Users\mathe\AppData\Roaming\npm;C:\VSCode\bin;C:\msys64\ucrt64\bin;C:\Ruby34-x64\msys64\mingw64\bin;;c:\Users\mathe\AppData\Roaming\Code\User\globalStorage\github.copilot-chat\debugCommand" ASAN_OPTIONS=detect_leaks=0 "gcc -o conftest.exe -IC:/Ruby34-x64/include/ruby-3.4.0/x64-mingw-ucrt -IC:/Ruby34-x64/include/ruby-3.4.0/ruby/backward -IC:/Ruby34-x64/include/ruby-3.4.0 -I. -I/usr/local/include -D_WIN32_WINNT=0x0600 -D__MINGW_USE_VC2005_COMPAT -D_FILE_OFFSET_BITS=64  -O3 -fstack-protector-strong conftest.c -L. -LC:/Ruby34-x64/lib -L/usr/local/lib -L. -pipe -s -fstack-protector-strong -lpthread -Wl,--no-as-needed    -lmysqlclient  -lx64-ucrt-ruby340 -Werror -Wno-compound-token-split-by-macro -lshell32 -lws2_32 -liphlpapi -limagehlp -lshlwapi -lbcrypt  "
checked program was:
/* begin */
1: #include "ruby.h"
2: 
3: #include <winsock2.h>
4: #include <windows.h>
5: int main() {return 0;}
/* end */

PATH=".;C:/Ruby34-x64/lib;C:\Ruby34-x64\bin;C:\Ruby34-x64\msys64\ucrt64\bin;C:\Ruby34-x64\msys64\usr\bin;C:\Ruby34-x64\bin;C:\Users\mathe\.local\share\gem\ruby\3.4.0\bin;C:\Program Files (x86)\Common Files\Oracle\Java\java8path;C:\Program Files (x86)\Common Files\Oracle\Java\javapath;C:\Windows\system32;C:\Windows;C:\Windows\System32\Wbem;C:\Windows\System32\WindowsPowerShell\v1.0\;C:\Windows\System32\OpenSSH\;C:\Program Files\dotnet\;C:\Program Files\Neovim\bin;E:\Node.js\;C:\Ruby34-x64\bin;C:\Users\mathe\AppData\Local\Programs\Python\Python313\Scripts\;C:\Users\mathe\AppData\Local\Programs\Python\Python313\;C:\Users\mathe\AppData\Local\Programs\Python\Launcher\;C:\Users\mathe\AppData\Local\Microsoft\WindowsApps;E:\Microsoft VS Code\bin;C:\Users\mathe\AppData\Local\GitHubDesktop\bin;C:\Users\mathe\AppData\Local\Muse Hub\lib;C:\Users\mathe\AppData\Roaming\npm;C:\VSCode\bin;C:\msys64\ucrt64\bin;C:\Ruby34-x64\msys64\mingw64\bin;;c:\Users\mathe\AppData\Roaming\Code\User\globalStorage\github.copilot-chat\debugCommand" ASAN_OPTIONS=detect_leaks=0 "gcc -o conftest.exe -IC:/Ruby34-x64/include/ruby-3.4.0/x64-mingw-ucrt -IC:/Ruby34-x64/include/ruby-3.4.0/ruby/backward -IC:/Ruby34-x64/include/ruby-3.4.0 -I. -I/usr/local/include -D_WIN32_WINNT=0x0600 -D__MINGW_USE_VC2005_COMPAT -D_FILE_OFFSET_BITS=64  -O3 -fstack-protector-strong conftest.c -L. -LC:/Ruby34-x64/lib -L/usr/local/lib -L. -pipe -s -fstack-protector-strong -lpthread -Wl,--no-as-needed    -lmysqlclient  -lx64-ucrt-ruby340 -Werror -Wno-bad-function-cast -lshell32 -lws2_32 -liphlpapi -limagehlp -lshlwapi -lbcrypt  "
checked program was:
/* begin */
1: #include "ruby.h"
2: 
3: #include <winsock2.h>
4: #include <windows.h>
5: int main() {return 0;}
/* end */

PATH=".;C:/Ruby34-x64/lib;C:\Ruby34-x64\bin;C:\Ruby34-x64\msys64\ucrt64\bin;C:\Ruby34-x64\msys64\usr\bin;C:\Ruby34-x64\bin;C:\Users\mathe\.local\share\gem\ruby\3.4.0\bin;C:\Program Files (x86)\Common Files\Oracle\Java\java8path;C:\Program Files (x86)\Common Files\Oracle\Java\javapath;C:\Windows\system32;C:\Windows;C:\Windows\System32\Wbem;C:\Windows\System32\WindowsPowerShell\v1.0\;C:\Windows\System32\OpenSSH\;C:\Program Files\dotnet\;C:\Program Files\Neovim\bin;E:\Node.js\;C:\Ruby34-x64\bin;C:\Users\mathe\AppData\Local\Programs\Python\Python313\Scripts\;C:\Users\mathe\AppData\Local\Programs\Python\Python313\;C:\Users\mathe\AppData\Local\Programs\Python\Launcher\;C:\Users\mathe\AppData\Local\Microsoft\WindowsApps;E:\Microsoft VS Code\bin;C:\Users\mathe\AppData\Local\GitHubDesktop\bin;C:\Users\mathe\AppData\Local\Muse Hub\lib;C:\Users\mathe\AppData\Roaming\npm;C:\VSCode\bin;C:\msys64\ucrt64\bin;C:\Ruby34-x64\msys64\mingw64\bin;;c:\Users\mathe\AppData\Roaming\Code\User\globalStorage\github.copilot-chat\debugCommand" ASAN_OPTIONS=detect_leaks=0 "gcc -o conftest.exe -IC:/Ruby34-x64/include/ruby-3.4.0/x64-mingw-ucrt -IC:/Ruby34-x64/include/ruby-3.4.0/ruby/backward -IC:/Ruby34-x64/include/ruby-3.4.0 -I. -I/usr/local/include -D_WIN32_WINNT=0x0600 -D__MINGW_USE_VC2005_COMPAT -D_FILE_OFFSET_BITS=64  -O3 -fstack-protector-strong conftest.c -L. -LC:/Ruby34-x64/lib -L/usr/local/lib -L. -pipe -s -fstack-protector-strong -lpthread -Wl,--no-as-needed    -lmysqlclient  -lx64-ucrt-ruby340 -Werror -Wno-conditional-uninitialized -lshell32 -lws2_32 -liphlpapi -limagehlp -lshlwapi -lbcrypt  "
checked program was:
/* begin */
1: #include "ruby.h"
2: 
3: #include <winsock2.h>
4: #include <windows.h>
5: int main() {return 0;}
/* end */

PATH=".;C:/Ruby34-x64/lib;C:\Ruby34-x64\bin;C:\Ruby34-x64\msys64\ucrt64\bin;C:\Ruby34-x64\msys64\usr\bin;C:\Ruby34-x64\bin;C:\Users\mathe\.local\share\gem\ruby\3.4.0\bin;C:\Program Files (x86)\Common Files\Oracle\Java\java8path;C:\Program Files (x86)\Common Files\Oracle\Java\javapath;C:\Windows\system32;C:\Windows;C:\Windows\System32\Wbem;C:\Windows\System32\WindowsPowerShell\v1.0\;C:\Windows\System32\OpenSSH\;C:\Program Files\dotnet\;C:\Program Files\Neovim\bin;E:\Node.js\;C:\Ruby34-x64\bin;C:\Users\mathe\AppData\Local\Programs\Python\Python313\Scripts\;C:\Users\mathe\AppData\Local\Programs\Python\Python313\;C:\Users\mathe\AppData\Local\Programs\Python\Launcher\;C:\Users\mathe\AppData\Local\Microsoft\WindowsApps;E:\Microsoft VS Code\bin;C:\Users\mathe\AppData\Local\GitHubDesktop\bin;C:\Users\mathe\AppData\Local\Muse Hub\lib;C:\Users\mathe\AppData\Roaming\npm;C:\VSCode\bin;C:\msys64\ucrt64\bin;C:\Ruby34-x64\msys64\mingw64\bin;;c:\Users\mathe\AppData\Roaming\Code\User\globalStorage\github.copilot-chat\debugCommand" ASAN_OPTIONS=detect_leaks=0 "gcc -o conftest.exe -IC:/Ruby34-x64/include/ruby-3.4.0/x64-mingw-ucrt -IC:/Ruby34-x64/include/ruby-3.4.0/ruby/backward -IC:/Ruby34-x64/include/ruby-3.4.0 -I. -I/usr/local/include -D_WIN32_WINNT=0x0600 -D__MINGW_USE_VC2005_COMPAT -D_FILE_OFFSET_BITS=64  -O3 -fstack-protector-strong conftest.c -L. -LC:/Ruby34-x64/lib -L/usr/local/lib -L. -pipe -s -fstack-protector-strong -lpthread -Wl,--no-as-needed    -lmysqlclient  -lx64-ucrt-ruby340 -Werror -Wno-covered-switch-default -lshell32 -lws2_32 -liphlpapi -limagehlp -lshlwapi -lbcrypt  "
checked program was:
/* begin */
1: #include "ruby.h"
2: 
3: #include <winsock2.h>
4: #include <windows.h>
5: int main() {return 0;}
/* end */

PATH=".;C:/Ruby34-x64/lib;C:\Ruby34-x64\bin;C:\Ruby34-x64\msys64\ucrt64\bin;C:\Ruby34-x64\msys64\usr\bin;C:\Ruby34-x64\bin;C:\Users\mathe\.local\share\gem\ruby\3.4.0\bin;C:\Program Files (x86)\Common Files\Oracle\Java\java8path;C:\Program Files (x86)\Common Files\Oracle\Java\javapath;C:\Windows\system32;C:\Windows;C:\Windows\System32\Wbem;C:\Windows\System32\WindowsPowerShell\v1.0\;C:\Windows\System32\OpenSSH\;C:\Program Files\dotnet\;C:\Program Files\Neovim\bin;E:\Node.js\;C:\Ruby34-x64\bin;C:\Users\mathe\AppData\Local\Programs\Python\Python313\Scripts\;C:\Users\mathe\AppData\Local\Programs\Python\Python313\;C:\Users\mathe\AppData\Local\Programs\Python\Launcher\;C:\Users\mathe\AppData\Local\Microsoft\WindowsApps;E:\Microsoft VS Code\bin;C:\Users\mathe\AppData\Local\GitHubDesktop\bin;C:\Users\mathe\AppData\Local\Muse Hub\lib;C:\Users\mathe\AppData\Roaming\npm;C:\VSCode\bin;C:\msys64\ucrt64\bin;C:\Ruby34-x64\msys64\mingw64\bin;;c:\Users\mathe\AppData\Roaming\Code\User\globalStorage\github.copilot-chat\debugCommand" ASAN_OPTIONS=detect_leaks=0 "gcc -o conftest.exe -IC:/Ruby34-x64/include/ruby-3.4.0/x64-mingw-ucrt -IC:/Ruby34-x64/include/ruby-3.4.0/ruby/backward -IC:/Ruby34-x64/include/ruby-3.4.0 -I. -I/usr/local/include -D_WIN32_WINNT=0x0600 -D__MINGW_USE_VC2005_COMPAT -D_FILE_OFFSET_BITS=64  -O3 -fstack-protector-strong conftest.c -L. -LC:/Ruby34-x64/lib -L/usr/local/lib -L. -pipe -s -fstack-protector-strong -lpthread -Wl,--no-as-needed    -lmysqlclient  -lx64-ucrt-ruby340 -Werror -Wno-declaration-after-statement -lshell32 -lws2_32 -liphlpapi -limagehlp -lshlwapi -lbcrypt  "
checked program was:
/* begin */
1: #include "ruby.h"
2: 
3: #include <winsock2.h>
4: #include <windows.h>
5: int main() {return 0;}
/* end */

PATH=".;C:/Ruby34-x64/lib;C:\Ruby34-x64\bin;C:\Ruby34-x64\msys64\ucrt64\bin;C:\Ruby34-x64\msys64\usr\bin;C:\Ruby34-x64\bin;C:\Users\mathe\.local\share\gem\ruby\3.4.0\bin;C:\Program Files (x86)\Common Files\Oracle\Java\java8path;C:\Program Files (x86)\Common Files\Oracle\Java\javapath;C:\Windows\system32;C:\Windows;C:\Windows\System32\Wbem;C:\Windows\System32\WindowsPowerShell\v1.0\;C:\Windows\System32\OpenSSH\;C:\Program Files\dotnet\;C:\Program Files\Neovim\bin;E:\Node.js\;C:\Ruby34-x64\bin;C:\Users\mathe\AppData\Local\Programs\Python\Python313\Scripts\;C:\Users\mathe\AppData\Local\Programs\Python\Python313\;C:\Users\mathe\AppData\Local\Programs\Python\Launcher\;C:\Users\mathe\AppData\Local\Microsoft\WindowsApps;E:\Microsoft VS Code\bin;C:\Users\mathe\AppData\Local\GitHubDesktop\bin;C:\Users\mathe\AppData\Local\Muse Hub\lib;C:\Users\mathe\AppData\Roaming\npm;C:\VSCode\bin;C:\msys64\ucrt64\bin;C:\Ruby34-x64\msys64\mingw64\bin;;c:\Users\mathe\AppData\Roaming\Code\User\globalStorage\github.copilot-chat\debugCommand" ASAN_OPTIONS=detect_leaks=0 "gcc -o conftest.exe -IC:/Ruby34-x64/include/ruby-3.4.0/x64-mingw-ucrt -IC:/Ruby34-x64/include/ruby-3.4.0/ruby/backward -IC:/Ruby34-x64/include/ruby-3.4.0 -I. -I/usr/local/include -D_WIN32_WINNT=0x0600 -D__MINGW_USE_VC2005_COMPAT -D_FILE_OFFSET_BITS=64  -O3 -fstack-protector-strong conftest.c -L. -LC:/Ruby34-x64/lib -L/usr/local/lib -L. -pipe -s -fstack-protector-strong -lpthread -Wl,--no-as-needed    -lmysqlclient  -lx64-ucrt-ruby340 -Werror -Wno-disabled-macro-expansion -lshell32 -lws2_32 -liphlpapi -limagehlp -lshlwapi -lbcrypt  "
checked program was:
/* begin */
1: #include "ruby.h"
2: 
3: #include <winsock2.h>
4: #include <windows.h>
5: int main() {return 0;}
/* end */

PATH=".;C:/Ruby34-x64/lib;C:\Ruby34-x64\bin;C:\Ruby34-x64\msys64\ucrt64\bin;C:\Ruby34-x64\msys64\usr\bin;C:\Ruby34-x64\bin;C:\Users\mathe\.local\share\gem\ruby\3.4.0\bin;C:\Program Files (x86)\Common Files\Oracle\Java\java8path;C:\Program Files (x86)\Common Files\Oracle\Java\javapath;C:\Windows\system32;C:\Windows;C:\Windows\System32\Wbem;C:\Windows\System32\WindowsPowerShell\v1.0\;C:\Windows\System32\OpenSSH\;C:\Program Files\dotnet\;C:\Program Files\Neovim\bin;E:\Node.js\;C:\Ruby34-x64\bin;C:\Users\mathe\AppData\Local\Programs\Python\Python313\Scripts\;C:\Users\mathe\AppData\Local\Programs\Python\Python313\;C:\Users\mathe\AppData\Local\Programs\Python\Launcher\;C:\Users\mathe\AppData\Local\Microsoft\WindowsApps;E:\Microsoft VS Code\bin;C:\Users\mathe\AppData\Local\GitHubDesktop\bin;C:\Users\mathe\AppData\Local\Muse Hub\lib;C:\Users\mathe\AppData\Roaming\npm;C:\VSCode\bin;C:\msys64\ucrt64\bin;C:\Ruby34-x64\msys64\mingw64\bin;;c:\Users\mathe\AppData\Roaming\Code\User\globalStorage\github.copilot-chat\debugCommand" ASAN_OPTIONS=detect_leaks=0 "gcc -o conftest.exe -IC:/Ruby34-x64/include/ruby-3.4.0/x64-mingw-ucrt -IC:/Ruby34-x64/include/ruby-3.4.0/ruby/backward -IC:/Ruby34-x64/include/ruby-3.4.0 -I. -I/usr/local/include -D_WIN32_WINNT=0x0600 -D__MINGW_USE_VC2005_COMPAT -D_FILE_OFFSET_BITS=64  -O3 -fstack-protector-strong conftest.c -L. -LC:/Ruby34-x64/lib -L/usr/local/lib -L. -pipe -s -fstack-protector-strong -lpthread -Wl,--no-as-needed    -lmysqlclient  -lx64-ucrt-ruby340 -Werror -Wno-documentation-unknown-command -lshell32 -lws2_32 -liphlpapi -limagehlp -lshlwapi -lbcrypt  "
checked program was:
/* begin */
1: #include "ruby.h"
2: 
3: #include <winsock2.h>
4: #include <windows.h>
5: int main() {return 0;}
/* end */

PATH=".;C:/Ruby34-x64/lib;C:\Ruby34-x64\bin;C:\Ruby34-x64\msys64\ucrt64\bin;C:\Ruby34-x64\msys64\usr\bin;C:\Ruby34-x64\bin;C:\Users\mathe\.local\share\gem\ruby\3.4.0\bin;C:\Program Files (x86)\Common Files\Oracle\Java\java8path;C:\Program Files (x86)\Common Files\Oracle\Java\javapath;C:\Windows\system32;C:\Windows;C:\Windows\System32\Wbem;C:\Windows\System32\WindowsPowerShell\v1.0\;C:\Windows\System32\OpenSSH\;C:\Program Files\dotnet\;C:\Program Files\Neovim\bin;E:\Node.js\;C:\Ruby34-x64\bin;C:\Users\mathe\AppData\Local\Programs\Python\Python313\Scripts\;C:\Users\mathe\AppData\Local\Programs\Python\Python313\;C:\Users\mathe\AppData\Local\Programs\Python\Launcher\;C:\Users\mathe\AppData\Local\Microsoft\WindowsApps;E:\Microsoft VS Code\bin;C:\Users\mathe\AppData\Local\GitHubDesktop\bin;C:\Users\mathe\AppData\Local\Muse Hub\lib;C:\Users\mathe\AppData\Roaming\npm;C:\VSCode\bin;C:\msys64\ucrt64\bin;C:\Ruby34-x64\msys64\mingw64\bin;;c:\Users\mathe\AppData\Roaming\Code\User\globalStorage\github.copilot-chat\debugCommand" ASAN_OPTIONS=detect_leaks=0 "gcc -o conftest.exe -IC:/Ruby34-x64/include/ruby-3.4.0/x64-mingw-ucrt -IC:/Ruby34-x64/include/ruby-3.4.0/ruby/backward -IC:/Ruby34-x64/include/ruby-3.4.0 -I. -I/usr/local/include -D_WIN32_WINNT=0x0600 -D__MINGW_USE_VC2005_COMPAT -D_FILE_OFFSET_BITS=64  -O3 -fstack-protector-strong conftest.c -L. -LC:/Ruby34-x64/lib -L/usr/local/lib -L. -pipe -s -fstack-protector-strong -lpthread -Wl,--no-as-needed    -lmysqlclient  -lx64-ucrt-ruby340 -Werror -Wno-missing-field-initializers -lshell32 -lws2_32 -liphlpapi -limagehlp -lshlwapi -lbcrypt  "
checked program was:
/* begin */
1: #include "ruby.h"
2: 
3: #include <winsock2.h>
4: #include <windows.h>
5: int main() {return 0;}
/* end */

PATH=".;C:/Ruby34-x64/lib;C:\Ruby34-x64\bin;C:\Ruby34-x64\msys64\ucrt64\bin;C:\Ruby34-x64\msys64\usr\bin;C:\Ruby34-x64\bin;C:\Users\mathe\.local\share\gem\ruby\3.4.0\bin;C:\Program Files (x86)\Common Files\Oracle\Java\java8path;C:\Program Files (x86)\Common Files\Oracle\Java\javapath;C:\Windows\system32;C:\Windows;C:\Windows\System32\Wbem;C:\Windows\System32\WindowsPowerShell\v1.0\;C:\Windows\System32\OpenSSH\;C:\Program Files\dotnet\;C:\Program Files\Neovim\bin;E:\Node.js\;C:\Ruby34-x64\bin;C:\Users\mathe\AppData\Local\Programs\Python\Python313\Scripts\;C:\Users\mathe\AppData\Local\Programs\Python\Python313\;C:\Users\mathe\AppData\Local\Programs\Python\Launcher\;C:\Users\mathe\AppData\Local\Microsoft\WindowsApps;E:\Microsoft VS Code\bin;C:\Users\mathe\AppData\Local\GitHubDesktop\bin;C:\Users\mathe\AppData\Local\Muse Hub\lib;C:\Users\mathe\AppData\Roaming\npm;C:\VSCode\bin;C:\msys64\ucrt64\bin;C:\Ruby34-x64\msys64\mingw64\bin;;c:\Users\mathe\AppData\Roaming\Code\User\globalStorage\github.copilot-chat\debugCommand" ASAN_OPTIONS=detect_leaks=0 "gcc -o conftest.exe -IC:/Ruby34-x64/include/ruby-3.4.0/x64-mingw-ucrt -IC:/Ruby34-x64/include/ruby-3.4.0/ruby/backward -IC:/Ruby34-x64/include/ruby-3.4.0 -I. -I/usr/local/include -D_WIN32_WINNT=0x0600 -D__MINGW_USE_VC2005_COMPAT -D_FILE_OFFSET_BITS=64  -O3 -fstack-protector-strong conftest.c -L. -LC:/Ruby34-x64/lib -L/usr/local/lib -L. -pipe -s -fstack-protector-strong -lpthread -Wl,--no-as-needed    -lmysqlclient  -lx64-ucrt-ruby340 -Werror -Wno-missing-variable-declarations -lshell32 -lws2_32 -liphlpapi -limagehlp -lshlwapi -lbcrypt  "
checked program was:
/* begin */
1: #include "ruby.h"
2: 
3: #include <winsock2.h>
4: #include <windows.h>
5: int main() {return 0;}
/* end */

PATH=".;C:/Ruby34-x64/lib;C:\Ruby34-x64\bin;C:\Ruby34-x64\msys64\ucrt64\bin;C:\Ruby34-x64\msys64\usr\bin;C:\Ruby34-x64\bin;C:\Users\mathe\.local\share\gem\ruby\3.4.0\bin;C:\Program Files (x86)\Common Files\Oracle\Java\java8path;C:\Program Files (x86)\Common Files\Oracle\Java\javapath;C:\Windows\system32;C:\Windows;C:\Windows\System32\Wbem;C:\Windows\System32\WindowsPowerShell\v1.0\;C:\Windows\System32\OpenSSH\;C:\Program Files\dotnet\;C:\Program Files\Neovim\bin;E:\Node.js\;C:\Ruby34-x64\bin;C:\Users\mathe\AppData\Local\Programs\Python\Python313\Scripts\;C:\Users\mathe\AppData\Local\Programs\Python\Python313\;C:\Users\mathe\AppData\Local\Programs\Python\Launcher\;C:\Users\mathe\AppData\Local\Microsoft\WindowsApps;E:\Microsoft VS Code\bin;C:\Users\mathe\AppData\Local\GitHubDesktop\bin;C:\Users\mathe\AppData\Local\Muse Hub\lib;C:\Users\mathe\AppData\Roaming\npm;C:\VSCode\bin;C:\msys64\ucrt64\bin;C:\Ruby34-x64\msys64\mingw64\bin;;c:\Users\mathe\AppData\Roaming\Code\User\globalStorage\github.copilot-chat\debugCommand" ASAN_OPTIONS=detect_leaks=0 "gcc -o conftest.exe -IC:/Ruby34-x64/include/ruby-3.4.0/x64-mingw-ucrt -IC:/Ruby34-x64/include/ruby-3.4.0/ruby/backward -IC:/Ruby34-x64/include/ruby-3.4.0 -I. -I/usr/local/include -D_WIN32_WINNT=0x0600 -D__MINGW_USE_VC2005_COMPAT -D_FILE_OFFSET_BITS=64  -O3 -fstack-protector-strong conftest.c -L. -LC:/Ruby34-x64/lib -L/usr/local/lib -L. -pipe -s -fstack-protector-strong -lpthread -Wl,--no-as-needed    -lmysqlclient  -lx64-ucrt-ruby340 -Werror -Wno-padded -lshell32 -lws2_32 -liphlpapi -limagehlp -lshlwapi -lbcrypt  "
checked program was:
/* begin */
1: #include "ruby.h"
2: 
3: #include <winsock2.h>
4: #include <windows.h>
5: int main() {return 0;}
/* end */

PATH=".;C:/Ruby34-x64/lib;C:\Ruby34-x64\bin;C:\Ruby34-x64\msys64\ucrt64\bin;C:\Ruby34-x64\msys64\usr\bin;C:\Ruby34-x64\bin;C:\Users\mathe\.local\share\gem\ruby\3.4.0\bin;C:\Program Files (x86)\Common Files\Oracle\Java\java8path;C:\Program Files (x86)\Common Files\Oracle\Java\javapath;C:\Windows\system32;C:\Windows;C:\Windows\System32\Wbem;C:\Windows\System32\WindowsPowerShell\v1.0\;C:\Windows\System32\OpenSSH\;C:\Program Files\dotnet\;C:\Program Files\Neovim\bin;E:\Node.js\;C:\Ruby34-x64\bin;C:\Users\mathe\AppData\Local\Programs\Python\Python313\Scripts\;C:\Users\mathe\AppData\Local\Programs\Python\Python313\;C:\Users\mathe\AppData\Local\Programs\Python\Launcher\;C:\Users\mathe\AppData\Local\Microsoft\WindowsApps;E:\Microsoft VS Code\bin;C:\Users\mathe\AppData\Local\GitHubDesktop\bin;C:\Users\mathe\AppData\Local\Muse Hub\lib;C:\Users\mathe\AppData\Roaming\npm;C:\VSCode\bin;C:\msys64\ucrt64\bin;C:\Ruby34-x64\msys64\mingw64\bin;;c:\Users\mathe\AppData\Roaming\Code\User\globalStorage\github.copilot-chat\debugCommand" ASAN_OPTIONS=detect_leaks=0 "gcc -o conftest.exe -IC:/Ruby34-x64/include/ruby-3.4.0/x64-mingw-ucrt -IC:/Ruby34-x64/include/ruby-3.4.0/ruby/backward -IC:/Ruby34-x64/include/ruby-3.4.0 -I. -I/usr/local/include -D_WIN32_WINNT=0x0600 -D__MINGW_USE_VC2005_COMPAT -D_FILE_OFFSET_BITS=64  -O3 -fstack-protector-strong conftest.c -L. -LC:/Ruby34-x64/lib -L/usr/local/lib -L. -pipe -s -fstack-protector-strong -lpthread -Wl,--no-as-needed    -lmysqlclient  -lx64-ucrt-ruby340 -Werror -Wno-reserved-id-macro -lshell32 -lws2_32 -liphlpapi -limagehlp -lshlwapi -lbcrypt  "
checked program was:
/* begin */
1: #include "ruby.h"
2: 
3: #include <winsock2.h>
4: #include <windows.h>
5: int main() {return 0;}
/* end */

PATH=".;C:/Ruby34-x64/lib;C:\Ruby34-x64\bin;C:\Ruby34-x64\msys64\ucrt64\bin;C:\Ruby34-x64\msys64\usr\bin;C:\Ruby34-x64\bin;C:\Users\mathe\.local\share\gem\ruby\3.4.0\bin;C:\Program Files (x86)\Common Files\Oracle\Java\java8path;C:\Program Files (x86)\Common Files\Oracle\Java\javapath;C:\Windows\system32;C:\Windows;C:\Windows\System32\Wbem;C:\Windows\System32\WindowsPowerShell\v1.0\;C:\Windows\System32\OpenSSH\;C:\Program Files\dotnet\;C:\Program Files\Neovim\bin;E:\Node.js\;C:\Ruby34-x64\bin;C:\Users\mathe\AppData\Local\Programs\Python\Python313\Scripts\;C:\Users\mathe\AppData\Local\Programs\Python\Python313\;C:\Users\mathe\AppData\Local\Programs\Python\Launcher\;C:\Users\mathe\AppData\Local\Microsoft\WindowsApps;E:\Microsoft VS Code\bin;C:\Users\mathe\AppData\Local\GitHubDesktop\bin;C:\Users\mathe\AppData\Local\Muse Hub\lib;C:\Users\mathe\AppData\Roaming\npm;C:\VSCode\bin;C:\msys64\ucrt64\bin;C:\Ruby34-x64\msys64\mingw64\bin;;c:\Users\mathe\AppData\Roaming\Code\User\globalStorage\github.copilot-chat\debugCommand" ASAN_OPTIONS=detect_leaks=0 "gcc -o conftest.exe -IC:/Ruby34-x64/include/ruby-3.4.0/x64-mingw-ucrt -IC:/Ruby34-x64/include/ruby-3.4.0/ruby/backward -IC:/Ruby34-x64/include/ruby-3.4.0 -I. -I/usr/local/include -D_WIN32_WINNT=0x0600 -D__MINGW_USE_VC2005_COMPAT -D_FILE_OFFSET_BITS=64  -O3 -fstack-protector-strong conftest.c -L. -LC:/Ruby34-x64/lib -L/usr/local/lib -L. -pipe -s -fstack-protector-strong -lpthread -Wl,--no-as-needed    -lmysqlclient  -lx64-ucrt-ruby340 -Werror -Wno-sign-conversion -lshell32 -lws2_32 -liphlpapi -limagehlp -lshlwapi -lbcrypt  "
checked program was:
/* begin */
1: #include "ruby.h"
2: 
3: #include <winsock2.h>
4: #include <windows.h>
5: int main() {return 0;}
/* end */

PATH=".;C:/Ruby34-x64/lib;C:\Ruby34-x64\bin;C:\Ruby34-x64\msys64\ucrt64\bin;C:\Ruby34-x64\msys64\usr\bin;C:\Ruby34-x64\bin;C:\Users\mathe\.local\share\gem\ruby\3.4.0\bin;C:\Program Files (x86)\Common Files\Oracle\Java\java8path;C:\Program Files (x86)\Common Files\Oracle\Java\javapath;C:\Windows\system32;C:\Windows;C:\Windows\System32\Wbem;C:\Windows\System32\WindowsPowerShell\v1.0\;C:\Windows\System32\OpenSSH\;C:\Program Files\dotnet\;C:\Program Files\Neovim\bin;E:\Node.js\;C:\Ruby34-x64\bin;C:\Users\mathe\AppData\Local\Programs\Python\Python313\Scripts\;C:\Users\mathe\AppData\Local\Programs\Python\Python313\;C:\Users\mathe\AppData\Local\Programs\Python\Launcher\;C:\Users\mathe\AppData\Local\Microsoft\WindowsApps;E:\Microsoft VS Code\bin;C:\Users\mathe\AppData\Local\GitHubDesktop\bin;C:\Users\mathe\AppData\Local\Muse Hub\lib;C:\Users\mathe\AppData\Roaming\npm;C:\VSCode\bin;C:\msys64\ucrt64\bin;C:\Ruby34-x64\msys64\mingw64\bin;;c:\Users\mathe\AppData\Roaming\Code\User\globalStorage\github.copilot-chat\debugCommand" ASAN_OPTIONS=detect_leaks=0 "gcc -o conftest.exe -IC:/Ruby34-x64/include/ruby-3.4.0/x64-mingw-ucrt -IC:/Ruby34-x64/include/ruby-3.4.0/ruby/backward -IC:/Ruby34-x64/include/ruby-3.4.0 -I. -I/usr/local/include -D_WIN32_WINNT=0x0600 -D__MINGW_USE_VC2005_COMPAT -D_FILE_OFFSET_BITS=64  -O3 -fstack-protector-strong conftest.c -L. -LC:/Ruby34-x64/lib -L/usr/local/lib -L. -pipe -s -fstack-protector-strong -lpthread -Wl,--no-as-needed    -lmysqlclient  -lx64-ucrt-ruby340 -Werror -Wno-static-in-inline -lshell32 -lws2_32 -liphlpapi -limagehlp -lshlwapi -lbcrypt  "
checked program was:
/* begin */
1: #include "ruby.h"
2: 
3: #include <winsock2.h>
4: #include <windows.h>
5: int main() {return 0;}
/* end */

PATH=".;C:/Ruby34-x64/lib;C:\Ruby34-x64\bin;C:\Ruby34-x64\msys64\ucrt64\bin;C:\Ruby34-x64\msys64\usr\bin;C:\Ruby34-x64\bin;C:\Users\mathe\.local\share\gem\ruby\3.4.0\bin;C:\Program Files (x86)\Common Files\Oracle\Java\java8path;C:\Program Files (x86)\Common Files\Oracle\Java\javapath;C:\Windows\system32;C:\Windows;C:\Windows\System32\Wbem;C:\Windows\System32\WindowsPowerShell\v1.0\;C:\Windows\System32\OpenSSH\;C:\Program Files\dotnet\;C:\Program Files\Neovim\bin;E:\Node.js\;C:\Ruby34-x64\bin;C:\Users\mathe\AppData\Local\Programs\Python\Python313\Scripts\;C:\Users\mathe\AppData\Local\Programs\Python\Python313\;C:\Users\mathe\AppData\Local\Programs\Python\Launcher\;C:\Users\mathe\AppData\Local\Microsoft\WindowsApps;E:\Microsoft VS Code\bin;C:\Users\mathe\AppData\Local\GitHubDesktop\bin;C:\Users\mathe\AppData\Local\Muse Hub\lib;C:\Users\mathe\AppData\Roaming\npm;C:\VSCode\bin;C:\msys64\ucrt64\bin;C:\Ruby34-x64\msys64\mingw64\bin;;c:\Users\mathe\AppData\Roaming\Code\User\globalStorage\github.copilot-chat\debugCommand" ASAN_OPTIONS=detect_leaks=0 "gcc -o conftest.exe -IC:/Ruby34-x64/include/ruby-3.4.0/x64-mingw-ucrt -IC:/Ruby34-x64/include/ruby-3.4.0/ruby/backward -IC:/Ruby34-x64/include/ruby-3.4.0 -I. -I/usr/local/include -D_WIN32_WINNT=0x0600 -D__MINGW_USE_VC2005_COMPAT -D_FILE_OFFSET_BITS=64  -O3 -fstack-protector-strong conftest.c -L. -LC:/Ruby34-x64/lib -L/usr/local/lib -L. -pipe -s -fstack-protector-strong -lpthread -Wl,--no-as-needed    -lmysqlclient  -lx64-ucrt-ruby340 -Werror -Wno-switch-enum -lshell32 -lws2_32 -liphlpapi -limagehlp -lshlwapi -lbcrypt  "
checked program was:
/* begin */
1: #include "ruby.h"
2: 
3: #include <winsock2.h>
4: #include <windows.h>
5: int main() {return 0;}
/* end */

PATH=".;C:/Ruby34-x64/lib;C:\Ruby34-x64\bin;C:\Ruby34-x64\msys64\ucrt64\bin;C:\Ruby34-x64\msys64\usr\bin;C:\Ruby34-x64\bin;C:\Users\mathe\.local\share\gem\ruby\3.4.0\bin;C:\Program Files (x86)\Common Files\Oracle\Java\java8path;C:\Program Files (x86)\Common Files\Oracle\Java\javapath;C:\Windows\system32;C:\Windows;C:\Windows\System32\Wbem;C:\Windows\System32\WindowsPowerShell\v1.0\;C:\Windows\System32\OpenSSH\;C:\Program Files\dotnet\;C:\Program Files\Neovim\bin;E:\Node.js\;C:\Ruby34-x64\bin;C:\Users\mathe\AppData\Local\Programs\Python\Python313\Scripts\;C:\Users\mathe\AppData\Local\Programs\Python\Python313\;C:\Users\mathe\AppData\Local\Programs\Python\Launcher\;C:\Users\mathe\AppData\Local\Microsoft\WindowsApps;E:\Microsoft VS Code\bin;C:\Users\mathe\AppData\Local\GitHubDesktop\bin;C:\Users\mathe\AppData\Local\Muse Hub\lib;C:\Users\mathe\AppData\Roaming\npm;C:\VSCode\bin;C:\msys64\ucrt64\bin;C:\Ruby34-x64\msys64\mingw64\bin;;c:\Users\mathe\AppData\Roaming\Code\User\globalStorage\github.copilot-chat\debugCommand" ASAN_OPTIONS=detect_leaks=0 "gcc -o conftest.exe -IC:/Ruby34-x64/include/ruby-3.4.0/x64-mingw-ucrt -IC:/Ruby34-x64/include/ruby-3.4.0/ruby/backward -IC:/Ruby34-x64/include/ruby-3.4.0 -I. -I/usr/local/include -D_WIN32_WINNT=0x0600 -D__MINGW_USE_VC2005_COMPAT -D_FILE_OFFSET_BITS=64  -O3 -fstack-protector-strong conftest.c -L. -LC:/Ruby34-x64/lib -L/usr/local/lib -L. -pipe -s -fstack-protector-strong -lpthread -Wl,--no-as-needed    -lmysqlclient  -lx64-ucrt-ruby340 -Werror -Wno-undef -lshell32 -lws2_32 -liphlpapi -limagehlp -lshlwapi -lbcrypt  "
checked program was:
/* begin */
1: #include "ruby.h"
2: 
3: #include <winsock2.h>
4: #include <windows.h>
5: int main() {return 0;}
/* end */

PATH=".;C:/Ruby34-x64/lib;C:\Ruby34-x64\bin;C:\Ruby34-x64\msys64\ucrt64\bin;C:\Ruby34-x64\msys64\usr\bin;C:\Ruby34-x64\bin;C:\Users\mathe\.local\share\gem\ruby\3.4.0\bin;C:\Program Files (x86)\Common Files\Oracle\Java\java8path;C:\Program Files (x86)\Common Files\Oracle\Java\javapath;C:\Windows\system32;C:\Windows;C:\Windows\System32\Wbem;C:\Windows\System32\WindowsPowerShell\v1.0\;C:\Windows\System32\OpenSSH\;C:\Program Files\dotnet\;C:\Program Files\Neovim\bin;E:\Node.js\;C:\Ruby34-x64\bin;C:\Users\mathe\AppData\Local\Programs\Python\Python313\Scripts\;C:\Users\mathe\AppData\Local\Programs\Python\Python313\;C:\Users\mathe\AppData\Local\Programs\Python\Launcher\;C:\Users\mathe\AppData\Local\Microsoft\WindowsApps;E:\Microsoft VS Code\bin;C:\Users\mathe\AppData\Local\GitHubDesktop\bin;C:\Users\mathe\AppData\Local\Muse Hub\lib;C:\Users\mathe\AppData\Roaming\npm;C:\VSCode\bin;C:\msys64\ucrt64\bin;C:\Ruby34-x64\msys64\mingw64\bin;;c:\Users\mathe\AppData\Roaming\Code\User\globalStorage\github.copilot-chat\debugCommand" ASAN_OPTIONS=detect_leaks=0 "gcc -o conftest.exe -IC:/Ruby34-x64/include/ruby-3.4.0/x64-mingw-ucrt -IC:/Ruby34-x64/include/ruby-3.4.0/ruby/backward -IC:/Ruby34-x64/include/ruby-3.4.0 -I. -I/usr/local/include -D_WIN32_WINNT=0x0600 -D__MINGW_USE_VC2005_COMPAT -D_FILE_OFFSET_BITS=64  -O3 -fstack-protector-strong conftest.c -L. -LC:/Ruby34-x64/lib -L/usr/local/lib -L. -pipe -s -fstack-protector-strong -lpthread -Wl,--no-as-needed    -lmysqlclient  -lx64-ucrt-ruby340 -Werror -Wno-unreachable-code -lshell32 -lws2_32 -liphlpapi -limagehlp -lshlwapi -lbcrypt  "
checked program was:
/* begin */
1: #include "ruby.h"
2: 
3: #include <winsock2.h>
4: #include <windows.h>
5: int main() {return 0;}
/* end */

PATH=".;C:/Ruby34-x64/lib;C:\Ruby34-x64\bin;C:\Ruby34-x64\msys64\ucrt64\bin;C:\Ruby34-x64\msys64\usr\bin;C:\Ruby34-x64\bin;C:\Users\mathe\.local\share\gem\ruby\3.4.0\bin;C:\Program Files (x86)\Common Files\Oracle\Java\java8path;C:\Program Files (x86)\Common Files\Oracle\Java\javapath;C:\Windows\system32;C:\Windows;C:\Windows\System32\Wbem;C:\Windows\System32\WindowsPowerShell\v1.0\;C:\Windows\System32\OpenSSH\;C:\Program Files\dotnet\;C:\Program Files\Neovim\bin;E:\Node.js\;C:\Ruby34-x64\bin;C:\Users\mathe\AppData\Local\Programs\Python\Python313\Scripts\;C:\Users\mathe\AppData\Local\Programs\Python\Python313\;C:\Users\mathe\AppData\Local\Programs\Python\Launcher\;C:\Users\mathe\AppData\Local\Microsoft\WindowsApps;E:\Microsoft VS Code\bin;C:\Users\mathe\AppData\Local\GitHubDesktop\bin;C:\Users\mathe\AppData\Local\Muse Hub\lib;C:\Users\mathe\AppData\Roaming\npm;C:\VSCode\bin;C:\msys64\ucrt64\bin;C:\Ruby34-x64\msys64\mingw64\bin;;c:\Users\mathe\AppData\Roaming\Code\User\globalStorage\github.copilot-chat\debugCommand" ASAN_OPTIONS=detect_leaks=0 "gcc -o conftest.exe -IC:/Ruby34-x64/include/ruby-3.4.0/x64-mingw-ucrt -IC:/Ruby34-x64/include/ruby-3.4.0/ruby/backward -IC:/Ruby34-x64/include/ruby-3.4.0 -I. -I/usr/local/include -D_WIN32_WINNT=0x0600 -D__MINGW_USE_VC2005_COMPAT -D_FILE_OFFSET_BITS=64  -O3 -fstack-protector-strong conftest.c -L. -LC:/Ruby34-x64/lib -L/usr/local/lib -L. -pipe -s -fstack-protector-strong -lpthread -Wl,--no-as-needed    -lmysqlclient  -lx64-ucrt-ruby340 -Werror -Wno-used-but-marked-unused -lshell32 -lws2_32 -liphlpapi -limagehlp -lshlwapi -lbcrypt  "
checked program was:
/* begin */
1: #include "ruby.h"
2: 
3: #include <winsock2.h>
4: #include <windows.h>
5: int main() {return 0;}
/* end */

PATH=".;C:/Ruby34-x64/lib;C:\Ruby34-x64\bin;C:\Ruby34-x64\msys64\ucrt64\bin;C:\Ruby34-x64\msys64\usr\bin;C:\Ruby34-x64\bin;C:\Users\mathe\.local\share\gem\ruby\3.4.0\bin;C:\Program Files (x86)\Common Files\Oracle\Java\java8path;C:\Program Files (x86)\Common Files\Oracle\Java\javapath;C:\Windows\system32;C:\Windows;C:\Windows\System32\Wbem;C:\Windows\System32\WindowsPowerShell\v1.0\;C:\Windows\System32\OpenSSH\;C:\Program Files\dotnet\;C:\Program Files\Neovim\bin;E:\Node.js\;C:\Ruby34-x64\bin;C:\Users\mathe\AppData\Local\Programs\Python\Python313\Scripts\;C:\Users\mathe\AppData\Local\Programs\Python\Python313\;C:\Users\mathe\AppData\Local\Programs\Python\Launcher\;C:\Users\mathe\AppData\Local\Microsoft\WindowsApps;E:\Microsoft VS Code\bin;C:\Users\mathe\AppData\Local\GitHubDesktop\bin;C:\Users\mathe\AppData\Local\Muse Hub\lib;C:\Users\mathe\AppData\Roaming\npm;C:\VSCode\bin;C:\msys64\ucrt64\bin;C:\Ruby34-x64\msys64\mingw64\bin;;c:\Users\mathe\AppData\Roaming\Code\User\globalStorage\github.copilot-chat\debugCommand" ASAN_OPTIONS=detect_leaks=0 "gcc -o conftest.exe -IC:/Ruby34-x64/include/ruby-3.4.0/x64-mingw-ucrt -IC:/Ruby34-x64/include/ruby-3.4.0/ruby/backward -IC:/Ruby34-x64/include/ruby-3.4.0 -I. -I/usr/local/include -D_WIN32_WINNT=0x0600 -D__MINGW_USE_VC2005_COMPAT -D_FILE_OFFSET_BITS=64  -O3 -fstack-protector-strong -Wno-compound-token-split-by-macro -Wno-bad-function-cast -Wno-conditional-uninitialized -Wno-covered-switch-default -Wno-declaration-after-statement -Wno-disabled-macro-expansion -Wno-documentation-unknown-command -Wno-missing-field-initializers -Wno-missing-variable-declarations -Wno-padded -Wno-reserved-id-macro -Wno-sign-conversion -Wno-static-in-inline -Wno-switch-enum -Wno-undef -Wno-unreachable-code -Wno-used-but-marked-unused conftest.c -L. -LC:/Ruby34-x64/lib -L/usr/local/lib -L. -pipe -s -fstack-protector-strong -lpthread -Wl,--no-as-needed    -lmysqlclient  -lx64-ucrt-ruby340  -Wl,-rpath,/usr/local/lib -lshell32 -lws2_32 -liphlpapi -limagehlp -lshlwapi -lbcrypt  "
checked program was:
/* begin */
1: #include "ruby.h"
2: 
3: #include <winsock2.h>
4: #include <windows.h>
5: int main() {return 0;}
/* end */

