pkg_config: checking for pkg-config for C:/Users/mathe/OneDrive/Documentos/GitHub/loja-tech/vendor/bundle/ruby/3.4.0/gems/sqlite3-1.7.3/ports/x86_64-w64-mingw32/sqlite3/3.45.2/lib/pkgconfig/sqlite3.pc... -------------------- ["-IC:/Users/mathe/OneDrive/Documentos/GitHub/loja-tech/vendor/bundle/ruby/3.4.0/gems/sqlite3-1.7.3/ports/x86_64-w64-mingw32/sqlite3/3.45.2/include ", "-LC:/Users/mathe/OneDrive/Documentos/GitHub/loja-tech/vendor/bundle/ruby/3.4.0/gems/sqlite3-1.7.3/ports/x86_64-w64-mingw32/sqlite3/3.45.2/lib", "-lsqlite3"]

PATH=".;C:/Ruby34-x64/lib;C:\Users\mathe\OneDrive\Documentos\GitHub\loja-tech\vendor\bundle\ruby\3.4.0\gems\sqlite3-1.7.3\ports\x86_64-w64-mingw32\sqlite3\3.45.2\bin;C:\Ruby34-x64\bin;C:\Ruby34-x64\msys64\ucrt64\bin;C:\Ruby34-x64\msys64\usr\bin;C:\Ruby34-x64\bin;C:\Users\mathe\.local\share\gem\ruby\3.4.0\bin;C:\Program Files (x86)\Common Files\Oracle\Java\java8path;C:\Program Files (x86)\Common Files\Oracle\Java\javapath;C:\Windows\system32;C:\Windows;C:\Windows\System32\Wbem;C:\Windows\System32\WindowsPowerShell\v1.0\;C:\Windows\System32\OpenSSH\;C:\Program Files\dotnet\;C:\Program Files\Neovim\bin;E:\Node.js\;C:\Ruby34-x64\bin;C:\Users\mathe\AppData\Local\Programs\Python\Python313\Scripts\;C:\Users\mathe\AppData\Local\Programs\Python\Python313\;C:\Users\mathe\AppData\Local\Programs\Python\Launcher\;C:\Users\mathe\AppData\Local\Microsoft\WindowsApps;E:\Microsoft VS Code\bin;C:\Users\mathe\AppData\Local\GitHubDesktop\bin;C:\Users\mathe\AppData\Local\Muse Hub\lib;C:\Users\mathe\AppData\Roaming\npm;C:\VSCode\bin;C:\msys64\ucrt64\bin;C:\Ruby34-x64\msys64\mingw64\bin;" ASAN_OPTIONS=detect_leaks=0 x86_64-w64-mingw32-pkg-config --exists C:/Users/mathe/OneDrive/Documentos/GitHub/loja-tech/vendor/bundle/ruby/3.4.0/gems/sqlite3-1.7.3/ports/x86_64-w64-mingw32/sqlite3/3.45.2/lib/pkgconfig/sqlite3.pc
PATH=".;C:/Ruby34-x64/lib;C:\Users\mathe\OneDrive\Documentos\GitHub\loja-tech\vendor\bundle\ruby\3.4.0\gems\sqlite3-1.7.3\ports\x86_64-w64-mingw32\sqlite3\3.45.2\bin;C:\Ruby34-x64\bin;C:\Ruby34-x64\msys64\ucrt64\bin;C:\Ruby34-x64\msys64\usr\bin;C:\Ruby34-x64\bin;C:\Users\mathe\.local\share\gem\ruby\3.4.0\bin;C:\Program Files (x86)\Common Files\Oracle\Java\java8path;C:\Program Files (x86)\Common Files\Oracle\Java\javapath;C:\Windows\system32;C:\Windows;C:\Windows\System32\Wbem;C:\Windows\System32\WindowsPowerShell\v1.0\;C:\Windows\System32\OpenSSH\;C:\Program Files\dotnet\;C:\Program Files\Neovim\bin;E:\Node.js\;C:\Ruby34-x64\bin;C:\Users\mathe\AppData\Local\Programs\Python\Python313\Scripts\;C:\Users\mathe\AppData\Local\Programs\Python\Python313\;C:\Users\mathe\AppData\Local\Programs\Python\Launcher\;C:\Users\mathe\AppData\Local\Microsoft\WindowsApps;E:\Microsoft VS Code\bin;C:\Users\mathe\AppData\Local\GitHubDesktop\bin;C:\Users\mathe\AppData\Local\Muse Hub\lib;C:\Users\mathe\AppData\Roaming\npm;C:\VSCode\bin;C:\msys64\ucrt64\bin;C:\Ruby34-x64\msys64\mingw64\bin;" ASAN_OPTIONS=detect_leaks=0 x86_64-w64-mingw32-pkg-config --libs C:/Users/mathe/OneDrive/Documentos/GitHub/loja-tech/vendor/bundle/ruby/3.4.0/gems/sqlite3-1.7.3/ports/x86_64-w64-mingw32/sqlite3/3.45.2/lib/pkgconfig/sqlite3.pc |
=> "-LC:/Users/mathe/OneDrive/Documentos/GitHub/loja-tech/vendor/bundle/ruby/3.4.0/gems/sqlite3-1.7.3/ports/x86_64-w64-mingw32/sqlite3/3.45.2/lib -lsqlite3\n"
PATH=".;C:/Ruby34-x64/lib;C:\Users\mathe\OneDrive\Documentos\GitHub\loja-tech\vendor\bundle\ruby\3.4.0\gems\sqlite3-1.7.3\ports\x86_64-w64-mingw32\sqlite3\3.45.2\bin;C:\Ruby34-x64\bin;C:\Ruby34-x64\msys64\ucrt64\bin;C:\Ruby34-x64\msys64\usr\bin;C:\Ruby34-x64\bin;C:\Users\mathe\.local\share\gem\ruby\3.4.0\bin;C:\Program Files (x86)\Common Files\Oracle\Java\java8path;C:\Program Files (x86)\Common Files\Oracle\Java\javapath;C:\Windows\system32;C:\Windows;C:\Windows\System32\Wbem;C:\Windows\System32\WindowsPowerShell\v1.0\;C:\Windows\System32\OpenSSH\;C:\Program Files\dotnet\;C:\Program Files\Neovim\bin;E:\Node.js\;C:\Ruby34-x64\bin;C:\Users\mathe\AppData\Local\Programs\Python\Python313\Scripts\;C:\Users\mathe\AppData\Local\Programs\Python\Python313\;C:\Users\mathe\AppData\Local\Programs\Python\Launcher\;C:\Users\mathe\AppData\Local\Microsoft\WindowsApps;E:\Microsoft VS Code\bin;C:\Users\mathe\AppData\Local\GitHubDesktop\bin;C:\Users\mathe\AppData\Local\Muse Hub\lib;C:\Users\mathe\AppData\Roaming\npm;C:\VSCode\bin;C:\msys64\ucrt64\bin;C:\Ruby34-x64\msys64\mingw64\bin;" ASAN_OPTIONS=detect_leaks=0 "gcc -o conftest.exe -IC:/Ruby34-x64/include/ruby-3.4.0/x64-mingw-ucrt -IC:/Ruby34-x64/include/ruby-3.4.0/ruby/backward -IC:/Ruby34-x64/include/ruby-3.4.0 -I. -D_WIN32_WINNT=0x0600 -D__MINGW_USE_VC2005_COMPAT -D_FILE_OFFSET_BITS=64  -O3 -fstack-protector-strong conftest.c -L. -LC:/Ruby34-x64/lib -L. -pipe -s -fstack-protector-strong -lpthread -Wl,--no-as-needed     -lx64-ucrt-ruby340  -lshell32 -lws2_32 -liphlpapi -limagehlp -lshlwapi -lbcrypt  "
checked program was:
/* begin */
1: #include "ruby.h"
2: 
3: #include <winsock2.h>
4: #include <windows.h>
5: int main(int argc, char **argv)
6: {
7:   return !!argv[argc];
8: }
/* end */

PATH=".;C:/Ruby34-x64/lib;C:\Users\mathe\OneDrive\Documentos\GitHub\loja-tech\vendor\bundle\ruby\3.4.0\gems\sqlite3-1.7.3\ports\x86_64-w64-mingw32\sqlite3\3.45.2\bin;C:\Ruby34-x64\bin;C:\Ruby34-x64\msys64\ucrt64\bin;C:\Ruby34-x64\msys64\usr\bin;C:\Ruby34-x64\bin;C:\Users\mathe\.local\share\gem\ruby\3.4.0\bin;C:\Program Files (x86)\Common Files\Oracle\Java\java8path;C:\Program Files (x86)\Common Files\Oracle\Java\javapath;C:\Windows\system32;C:\Windows;C:\Windows\System32\Wbem;C:\Windows\System32\WindowsPowerShell\v1.0\;C:\Windows\System32\OpenSSH\;C:\Program Files\dotnet\;C:\Program Files\Neovim\bin;E:\Node.js\;C:\Ruby34-x64\bin;C:\Users\mathe\AppData\Local\Programs\Python\Python313\Scripts\;C:\Users\mathe\AppData\Local\Programs\Python\Python313\;C:\Users\mathe\AppData\Local\Programs\Python\Launcher\;C:\Users\mathe\AppData\Local\Microsoft\WindowsApps;E:\Microsoft VS Code\bin;C:\Users\mathe\AppData\Local\GitHubDesktop\bin;C:\Users\mathe\AppData\Local\Muse Hub\lib;C:\Users\mathe\AppData\Roaming\npm;C:\VSCode\bin;C:\msys64\ucrt64\bin;C:\Ruby34-x64\msys64\mingw64\bin;" ASAN_OPTIONS=detect_leaks=0 "gcc -o conftest.exe -IC:/Ruby34-x64/include/ruby-3.4.0/x64-mingw-ucrt -IC:/Ruby34-x64/include/ruby-3.4.0/ruby/backward -IC:/Ruby34-x64/include/ruby-3.4.0 -I. -D_WIN32_WINNT=0x0600 -D__MINGW_USE_VC2005_COMPAT -D_FILE_OFFSET_BITS=64  -O3 -fstack-protector-strong conftest.c -L. -LC:/Ruby34-x64/lib -L. -pipe -s -fstack-protector-strong -lpthread -Wl,--no-as-needed -LC:/Users/mathe/OneDrive/Documentos/GitHub/loja-tech/vendor/bundle/ruby/3.4.0/gems/sqlite3-1.7.3/ports/x86_64-w64-mingw32/sqlite3/3.45.2/lib -lsqlite3    -lx64-ucrt-ruby340  -lshell32 -lws2_32 -liphlpapi -limagehlp -lshlwapi -lbcrypt  "
checked program was:
/* begin */
1: #include "ruby.h"
2: 
3: #include <winsock2.h>
4: #include <windows.h>
5: int main(int argc, char **argv)
6: {
7:   return !!argv[argc];
8: }
/* end */

PATH=".;C:/Ruby34-x64/lib;C:\Users\mathe\OneDrive\Documentos\GitHub\loja-tech\vendor\bundle\ruby\3.4.0\gems\sqlite3-1.7.3\ports\x86_64-w64-mingw32\sqlite3\3.45.2\bin;C:\Ruby34-x64\bin;C:\Ruby34-x64\msys64\ucrt64\bin;C:\Ruby34-x64\msys64\usr\bin;C:\Ruby34-x64\bin;C:\Users\mathe\.local\share\gem\ruby\3.4.0\bin;C:\Program Files (x86)\Common Files\Oracle\Java\java8path;C:\Program Files (x86)\Common Files\Oracle\Java\javapath;C:\Windows\system32;C:\Windows;C:\Windows\System32\Wbem;C:\Windows\System32\WindowsPowerShell\v1.0\;C:\Windows\System32\OpenSSH\;C:\Program Files\dotnet\;C:\Program Files\Neovim\bin;E:\Node.js\;C:\Ruby34-x64\bin;C:\Users\mathe\AppData\Local\Programs\Python\Python313\Scripts\;C:\Users\mathe\AppData\Local\Programs\Python\Python313\;C:\Users\mathe\AppData\Local\Programs\Python\Launcher\;C:\Users\mathe\AppData\Local\Microsoft\WindowsApps;E:\Microsoft VS Code\bin;C:\Users\mathe\AppData\Local\GitHubDesktop\bin;C:\Users\mathe\AppData\Local\Muse Hub\lib;C:\Users\mathe\AppData\Roaming\npm;C:\VSCode\bin;C:\msys64\ucrt64\bin;C:\Ruby34-x64\msys64\mingw64\bin;" ASAN_OPTIONS=detect_leaks=0 x86_64-w64-mingw32-pkg-config --cflags-only-I C:/Users/mathe/OneDrive/Documentos/GitHub/loja-tech/vendor/bundle/ruby/3.4.0/gems/sqlite3-1.7.3/ports/x86_64-w64-mingw32/sqlite3/3.45.2/lib/pkgconfig/sqlite3.pc |
=> "-IC:/Users/mathe/OneDrive/Documentos/GitHub/loja-tech/vendor/bundle/ruby/3.4.0/gems/sqlite3-1.7.3/ports/x86_64-w64-mingw32/sqlite3/3.45.2/include\n"
PATH=".;C:/Ruby34-x64/lib;C:\Users\mathe\OneDrive\Documentos\GitHub\loja-tech\vendor\bundle\ruby\3.4.0\gems\sqlite3-1.7.3\ports\x86_64-w64-mingw32\sqlite3\3.45.2\bin;C:\Ruby34-x64\bin;C:\Ruby34-x64\msys64\ucrt64\bin;C:\Ruby34-x64\msys64\usr\bin;C:\Ruby34-x64\bin;C:\Users\mathe\.local\share\gem\ruby\3.4.0\bin;C:\Program Files (x86)\Common Files\Oracle\Java\java8path;C:\Program Files (x86)\Common Files\Oracle\Java\javapath;C:\Windows\system32;C:\Windows;C:\Windows\System32\Wbem;C:\Windows\System32\WindowsPowerShell\v1.0\;C:\Windows\System32\OpenSSH\;C:\Program Files\dotnet\;C:\Program Files\Neovim\bin;E:\Node.js\;C:\Ruby34-x64\bin;C:\Users\mathe\AppData\Local\Programs\Python\Python313\Scripts\;C:\Users\mathe\AppData\Local\Programs\Python\Python313\;C:\Users\mathe\AppData\Local\Programs\Python\Launcher\;C:\Users\mathe\AppData\Local\Microsoft\WindowsApps;E:\Microsoft VS Code\bin;C:\Users\mathe\AppData\Local\GitHubDesktop\bin;C:\Users\mathe\AppData\Local\Muse Hub\lib;C:\Users\mathe\AppData\Roaming\npm;C:\VSCode\bin;C:\msys64\ucrt64\bin;C:\Ruby34-x64\msys64\mingw64\bin;" ASAN_OPTIONS=detect_leaks=0 x86_64-w64-mingw32-pkg-config --cflags-only-other C:/Users/mathe/OneDrive/Documentos/GitHub/loja-tech/vendor/bundle/ruby/3.4.0/gems/sqlite3-1.7.3/ports/x86_64-w64-mingw32/sqlite3/3.45.2/lib/pkgconfig/sqlite3.pc |
=> "\n"
PATH=".;C:/Ruby34-x64/lib;C:\Users\mathe\OneDrive\Documentos\GitHub\loja-tech\vendor\bundle\ruby\3.4.0\gems\sqlite3-1.7.3\ports\x86_64-w64-mingw32\sqlite3\3.45.2\bin;C:\Ruby34-x64\bin;C:\Ruby34-x64\msys64\ucrt64\bin;C:\Ruby34-x64\msys64\usr\bin;C:\Ruby34-x64\bin;C:\Users\mathe\.local\share\gem\ruby\3.4.0\bin;C:\Program Files (x86)\Common Files\Oracle\Java\java8path;C:\Program Files (x86)\Common Files\Oracle\Java\javapath;C:\Windows\system32;C:\Windows;C:\Windows\System32\Wbem;C:\Windows\System32\WindowsPowerShell\v1.0\;C:\Windows\System32\OpenSSH\;C:\Program Files\dotnet\;C:\Program Files\Neovim\bin;E:\Node.js\;C:\Ruby34-x64\bin;C:\Users\mathe\AppData\Local\Programs\Python\Python313\Scripts\;C:\Users\mathe\AppData\Local\Programs\Python\Python313\;C:\Users\mathe\AppData\Local\Programs\Python\Launcher\;C:\Users\mathe\AppData\Local\Microsoft\WindowsApps;E:\Microsoft VS Code\bin;C:\Users\mathe\AppData\Local\GitHubDesktop\bin;C:\Users\mathe\AppData\Local\Muse Hub\lib;C:\Users\mathe\AppData\Roaming\npm;C:\VSCode\bin;C:\msys64\ucrt64\bin;C:\Ruby34-x64\msys64\mingw64\bin;" ASAN_OPTIONS=detect_leaks=0 x86_64-w64-mingw32-pkg-config --libs-only-l C:/Users/mathe/OneDrive/Documentos/GitHub/loja-tech/vendor/bundle/ruby/3.4.0/gems/sqlite3-1.7.3/ports/x86_64-w64-mingw32/sqlite3/3.45.2/lib/pkgconfig/sqlite3.pc |
=> "-lsqlite3\n"
package configuration for C:/Users/mathe/OneDrive/Documentos/GitHub/loja-tech/vendor/bundle/ruby/3.4.0/gems/sqlite3-1.7.3/ports/x86_64-w64-mingw32/sqlite3/3.45.2/lib/pkgconfig/sqlite3.pc
incflags: -IC:/Users/mathe/OneDrive/Documentos/GitHub/loja-tech/vendor/bundle/ruby/3.4.0/gems/sqlite3-1.7.3/ports/x86_64-w64-mingw32/sqlite3/3.45.2/include
cflags: 
ldflags: -LC:/Users/mathe/OneDrive/Documentos/GitHub/loja-tech/vendor/bundle/ruby/3.4.0/gems/sqlite3-1.7.3/ports/x86_64-w64-mingw32/sqlite3/3.45.2/lib
libs: -lsqlite3

--------------------

PATH=".;C:/Ruby34-x64/lib;C:\Users\mathe\OneDrive\Documentos\GitHub\loja-tech\vendor\bundle\ruby\3.4.0\gems\sqlite3-1.7.3\ports\x86_64-w64-mingw32\sqlite3\3.45.2\bin;C:\Ruby34-x64\bin;C:\Ruby34-x64\msys64\ucrt64\bin;C:\Ruby34-x64\msys64\usr\bin;C:\Ruby34-x64\bin;C:\Users\mathe\.local\share\gem\ruby\3.4.0\bin;C:\Program Files (x86)\Common Files\Oracle\Java\java8path;C:\Program Files (x86)\Common Files\Oracle\Java\javapath;C:\Windows\system32;C:\Windows;C:\Windows\System32\Wbem;C:\Windows\System32\WindowsPowerShell\v1.0\;C:\Windows\System32\OpenSSH\;C:\Program Files\dotnet\;C:\Program Files\Neovim\bin;E:\Node.js\;C:\Ruby34-x64\bin;C:\Users\mathe\AppData\Local\Programs\Python\Python313\Scripts\;C:\Users\mathe\AppData\Local\Programs\Python\Python313\;C:\Users\mathe\AppData\Local\Programs\Python\Launcher\;C:\Users\mathe\AppData\Local\Microsoft\WindowsApps;E:\Microsoft VS Code\bin;C:\Users\mathe\AppData\Local\GitHubDesktop\bin;C:\Users\mathe\AppData\Local\Muse Hub\lib;C:\Users\mathe\AppData\Roaming\npm;C:\VSCode\bin;C:\msys64\ucrt64\bin;C:\Ruby34-x64\msys64\mingw64\bin;" ASAN_OPTIONS=detect_leaks=0 pkg-config --libs --static C:/Users/mathe/OneDrive/Documentos/GitHub/loja-tech/vendor/bundle/ruby/3.4.0/gems/sqlite3-1.7.3/ports/x86_64-w64-mingw32/sqlite3/3.45.2/lib/pkgconfig/sqlite3.pc |
append_ldflags: checking for whether -LC:/Users/mathe/OneDrive/Documentos/GitHub/loja-tech/vendor/bundle/ruby/3.4.0/gems/sqlite3-1.7.3/ports/x86_64-w64-mingw32/sqlite3/3.45.2/lib is accepted as LDFLAGS... -------------------- yes

PATH=".;C:/Ruby34-x64/lib;C:\Users\mathe\OneDrive\Documentos\GitHub\loja-tech\vendor\bundle\ruby\3.4.0\gems\sqlite3-1.7.3\ports\x86_64-w64-mingw32\sqlite3\3.45.2\bin;C:\Ruby34-x64\bin;C:\Ruby34-x64\msys64\ucrt64\bin;C:\Ruby34-x64\msys64\usr\bin;C:\Ruby34-x64\bin;C:\Users\mathe\.local\share\gem\ruby\3.4.0\bin;C:\Program Files (x86)\Common Files\Oracle\Java\java8path;C:\Program Files (x86)\Common Files\Oracle\Java\javapath;C:\Windows\system32;C:\Windows;C:\Windows\System32\Wbem;C:\Windows\System32\WindowsPowerShell\v1.0\;C:\Windows\System32\OpenSSH\;C:\Program Files\dotnet\;C:\Program Files\Neovim\bin;E:\Node.js\;C:\Ruby34-x64\bin;C:\Users\mathe\AppData\Local\Programs\Python\Python313\Scripts\;C:\Users\mathe\AppData\Local\Programs\Python\Python313\;C:\Users\mathe\AppData\Local\Programs\Python\Launcher\;C:\Users\mathe\AppData\Local\Microsoft\WindowsApps;E:\Microsoft VS Code\bin;C:\Users\mathe\AppData\Local\GitHubDesktop\bin;C:\Users\mathe\AppData\Local\Muse Hub\lib;C:\Users\mathe\AppData\Roaming\npm;C:\VSCode\bin;C:\msys64\ucrt64\bin;C:\Ruby34-x64\msys64\mingw64\bin;" ASAN_OPTIONS=detect_leaks=0 "gcc -o conftest.exe -IC:/Ruby34-x64/include/ruby-3.4.0/x64-mingw-ucrt -IC:/Ruby34-x64/include/ruby-3.4.0/ruby/backward -IC:/Ruby34-x64/include/ruby-3.4.0 -I. -IC:/Users/mathe/OneDrive/Documentos/GitHub/loja-tech/vendor/bundle/ruby/3.4.0/gems/sqlite3-1.7.3/ports/x86_64-w64-mingw32/sqlite3/3.45.2/include -D_WIN32_WINNT=0x0600 -D__MINGW_USE_VC2005_COMPAT -D_FILE_OFFSET_BITS=64  -O3 -fstack-protector-strong  conftest.c -L. -LC:/Ruby34-x64/lib -L. -pipe -s -fstack-protector-strong -lpthread -Wl,--no-as-needed -LC:/Users/mathe/OneDrive/Documentos/GitHub/loja-tech/vendor/bundle/ruby/3.4.0/gems/sqlite3-1.7.3/ports/x86_64-w64-mingw32/sqlite3/3.45.2/lib -LC:/Users/mathe/OneDrive/Documentos/GitHub/loja-tech/vendor/bundle/ruby/3.4.0/gems/sqlite3-1.7.3/ports/x86_64-w64-mingw32/sqlite3/3.45.2/lib    -lsqlite3 -lx64-ucrt-ruby340  -lshell32 -lws2_32 -liphlpapi -limagehlp -lshlwapi -lbcrypt  "
checked program was:
/* begin */
1: #include "ruby.h"
2: 
3: #include <winsock2.h>
4: #include <windows.h>
5: int main(int argc, char **argv)
6: {
7:   return !!argv[argc];
8: }
/* end */

--------------------

append_ldflags: checking for whether -lsqlite3 is accepted as LDFLAGS... -------------------- yes

PATH=".;C:/Ruby34-x64/lib;C:\Users\mathe\OneDrive\Documentos\GitHub\loja-tech\vendor\bundle\ruby\3.4.0\gems\sqlite3-1.7.3\ports\x86_64-w64-mingw32\sqlite3\3.45.2\bin;C:\Ruby34-x64\bin;C:\Ruby34-x64\msys64\ucrt64\bin;C:\Ruby34-x64\msys64\usr\bin;C:\Ruby34-x64\bin;C:\Users\mathe\.local\share\gem\ruby\3.4.0\bin;C:\Program Files (x86)\Common Files\Oracle\Java\java8path;C:\Program Files (x86)\Common Files\Oracle\Java\javapath;C:\Windows\system32;C:\Windows;C:\Windows\System32\Wbem;C:\Windows\System32\WindowsPowerShell\v1.0\;C:\Windows\System32\OpenSSH\;C:\Program Files\dotnet\;C:\Program Files\Neovim\bin;E:\Node.js\;C:\Ruby34-x64\bin;C:\Users\mathe\AppData\Local\Programs\Python\Python313\Scripts\;C:\Users\mathe\AppData\Local\Programs\Python\Python313\;C:\Users\mathe\AppData\Local\Programs\Python\Launcher\;C:\Users\mathe\AppData\Local\Microsoft\WindowsApps;E:\Microsoft VS Code\bin;C:\Users\mathe\AppData\Local\GitHubDesktop\bin;C:\Users\mathe\AppData\Local\Muse Hub\lib;C:\Users\mathe\AppData\Roaming\npm;C:\VSCode\bin;C:\msys64\ucrt64\bin;C:\Ruby34-x64\msys64\mingw64\bin;" ASAN_OPTIONS=detect_leaks=0 "gcc -o conftest.exe -IC:/Ruby34-x64/include/ruby-3.4.0/x64-mingw-ucrt -IC:/Ruby34-x64/include/ruby-3.4.0/ruby/backward -IC:/Ruby34-x64/include/ruby-3.4.0 -I. -IC:/Users/mathe/OneDrive/Documentos/GitHub/loja-tech/vendor/bundle/ruby/3.4.0/gems/sqlite3-1.7.3/ports/x86_64-w64-mingw32/sqlite3/3.45.2/include -D_WIN32_WINNT=0x0600 -D__MINGW_USE_VC2005_COMPAT -D_FILE_OFFSET_BITS=64  -O3 -fstack-protector-strong  conftest.c -L. -LC:/Ruby34-x64/lib -L. -pipe -s -fstack-protector-strong -lpthread -Wl,--no-as-needed -LC:/Users/mathe/OneDrive/Documentos/GitHub/loja-tech/vendor/bundle/ruby/3.4.0/gems/sqlite3-1.7.3/ports/x86_64-w64-mingw32/sqlite3/3.45.2/lib -LC:/Users/mathe/OneDrive/Documentos/GitHub/loja-tech/vendor/bundle/ruby/3.4.0/gems/sqlite3-1.7.3/ports/x86_64-w64-mingw32/sqlite3/3.45.2/lib -lsqlite3    -lsqlite3 -lx64-ucrt-ruby340  -lshell32 -lws2_32 -liphlpapi -limagehlp -lshlwapi -lbcrypt  "
checked program was:
/* begin */
1: #include "ruby.h"
2: 
3: #include <winsock2.h>
4: #include <windows.h>
5: int main(int argc, char **argv)
6: {
7:   return !!argv[argc];
8: }
/* end */

--------------------

append_ldflags: checking for whether -lz is accepted as LDFLAGS... -------------------- yes

PATH=".;C:/Ruby34-x64/lib;C:\Users\mathe\OneDrive\Documentos\GitHub\loja-tech\vendor\bundle\ruby\3.4.0\gems\sqlite3-1.7.3\ports\x86_64-w64-mingw32\sqlite3\3.45.2\bin;C:\Ruby34-x64\bin;C:\Ruby34-x64\msys64\ucrt64\bin;C:\Ruby34-x64\msys64\usr\bin;C:\Ruby34-x64\bin;C:\Users\mathe\.local\share\gem\ruby\3.4.0\bin;C:\Program Files (x86)\Common Files\Oracle\Java\java8path;C:\Program Files (x86)\Common Files\Oracle\Java\javapath;C:\Windows\system32;C:\Windows;C:\Windows\System32\Wbem;C:\Windows\System32\WindowsPowerShell\v1.0\;C:\Windows\System32\OpenSSH\;C:\Program Files\dotnet\;C:\Program Files\Neovim\bin;E:\Node.js\;C:\Ruby34-x64\bin;C:\Users\mathe\AppData\Local\Programs\Python\Python313\Scripts\;C:\Users\mathe\AppData\Local\Programs\Python\Python313\;C:\Users\mathe\AppData\Local\Programs\Python\Launcher\;C:\Users\mathe\AppData\Local\Microsoft\WindowsApps;E:\Microsoft VS Code\bin;C:\Users\mathe\AppData\Local\GitHubDesktop\bin;C:\Users\mathe\AppData\Local\Muse Hub\lib;C:\Users\mathe\AppData\Roaming\npm;C:\VSCode\bin;C:\msys64\ucrt64\bin;C:\Ruby34-x64\msys64\mingw64\bin;" ASAN_OPTIONS=detect_leaks=0 "gcc -o conftest.exe -IC:/Ruby34-x64/include/ruby-3.4.0/x64-mingw-ucrt -IC:/Ruby34-x64/include/ruby-3.4.0/ruby/backward -IC:/Ruby34-x64/include/ruby-3.4.0 -I. -IC:/Users/mathe/OneDrive/Documentos/GitHub/loja-tech/vendor/bundle/ruby/3.4.0/gems/sqlite3-1.7.3/ports/x86_64-w64-mingw32/sqlite3/3.45.2/include -D_WIN32_WINNT=0x0600 -D__MINGW_USE_VC2005_COMPAT -D_FILE_OFFSET_BITS=64  -O3 -fstack-protector-strong  conftest.c -L. -LC:/Ruby34-x64/lib -L. -pipe -s -fstack-protector-strong -lpthread -Wl,--no-as-needed -LC:/Users/mathe/OneDrive/Documentos/GitHub/loja-tech/vendor/bundle/ruby/3.4.0/gems/sqlite3-1.7.3/ports/x86_64-w64-mingw32/sqlite3/3.45.2/lib -LC:/Users/mathe/OneDrive/Documentos/GitHub/loja-tech/vendor/bundle/ruby/3.4.0/gems/sqlite3-1.7.3/ports/x86_64-w64-mingw32/sqlite3/3.45.2/lib -lsqlite3 -lz    -lsqlite3 -lx64-ucrt-ruby340  -lshell32 -lws2_32 -liphlpapi -limagehlp -lshlwapi -lbcrypt  "
checked program was:
/* begin */
1: #include "ruby.h"
2: 
3: #include <winsock2.h>
4: #include <windows.h>
5: int main(int argc, char **argv)
6: {
7:   return !!argv[argc];
8: }
/* end */

--------------------

append_cflags: checking for whether -fvisibility=hidden is accepted as CFLAGS... -------------------- yes

PATH=".;C:/Ruby34-x64/lib;C:\Users\mathe\OneDrive\Documentos\GitHub\loja-tech\vendor\bundle\ruby\3.4.0\gems\sqlite3-1.7.3\ports\x86_64-w64-mingw32\sqlite3\3.45.2\bin;C:\Ruby34-x64\bin;C:\Ruby34-x64\msys64\ucrt64\bin;C:\Ruby34-x64\msys64\usr\bin;C:\Ruby34-x64\bin;C:\Users\mathe\.local\share\gem\ruby\3.4.0\bin;C:\Program Files (x86)\Common Files\Oracle\Java\java8path;C:\Program Files (x86)\Common Files\Oracle\Java\javapath;C:\Windows\system32;C:\Windows;C:\Windows\System32\Wbem;C:\Windows\System32\WindowsPowerShell\v1.0\;C:\Windows\System32\OpenSSH\;C:\Program Files\dotnet\;C:\Program Files\Neovim\bin;E:\Node.js\;C:\Ruby34-x64\bin;C:\Users\mathe\AppData\Local\Programs\Python\Python313\Scripts\;C:\Users\mathe\AppData\Local\Programs\Python\Python313\;C:\Users\mathe\AppData\Local\Programs\Python\Launcher\;C:\Users\mathe\AppData\Local\Microsoft\WindowsApps;E:\Microsoft VS Code\bin;C:\Users\mathe\AppData\Local\GitHubDesktop\bin;C:\Users\mathe\AppData\Local\Muse Hub\lib;C:\Users\mathe\AppData\Roaming\npm;C:\VSCode\bin;C:\msys64\ucrt64\bin;C:\Ruby34-x64\msys64\mingw64\bin;" ASAN_OPTIONS=detect_leaks=0 "gcc -IC:/Ruby34-x64/include/ruby-3.4.0/x64-mingw-ucrt -IC:/Ruby34-x64/include/ruby-3.4.0/ruby/backward -IC:/Ruby34-x64/include/ruby-3.4.0 -I. -IC:/Users/mathe/OneDrive/Documentos/GitHub/loja-tech/vendor/bundle/ruby/3.4.0/gems/sqlite3-1.7.3/ports/x86_64-w64-mingw32/sqlite3/3.45.2/include -D_WIN32_WINNT=0x0600 -D__MINGW_USE_VC2005_COMPAT -D_FILE_OFFSET_BITS=64  -O3 -fstack-protector-strong   -fvisibility=hidden -Werror -c conftest.c"
checked program was:
/* begin */
1: #include "ruby.h"
2: 
3: #include <winsock2.h>
4: #include <windows.h>
5: int main(int argc, char **argv)
6: {
7:   return !!argv[argc];
8: }
/* end */

--------------------

find_header: checking for sqlite3.h... -------------------- yes

PATH=".;C:/Ruby34-x64/lib;C:\Users\mathe\OneDrive\Documentos\GitHub\loja-tech\vendor\bundle\ruby\3.4.0\gems\sqlite3-1.7.3\ports\x86_64-w64-mingw32\sqlite3\3.45.2\bin;C:\Ruby34-x64\bin;C:\Ruby34-x64\msys64\ucrt64\bin;C:\Ruby34-x64\msys64\usr\bin;C:\Ruby34-x64\bin;C:\Users\mathe\.local\share\gem\ruby\3.4.0\bin;C:\Program Files (x86)\Common Files\Oracle\Java\java8path;C:\Program Files (x86)\Common Files\Oracle\Java\javapath;C:\Windows\system32;C:\Windows;C:\Windows\System32\Wbem;C:\Windows\System32\WindowsPowerShell\v1.0\;C:\Windows\System32\OpenSSH\;C:\Program Files\dotnet\;C:\Program Files\Neovim\bin;E:\Node.js\;C:\Ruby34-x64\bin;C:\Users\mathe\AppData\Local\Programs\Python\Python313\Scripts\;C:\Users\mathe\AppData\Local\Programs\Python\Python313\;C:\Users\mathe\AppData\Local\Programs\Python\Launcher\;C:\Users\mathe\AppData\Local\Microsoft\WindowsApps;E:\Microsoft VS Code\bin;C:\Users\mathe\AppData\Local\GitHubDesktop\bin;C:\Users\mathe\AppData\Local\Muse Hub\lib;C:\Users\mathe\AppData\Roaming\npm;C:\VSCode\bin;C:\msys64\ucrt64\bin;C:\Ruby34-x64\msys64\mingw64\bin;" ASAN_OPTIONS=detect_leaks=0 "gcc -IC:/Ruby34-x64/include/ruby-3.4.0/x64-mingw-ucrt -IC:/Ruby34-x64/include/ruby-3.4.0/ruby/backward -IC:/Ruby34-x64/include/ruby-3.4.0 -I. -IC:/Users/mathe/OneDrive/Documentos/GitHub/loja-tech/vendor/bundle/ruby/3.4.0/gems/sqlite3-1.7.3/ports/x86_64-w64-mingw32/sqlite3/3.45.2/include -D_WIN32_WINNT=0x0600 -D__MINGW_USE_VC2005_COMPAT -D_FILE_OFFSET_BITS=64  -O3 -fstack-protector-strong  -fvisibility=hidden   -c conftest.c"
checked program was:
/* begin */
1: #include "ruby.h"
2: 
3: #include <winsock2.h>
4: #include <windows.h>
5: #include <sqlite3.h>
/* end */

--------------------

find_library: checking for sqlite3_libversion_number() in -lsqlite3... -------------------- yes

PATH=".;C:/Ruby34-x64/lib;C:\Users\mathe\OneDrive\Documentos\GitHub\loja-tech\vendor\bundle\ruby\3.4.0\gems\sqlite3-1.7.3\ports\x86_64-w64-mingw32\sqlite3\3.45.2\bin;C:\Ruby34-x64\bin;C:\Ruby34-x64\msys64\ucrt64\bin;C:\Ruby34-x64\msys64\usr\bin;C:\Ruby34-x64\bin;C:\Users\mathe\.local\share\gem\ruby\3.4.0\bin;C:\Program Files (x86)\Common Files\Oracle\Java\java8path;C:\Program Files (x86)\Common Files\Oracle\Java\javapath;C:\Windows\system32;C:\Windows;C:\Windows\System32\Wbem;C:\Windows\System32\WindowsPowerShell\v1.0\;C:\Windows\System32\OpenSSH\;C:\Program Files\dotnet\;C:\Program Files\Neovim\bin;E:\Node.js\;C:\Ruby34-x64\bin;C:\Users\mathe\AppData\Local\Programs\Python\Python313\Scripts\;C:\Users\mathe\AppData\Local\Programs\Python\Python313\;C:\Users\mathe\AppData\Local\Programs\Python\Launcher\;C:\Users\mathe\AppData\Local\Microsoft\WindowsApps;E:\Microsoft VS Code\bin;C:\Users\mathe\AppData\Local\GitHubDesktop\bin;C:\Users\mathe\AppData\Local\Muse Hub\lib;C:\Users\mathe\AppData\Roaming\npm;C:\VSCode\bin;C:\msys64\ucrt64\bin;C:\Ruby34-x64\msys64\mingw64\bin;" ASAN_OPTIONS=detect_leaks=0 "gcc -o conftest.exe -IC:/Ruby34-x64/include/ruby-3.4.0/x64-mingw-ucrt -IC:/Ruby34-x64/include/ruby-3.4.0/ruby/backward -IC:/Ruby34-x64/include/ruby-3.4.0 -I. -IC:/Users/mathe/OneDrive/Documentos/GitHub/loja-tech/vendor/bundle/ruby/3.4.0/gems/sqlite3-1.7.3/ports/x86_64-w64-mingw32/sqlite3/3.45.2/include -D_WIN32_WINNT=0x0600 -D__MINGW_USE_VC2005_COMPAT -D_FILE_OFFSET_BITS=64  -O3 -fstack-protector-strong  -fvisibility=hidden conftest.c -L. -LC:/Ruby34-x64/lib -L. -pipe -s -fstack-protector-strong -lpthread -Wl,--no-as-needed -LC:/Users/mathe/OneDrive/Documentos/GitHub/loja-tech/vendor/bundle/ruby/3.4.0/gems/sqlite3-1.7.3/ports/x86_64-w64-mingw32/sqlite3/3.45.2/lib -LC:/Users/mathe/OneDrive/Documentos/GitHub/loja-tech/vendor/bundle/ruby/3.4.0/gems/sqlite3-1.7.3/ports/x86_64-w64-mingw32/sqlite3/3.45.2/lib -lsqlite3 -lz     -lsqlite3 -lx64-ucrt-ruby340 -lsqlite3  -lsqlite3 -lshell32 -lws2_32 -liphlpapi -limagehlp -lshlwapi -lbcrypt  "
conftest.c: In function 't':
conftest.c:17:57: error: 'sqlite3_libversion_number' undeclared (first use in this function)
   17 | int t(void) { void ((*volatile p)()); p = (void ((*)()))sqlite3_libversion_number; return !p; }
      |                                                         ^~~~~~~~~~~~~~~~~~~~~~~~~
conftest.c:17:57: note: each undeclared identifier is reported only once for each function it appears in
checked program was:
/* begin */
 1: #include "ruby.h"
 2: 
 3: #include <winsock2.h>
 4: #include <windows.h>
 5: 
 6: /*top*/
 7: extern int t(void);
 8: int main(int argc, char **argv)
 9: {
10:   if (argc > 1000000) {
11:     int (* volatile tp)(void)=(int (*)(void))&t;
12:     printf("%d", (*tp)());
13:   }
14: 
15:   return !!argv[argc];
16: }
17: int t(void) { void ((*volatile p)()); p = (void ((*)()))sqlite3_libversion_number; return !p; }
/* end */

PATH=".;C:/Ruby34-x64/lib;C:\Users\mathe\OneDrive\Documentos\GitHub\loja-tech\vendor\bundle\ruby\3.4.0\gems\sqlite3-1.7.3\ports\x86_64-w64-mingw32\sqlite3\3.45.2\bin;C:\Ruby34-x64\bin;C:\Ruby34-x64\msys64\ucrt64\bin;C:\Ruby34-x64\msys64\usr\bin;C:\Ruby34-x64\bin;C:\Users\mathe\.local\share\gem\ruby\3.4.0\bin;C:\Program Files (x86)\Common Files\Oracle\Java\java8path;C:\Program Files (x86)\Common Files\Oracle\Java\javapath;C:\Windows\system32;C:\Windows;C:\Windows\System32\Wbem;C:\Windows\System32\WindowsPowerShell\v1.0\;C:\Windows\System32\OpenSSH\;C:\Program Files\dotnet\;C:\Program Files\Neovim\bin;E:\Node.js\;C:\Ruby34-x64\bin;C:\Users\mathe\AppData\Local\Programs\Python\Python313\Scripts\;C:\Users\mathe\AppData\Local\Programs\Python\Python313\;C:\Users\mathe\AppData\Local\Programs\Python\Launcher\;C:\Users\mathe\AppData\Local\Microsoft\WindowsApps;E:\Microsoft VS Code\bin;C:\Users\mathe\AppData\Local\GitHubDesktop\bin;C:\Users\mathe\AppData\Local\Muse Hub\lib;C:\Users\mathe\AppData\Roaming\npm;C:\VSCode\bin;C:\msys64\ucrt64\bin;C:\Ruby34-x64\msys64\mingw64\bin;" ASAN_OPTIONS=detect_leaks=0 "gcc -o conftest.exe -IC:/Ruby34-x64/include/ruby-3.4.0/x64-mingw-ucrt -IC:/Ruby34-x64/include/ruby-3.4.0/ruby/backward -IC:/Ruby34-x64/include/ruby-3.4.0 -I. -IC:/Users/mathe/OneDrive/Documentos/GitHub/loja-tech/vendor/bundle/ruby/3.4.0/gems/sqlite3-1.7.3/ports/x86_64-w64-mingw32/sqlite3/3.45.2/include -D_WIN32_WINNT=0x0600 -D__MINGW_USE_VC2005_COMPAT -D_FILE_OFFSET_BITS=64  -O3 -fstack-protector-strong  -fvisibility=hidden conftest.c -L. -LC:/Ruby34-x64/lib -L. -pipe -s -fstack-protector-strong -lpthread -Wl,--no-as-needed -LC:/Users/mathe/OneDrive/Documentos/GitHub/loja-tech/vendor/bundle/ruby/3.4.0/gems/sqlite3-1.7.3/ports/x86_64-w64-mingw32/sqlite3/3.45.2/lib -LC:/Users/mathe/OneDrive/Documentos/GitHub/loja-tech/vendor/bundle/ruby/3.4.0/gems/sqlite3-1.7.3/ports/x86_64-w64-mingw32/sqlite3/3.45.2/lib -lsqlite3 -lz     -lsqlite3 -lx64-ucrt-ruby340 -lsqlite3  -lsqlite3 -lshell32 -lws2_32 -liphlpapi -limagehlp -lshlwapi -lbcrypt  "
checked program was:
/* begin */
 1: #include "ruby.h"
 2: 
 3: #include <winsock2.h>
 4: #include <windows.h>
 5: 
 6: /*top*/
 7: extern int t(void);
 8: int main(int argc, char **argv)
 9: {
10:   if (argc > 1000000) {
11:     int (* volatile tp)(void)=(int (*)(void))&t;
12:     printf("%d", (*tp)());
13:   }
14: 
15:   return !!argv[argc];
16: }
17: extern void sqlite3_libversion_number();
18: int t(void) { sqlite3_libversion_number(); return 0; }
/* end */

--------------------

have_func: checking for rb_proc_arity()... -------------------- yes

PATH=".;C:/Ruby34-x64/lib;C:\Users\mathe\OneDrive\Documentos\GitHub\loja-tech\vendor\bundle\ruby\3.4.0\gems\sqlite3-1.7.3\ports\x86_64-w64-mingw32\sqlite3\3.45.2\bin;C:\Ruby34-x64\bin;C:\Ruby34-x64\msys64\ucrt64\bin;C:\Ruby34-x64\msys64\usr\bin;C:\Ruby34-x64\bin;C:\Users\mathe\.local\share\gem\ruby\3.4.0\bin;C:\Program Files (x86)\Common Files\Oracle\Java\java8path;C:\Program Files (x86)\Common Files\Oracle\Java\javapath;C:\Windows\system32;C:\Windows;C:\Windows\System32\Wbem;C:\Windows\System32\WindowsPowerShell\v1.0\;C:\Windows\System32\OpenSSH\;C:\Program Files\dotnet\;C:\Program Files\Neovim\bin;E:\Node.js\;C:\Ruby34-x64\bin;C:\Users\mathe\AppData\Local\Programs\Python\Python313\Scripts\;C:\Users\mathe\AppData\Local\Programs\Python\Python313\;C:\Users\mathe\AppData\Local\Programs\Python\Launcher\;C:\Users\mathe\AppData\Local\Microsoft\WindowsApps;E:\Microsoft VS Code\bin;C:\Users\mathe\AppData\Local\GitHubDesktop\bin;C:\Users\mathe\AppData\Local\Muse Hub\lib;C:\Users\mathe\AppData\Roaming\npm;C:\VSCode\bin;C:\msys64\ucrt64\bin;C:\Ruby34-x64\msys64\mingw64\bin;" ASAN_OPTIONS=detect_leaks=0 "gcc -o conftest.exe -IC:/Ruby34-x64/include/ruby-3.4.0/x64-mingw-ucrt -IC:/Ruby34-x64/include/ruby-3.4.0/ruby/backward -IC:/Ruby34-x64/include/ruby-3.4.0 -I. -IC:/Users/mathe/OneDrive/Documentos/GitHub/loja-tech/vendor/bundle/ruby/3.4.0/gems/sqlite3-1.7.3/ports/x86_64-w64-mingw32/sqlite3/3.45.2/include -D_WIN32_WINNT=0x0600 -D__MINGW_USE_VC2005_COMPAT -D_FILE_OFFSET_BITS=64  -O3 -fstack-protector-strong  -fvisibility=hidden conftest.c -L. -LC:/Ruby34-x64/lib -L. -pipe -s -fstack-protector-strong -lpthread -Wl,--no-as-needed -LC:/Users/mathe/OneDrive/Documentos/GitHub/loja-tech/vendor/bundle/ruby/3.4.0/gems/sqlite3-1.7.3/ports/x86_64-w64-mingw32/sqlite3/3.45.2/lib -LC:/Users/mathe/OneDrive/Documentos/GitHub/loja-tech/vendor/bundle/ruby/3.4.0/gems/sqlite3-1.7.3/ports/x86_64-w64-mingw32/sqlite3/3.45.2/lib -lsqlite3 -lz    -lsqlite3  -lsqlite3 -lx64-ucrt-ruby340 -lsqlite3  -lsqlite3 -lshell32 -lws2_32 -liphlpapi -limagehlp -lshlwapi -lbcrypt  "
checked program was:
/* begin */
 1: #include "ruby.h"
 2: 
 3: #include <winsock2.h>
 4: #include <windows.h>
 5: 
 6: /*top*/
 7: extern int t(void);
 8: int main(int argc, char **argv)
 9: {
10:   if (argc > 1000000) {
11:     int (* volatile tp)(void)=(int (*)(void))&t;
12:     printf("%d", (*tp)());
13:   }
14: 
15:   return !!argv[argc];
16: }
17: int t(void) { void ((*volatile p)()); p = (void ((*)()))rb_proc_arity; return !p; }
/* end */

--------------------

have_func: checking for rb_integer_pack()... -------------------- yes

PATH=".;C:/Ruby34-x64/lib;C:\Users\mathe\OneDrive\Documentos\GitHub\loja-tech\vendor\bundle\ruby\3.4.0\gems\sqlite3-1.7.3\ports\x86_64-w64-mingw32\sqlite3\3.45.2\bin;C:\Ruby34-x64\bin;C:\Ruby34-x64\msys64\ucrt64\bin;C:\Ruby34-x64\msys64\usr\bin;C:\Ruby34-x64\bin;C:\Users\mathe\.local\share\gem\ruby\3.4.0\bin;C:\Program Files (x86)\Common Files\Oracle\Java\java8path;C:\Program Files (x86)\Common Files\Oracle\Java\javapath;C:\Windows\system32;C:\Windows;C:\Windows\System32\Wbem;C:\Windows\System32\WindowsPowerShell\v1.0\;C:\Windows\System32\OpenSSH\;C:\Program Files\dotnet\;C:\Program Files\Neovim\bin;E:\Node.js\;C:\Ruby34-x64\bin;C:\Users\mathe\AppData\Local\Programs\Python\Python313\Scripts\;C:\Users\mathe\AppData\Local\Programs\Python\Python313\;C:\Users\mathe\AppData\Local\Programs\Python\Launcher\;C:\Users\mathe\AppData\Local\Microsoft\WindowsApps;E:\Microsoft VS Code\bin;C:\Users\mathe\AppData\Local\GitHubDesktop\bin;C:\Users\mathe\AppData\Local\Muse Hub\lib;C:\Users\mathe\AppData\Roaming\npm;C:\VSCode\bin;C:\msys64\ucrt64\bin;C:\Ruby34-x64\msys64\mingw64\bin;" ASAN_OPTIONS=detect_leaks=0 "gcc -o conftest.exe -IC:/Ruby34-x64/include/ruby-3.4.0/x64-mingw-ucrt -IC:/Ruby34-x64/include/ruby-3.4.0/ruby/backward -IC:/Ruby34-x64/include/ruby-3.4.0 -I. -IC:/Users/mathe/OneDrive/Documentos/GitHub/loja-tech/vendor/bundle/ruby/3.4.0/gems/sqlite3-1.7.3/ports/x86_64-w64-mingw32/sqlite3/3.45.2/include -D_WIN32_WINNT=0x0600 -D__MINGW_USE_VC2005_COMPAT -D_FILE_OFFSET_BITS=64  -O3 -fstack-protector-strong  -fvisibility=hidden conftest.c -L. -LC:/Ruby34-x64/lib -L. -pipe -s -fstack-protector-strong -lpthread -Wl,--no-as-needed -LC:/Users/mathe/OneDrive/Documentos/GitHub/loja-tech/vendor/bundle/ruby/3.4.0/gems/sqlite3-1.7.3/ports/x86_64-w64-mingw32/sqlite3/3.45.2/lib -LC:/Users/mathe/OneDrive/Documentos/GitHub/loja-tech/vendor/bundle/ruby/3.4.0/gems/sqlite3-1.7.3/ports/x86_64-w64-mingw32/sqlite3/3.45.2/lib -lsqlite3 -lz    -lsqlite3  -lsqlite3 -lx64-ucrt-ruby340 -lsqlite3  -lsqlite3 -lshell32 -lws2_32 -liphlpapi -limagehlp -lshlwapi -lbcrypt  "
checked program was:
/* begin */
 1: #include "ruby.h"
 2: 
 3: #include <winsock2.h>
 4: #include <windows.h>
 5: 
 6: /*top*/
 7: extern int t(void);
 8: int main(int argc, char **argv)
 9: {
10:   if (argc > 1000000) {
11:     int (* volatile tp)(void)=(int (*)(void))&t;
12:     printf("%d", (*tp)());
13:   }
14: 
15:   return !!argv[argc];
16: }
17: int t(void) { void ((*volatile p)()); p = (void ((*)()))rb_integer_pack; return !p; }
/* end */

--------------------

have_func: checking for sqlite3_initialize()... -------------------- yes

PATH=".;C:/Ruby34-x64/lib;C:\Users\mathe\OneDrive\Documentos\GitHub\loja-tech\vendor\bundle\ruby\3.4.0\gems\sqlite3-1.7.3\ports\x86_64-w64-mingw32\sqlite3\3.45.2\bin;C:\Ruby34-x64\bin;C:\Ruby34-x64\msys64\ucrt64\bin;C:\Ruby34-x64\msys64\usr\bin;C:\Ruby34-x64\bin;C:\Users\mathe\.local\share\gem\ruby\3.4.0\bin;C:\Program Files (x86)\Common Files\Oracle\Java\java8path;C:\Program Files (x86)\Common Files\Oracle\Java\javapath;C:\Windows\system32;C:\Windows;C:\Windows\System32\Wbem;C:\Windows\System32\WindowsPowerShell\v1.0\;C:\Windows\System32\OpenSSH\;C:\Program Files\dotnet\;C:\Program Files\Neovim\bin;E:\Node.js\;C:\Ruby34-x64\bin;C:\Users\mathe\AppData\Local\Programs\Python\Python313\Scripts\;C:\Users\mathe\AppData\Local\Programs\Python\Python313\;C:\Users\mathe\AppData\Local\Programs\Python\Launcher\;C:\Users\mathe\AppData\Local\Microsoft\WindowsApps;E:\Microsoft VS Code\bin;C:\Users\mathe\AppData\Local\GitHubDesktop\bin;C:\Users\mathe\AppData\Local\Muse Hub\lib;C:\Users\mathe\AppData\Roaming\npm;C:\VSCode\bin;C:\msys64\ucrt64\bin;C:\Ruby34-x64\msys64\mingw64\bin;" ASAN_OPTIONS=detect_leaks=0 "gcc -o conftest.exe -IC:/Ruby34-x64/include/ruby-3.4.0/x64-mingw-ucrt -IC:/Ruby34-x64/include/ruby-3.4.0/ruby/backward -IC:/Ruby34-x64/include/ruby-3.4.0 -I. -IC:/Users/mathe/OneDrive/Documentos/GitHub/loja-tech/vendor/bundle/ruby/3.4.0/gems/sqlite3-1.7.3/ports/x86_64-w64-mingw32/sqlite3/3.45.2/include -D_WIN32_WINNT=0x0600 -D__MINGW_USE_VC2005_COMPAT -D_FILE_OFFSET_BITS=64  -O3 -fstack-protector-strong  -fvisibility=hidden conftest.c -L. -LC:/Ruby34-x64/lib -L. -pipe -s -fstack-protector-strong -lpthread -Wl,--no-as-needed -LC:/Users/mathe/OneDrive/Documentos/GitHub/loja-tech/vendor/bundle/ruby/3.4.0/gems/sqlite3-1.7.3/ports/x86_64-w64-mingw32/sqlite3/3.45.2/lib -LC:/Users/mathe/OneDrive/Documentos/GitHub/loja-tech/vendor/bundle/ruby/3.4.0/gems/sqlite3-1.7.3/ports/x86_64-w64-mingw32/sqlite3/3.45.2/lib -lsqlite3 -lz    -lsqlite3  -lsqlite3 -lx64-ucrt-ruby340 -lsqlite3  -lsqlite3 -lshell32 -lws2_32 -liphlpapi -limagehlp -lshlwapi -lbcrypt  "
conftest.c: In function 't':
conftest.c:17:57: error: 'sqlite3_initialize' undeclared (first use in this function); did you mean 'OleUninitialize'?
   17 | int t(void) { void ((*volatile p)()); p = (void ((*)()))sqlite3_initialize; return !p; }
      |                                                         ^~~~~~~~~~~~~~~~~~
      |                                                         OleUninitialize
conftest.c:17:57: note: each undeclared identifier is reported only once for each function it appears in
checked program was:
/* begin */
 1: #include "ruby.h"
 2: 
 3: #include <winsock2.h>
 4: #include <windows.h>
 5: 
 6: /*top*/
 7: extern int t(void);
 8: int main(int argc, char **argv)
 9: {
10:   if (argc > 1000000) {
11:     int (* volatile tp)(void)=(int (*)(void))&t;
12:     printf("%d", (*tp)());
13:   }
14: 
15:   return !!argv[argc];
16: }
17: int t(void) { void ((*volatile p)()); p = (void ((*)()))sqlite3_initialize; return !p; }
/* end */

PATH=".;C:/Ruby34-x64/lib;C:\Users\mathe\OneDrive\Documentos\GitHub\loja-tech\vendor\bundle\ruby\3.4.0\gems\sqlite3-1.7.3\ports\x86_64-w64-mingw32\sqlite3\3.45.2\bin;C:\Ruby34-x64\bin;C:\Ruby34-x64\msys64\ucrt64\bin;C:\Ruby34-x64\msys64\usr\bin;C:\Ruby34-x64\bin;C:\Users\mathe\.local\share\gem\ruby\3.4.0\bin;C:\Program Files (x86)\Common Files\Oracle\Java\java8path;C:\Program Files (x86)\Common Files\Oracle\Java\javapath;C:\Windows\system32;C:\Windows;C:\Windows\System32\Wbem;C:\Windows\System32\WindowsPowerShell\v1.0\;C:\Windows\System32\OpenSSH\;C:\Program Files\dotnet\;C:\Program Files\Neovim\bin;E:\Node.js\;C:\Ruby34-x64\bin;C:\Users\mathe\AppData\Local\Programs\Python\Python313\Scripts\;C:\Users\mathe\AppData\Local\Programs\Python\Python313\;C:\Users\mathe\AppData\Local\Programs\Python\Launcher\;C:\Users\mathe\AppData\Local\Microsoft\WindowsApps;E:\Microsoft VS Code\bin;C:\Users\mathe\AppData\Local\GitHubDesktop\bin;C:\Users\mathe\AppData\Local\Muse Hub\lib;C:\Users\mathe\AppData\Roaming\npm;C:\VSCode\bin;C:\msys64\ucrt64\bin;C:\Ruby34-x64\msys64\mingw64\bin;" ASAN_OPTIONS=detect_leaks=0 "gcc -o conftest.exe -IC:/Ruby34-x64/include/ruby-3.4.0/x64-mingw-ucrt -IC:/Ruby34-x64/include/ruby-3.4.0/ruby/backward -IC:/Ruby34-x64/include/ruby-3.4.0 -I. -IC:/Users/mathe/OneDrive/Documentos/GitHub/loja-tech/vendor/bundle/ruby/3.4.0/gems/sqlite3-1.7.3/ports/x86_64-w64-mingw32/sqlite3/3.45.2/include -D_WIN32_WINNT=0x0600 -D__MINGW_USE_VC2005_COMPAT -D_FILE_OFFSET_BITS=64  -O3 -fstack-protector-strong  -fvisibility=hidden conftest.c -L. -LC:/Ruby34-x64/lib -L. -pipe -s -fstack-protector-strong -lpthread -Wl,--no-as-needed -LC:/Users/mathe/OneDrive/Documentos/GitHub/loja-tech/vendor/bundle/ruby/3.4.0/gems/sqlite3-1.7.3/ports/x86_64-w64-mingw32/sqlite3/3.45.2/lib -LC:/Users/mathe/OneDrive/Documentos/GitHub/loja-tech/vendor/bundle/ruby/3.4.0/gems/sqlite3-1.7.3/ports/x86_64-w64-mingw32/sqlite3/3.45.2/lib -lsqlite3 -lz    -lsqlite3  -lsqlite3 -lx64-ucrt-ruby340 -lsqlite3  -lsqlite3 -lshell32 -lws2_32 -liphlpapi -limagehlp -lshlwapi -lbcrypt  "
checked program was:
/* begin */
 1: #include "ruby.h"
 2: 
 3: #include <winsock2.h>
 4: #include <windows.h>
 5: 
 6: /*top*/
 7: extern int t(void);
 8: int main(int argc, char **argv)
 9: {
10:   if (argc > 1000000) {
11:     int (* volatile tp)(void)=(int (*)(void))&t;
12:     printf("%d", (*tp)());
13:   }
14: 
15:   return !!argv[argc];
16: }
17: extern void sqlite3_initialize();
18: int t(void) { sqlite3_initialize(); return 0; }
/* end */

--------------------

have_func: checking for sqlite3_backup_init()... -------------------- yes

PATH=".;C:/Ruby34-x64/lib;C:\Users\mathe\OneDrive\Documentos\GitHub\loja-tech\vendor\bundle\ruby\3.4.0\gems\sqlite3-1.7.3\ports\x86_64-w64-mingw32\sqlite3\3.45.2\bin;C:\Ruby34-x64\bin;C:\Ruby34-x64\msys64\ucrt64\bin;C:\Ruby34-x64\msys64\usr\bin;C:\Ruby34-x64\bin;C:\Users\mathe\.local\share\gem\ruby\3.4.0\bin;C:\Program Files (x86)\Common Files\Oracle\Java\java8path;C:\Program Files (x86)\Common Files\Oracle\Java\javapath;C:\Windows\system32;C:\Windows;C:\Windows\System32\Wbem;C:\Windows\System32\WindowsPowerShell\v1.0\;C:\Windows\System32\OpenSSH\;C:\Program Files\dotnet\;C:\Program Files\Neovim\bin;E:\Node.js\;C:\Ruby34-x64\bin;C:\Users\mathe\AppData\Local\Programs\Python\Python313\Scripts\;C:\Users\mathe\AppData\Local\Programs\Python\Python313\;C:\Users\mathe\AppData\Local\Programs\Python\Launcher\;C:\Users\mathe\AppData\Local\Microsoft\WindowsApps;E:\Microsoft VS Code\bin;C:\Users\mathe\AppData\Local\GitHubDesktop\bin;C:\Users\mathe\AppData\Local\Muse Hub\lib;C:\Users\mathe\AppData\Roaming\npm;C:\VSCode\bin;C:\msys64\ucrt64\bin;C:\Ruby34-x64\msys64\mingw64\bin;" ASAN_OPTIONS=detect_leaks=0 "gcc -o conftest.exe -IC:/Ruby34-x64/include/ruby-3.4.0/x64-mingw-ucrt -IC:/Ruby34-x64/include/ruby-3.4.0/ruby/backward -IC:/Ruby34-x64/include/ruby-3.4.0 -I. -IC:/Users/mathe/OneDrive/Documentos/GitHub/loja-tech/vendor/bundle/ruby/3.4.0/gems/sqlite3-1.7.3/ports/x86_64-w64-mingw32/sqlite3/3.45.2/include -D_WIN32_WINNT=0x0600 -D__MINGW_USE_VC2005_COMPAT -D_FILE_OFFSET_BITS=64  -O3 -fstack-protector-strong  -fvisibility=hidden conftest.c -L. -LC:/Ruby34-x64/lib -L. -pipe -s -fstack-protector-strong -lpthread -Wl,--no-as-needed -LC:/Users/mathe/OneDrive/Documentos/GitHub/loja-tech/vendor/bundle/ruby/3.4.0/gems/sqlite3-1.7.3/ports/x86_64-w64-mingw32/sqlite3/3.45.2/lib -LC:/Users/mathe/OneDrive/Documentos/GitHub/loja-tech/vendor/bundle/ruby/3.4.0/gems/sqlite3-1.7.3/ports/x86_64-w64-mingw32/sqlite3/3.45.2/lib -lsqlite3 -lz    -lsqlite3  -lsqlite3 -lx64-ucrt-ruby340 -lsqlite3  -lsqlite3 -lshell32 -lws2_32 -liphlpapi -limagehlp -lshlwapi -lbcrypt  "
conftest.c: In function 't':
conftest.c:17:57: error: 'sqlite3_backup_init' undeclared (first use in this function)
   17 | int t(void) { void ((*volatile p)()); p = (void ((*)()))sqlite3_backup_init; return !p; }
      |                                                         ^~~~~~~~~~~~~~~~~~~
conftest.c:17:57: note: each undeclared identifier is reported only once for each function it appears in
checked program was:
/* begin */
 1: #include "ruby.h"
 2: 
 3: #include <winsock2.h>
 4: #include <windows.h>
 5: 
 6: /*top*/
 7: extern int t(void);
 8: int main(int argc, char **argv)
 9: {
10:   if (argc > 1000000) {
11:     int (* volatile tp)(void)=(int (*)(void))&t;
12:     printf("%d", (*tp)());
13:   }
14: 
15:   return !!argv[argc];
16: }
17: int t(void) { void ((*volatile p)()); p = (void ((*)()))sqlite3_backup_init; return !p; }
/* end */

PATH=".;C:/Ruby34-x64/lib;C:\Users\mathe\OneDrive\Documentos\GitHub\loja-tech\vendor\bundle\ruby\3.4.0\gems\sqlite3-1.7.3\ports\x86_64-w64-mingw32\sqlite3\3.45.2\bin;C:\Ruby34-x64\bin;C:\Ruby34-x64\msys64\ucrt64\bin;C:\Ruby34-x64\msys64\usr\bin;C:\Ruby34-x64\bin;C:\Users\mathe\.local\share\gem\ruby\3.4.0\bin;C:\Program Files (x86)\Common Files\Oracle\Java\java8path;C:\Program Files (x86)\Common Files\Oracle\Java\javapath;C:\Windows\system32;C:\Windows;C:\Windows\System32\Wbem;C:\Windows\System32\WindowsPowerShell\v1.0\;C:\Windows\System32\OpenSSH\;C:\Program Files\dotnet\;C:\Program Files\Neovim\bin;E:\Node.js\;C:\Ruby34-x64\bin;C:\Users\mathe\AppData\Local\Programs\Python\Python313\Scripts\;C:\Users\mathe\AppData\Local\Programs\Python\Python313\;C:\Users\mathe\AppData\Local\Programs\Python\Launcher\;C:\Users\mathe\AppData\Local\Microsoft\WindowsApps;E:\Microsoft VS Code\bin;C:\Users\mathe\AppData\Local\GitHubDesktop\bin;C:\Users\mathe\AppData\Local\Muse Hub\lib;C:\Users\mathe\AppData\Roaming\npm;C:\VSCode\bin;C:\msys64\ucrt64\bin;C:\Ruby34-x64\msys64\mingw64\bin;" ASAN_OPTIONS=detect_leaks=0 "gcc -o conftest.exe -IC:/Ruby34-x64/include/ruby-3.4.0/x64-mingw-ucrt -IC:/Ruby34-x64/include/ruby-3.4.0/ruby/backward -IC:/Ruby34-x64/include/ruby-3.4.0 -I. -IC:/Users/mathe/OneDrive/Documentos/GitHub/loja-tech/vendor/bundle/ruby/3.4.0/gems/sqlite3-1.7.3/ports/x86_64-w64-mingw32/sqlite3/3.45.2/include -D_WIN32_WINNT=0x0600 -D__MINGW_USE_VC2005_COMPAT -D_FILE_OFFSET_BITS=64  -O3 -fstack-protector-strong  -fvisibility=hidden conftest.c -L. -LC:/Ruby34-x64/lib -L. -pipe -s -fstack-protector-strong -lpthread -Wl,--no-as-needed -LC:/Users/mathe/OneDrive/Documentos/GitHub/loja-tech/vendor/bundle/ruby/3.4.0/gems/sqlite3-1.7.3/ports/x86_64-w64-mingw32/sqlite3/3.45.2/lib -LC:/Users/mathe/OneDrive/Documentos/GitHub/loja-tech/vendor/bundle/ruby/3.4.0/gems/sqlite3-1.7.3/ports/x86_64-w64-mingw32/sqlite3/3.45.2/lib -lsqlite3 -lz    -lsqlite3  -lsqlite3 -lx64-ucrt-ruby340 -lsqlite3  -lsqlite3 -lshell32 -lws2_32 -liphlpapi -limagehlp -lshlwapi -lbcrypt  "
checked program was:
/* begin */
 1: #include "ruby.h"
 2: 
 3: #include <winsock2.h>
 4: #include <windows.h>
 5: 
 6: /*top*/
 7: extern int t(void);
 8: int main(int argc, char **argv)
 9: {
10:   if (argc > 1000000) {
11:     int (* volatile tp)(void)=(int (*)(void))&t;
12:     printf("%d", (*tp)());
13:   }
14: 
15:   return !!argv[argc];
16: }
17: extern void sqlite3_backup_init();
18: int t(void) { sqlite3_backup_init(); return 0; }
/* end */

--------------------

have_func: checking for sqlite3_column_database_name()... -------------------- no

PATH=".;C:/Ruby34-x64/lib;C:\Users\mathe\OneDrive\Documentos\GitHub\loja-tech\vendor\bundle\ruby\3.4.0\gems\sqlite3-1.7.3\ports\x86_64-w64-mingw32\sqlite3\3.45.2\bin;C:\Ruby34-x64\bin;C:\Ruby34-x64\msys64\ucrt64\bin;C:\Ruby34-x64\msys64\usr\bin;C:\Ruby34-x64\bin;C:\Users\mathe\.local\share\gem\ruby\3.4.0\bin;C:\Program Files (x86)\Common Files\Oracle\Java\java8path;C:\Program Files (x86)\Common Files\Oracle\Java\javapath;C:\Windows\system32;C:\Windows;C:\Windows\System32\Wbem;C:\Windows\System32\WindowsPowerShell\v1.0\;C:\Windows\System32\OpenSSH\;C:\Program Files\dotnet\;C:\Program Files\Neovim\bin;E:\Node.js\;C:\Ruby34-x64\bin;C:\Users\mathe\AppData\Local\Programs\Python\Python313\Scripts\;C:\Users\mathe\AppData\Local\Programs\Python\Python313\;C:\Users\mathe\AppData\Local\Programs\Python\Launcher\;C:\Users\mathe\AppData\Local\Microsoft\WindowsApps;E:\Microsoft VS Code\bin;C:\Users\mathe\AppData\Local\GitHubDesktop\bin;C:\Users\mathe\AppData\Local\Muse Hub\lib;C:\Users\mathe\AppData\Roaming\npm;C:\VSCode\bin;C:\msys64\ucrt64\bin;C:\Ruby34-x64\msys64\mingw64\bin;" ASAN_OPTIONS=detect_leaks=0 "gcc -o conftest.exe -IC:/Ruby34-x64/include/ruby-3.4.0/x64-mingw-ucrt -IC:/Ruby34-x64/include/ruby-3.4.0/ruby/backward -IC:/Ruby34-x64/include/ruby-3.4.0 -I. -IC:/Users/mathe/OneDrive/Documentos/GitHub/loja-tech/vendor/bundle/ruby/3.4.0/gems/sqlite3-1.7.3/ports/x86_64-w64-mingw32/sqlite3/3.45.2/include -D_WIN32_WINNT=0x0600 -D__MINGW_USE_VC2005_COMPAT -D_FILE_OFFSET_BITS=64  -O3 -fstack-protector-strong  -fvisibility=hidden conftest.c -L. -LC:/Ruby34-x64/lib -L. -pipe -s -fstack-protector-strong -lpthread -Wl,--no-as-needed -LC:/Users/mathe/OneDrive/Documentos/GitHub/loja-tech/vendor/bundle/ruby/3.4.0/gems/sqlite3-1.7.3/ports/x86_64-w64-mingw32/sqlite3/3.45.2/lib -LC:/Users/mathe/OneDrive/Documentos/GitHub/loja-tech/vendor/bundle/ruby/3.4.0/gems/sqlite3-1.7.3/ports/x86_64-w64-mingw32/sqlite3/3.45.2/lib -lsqlite3 -lz    -lsqlite3  -lsqlite3 -lx64-ucrt-ruby340 -lsqlite3  -lsqlite3 -lshell32 -lws2_32 -liphlpapi -limagehlp -lshlwapi -lbcrypt  "
conftest.c: In function 't':
conftest.c:17:57: error: 'sqlite3_column_database_name' undeclared (first use in this function)
   17 | int t(void) { void ((*volatile p)()); p = (void ((*)()))sqlite3_column_database_name; return !p; }
      |                                                         ^~~~~~~~~~~~~~~~~~~~~~~~~~~~
conftest.c:17:57: note: each undeclared identifier is reported only once for each function it appears in
checked program was:
/* begin */
 1: #include "ruby.h"
 2: 
 3: #include <winsock2.h>
 4: #include <windows.h>
 5: 
 6: /*top*/
 7: extern int t(void);
 8: int main(int argc, char **argv)
 9: {
10:   if (argc > 1000000) {
11:     int (* volatile tp)(void)=(int (*)(void))&t;
12:     printf("%d", (*tp)());
13:   }
14: 
15:   return !!argv[argc];
16: }
17: int t(void) { void ((*volatile p)()); p = (void ((*)()))sqlite3_column_database_name; return !p; }
/* end */

PATH=".;C:/Ruby34-x64/lib;C:\Users\mathe\OneDrive\Documentos\GitHub\loja-tech\vendor\bundle\ruby\3.4.0\gems\sqlite3-1.7.3\ports\x86_64-w64-mingw32\sqlite3\3.45.2\bin;C:\Ruby34-x64\bin;C:\Ruby34-x64\msys64\ucrt64\bin;C:\Ruby34-x64\msys64\usr\bin;C:\Ruby34-x64\bin;C:\Users\mathe\.local\share\gem\ruby\3.4.0\bin;C:\Program Files (x86)\Common Files\Oracle\Java\java8path;C:\Program Files (x86)\Common Files\Oracle\Java\javapath;C:\Windows\system32;C:\Windows;C:\Windows\System32\Wbem;C:\Windows\System32\WindowsPowerShell\v1.0\;C:\Windows\System32\OpenSSH\;C:\Program Files\dotnet\;C:\Program Files\Neovim\bin;E:\Node.js\;C:\Ruby34-x64\bin;C:\Users\mathe\AppData\Local\Programs\Python\Python313\Scripts\;C:\Users\mathe\AppData\Local\Programs\Python\Python313\;C:\Users\mathe\AppData\Local\Programs\Python\Launcher\;C:\Users\mathe\AppData\Local\Microsoft\WindowsApps;E:\Microsoft VS Code\bin;C:\Users\mathe\AppData\Local\GitHubDesktop\bin;C:\Users\mathe\AppData\Local\Muse Hub\lib;C:\Users\mathe\AppData\Roaming\npm;C:\VSCode\bin;C:\msys64\ucrt64\bin;C:\Ruby34-x64\msys64\mingw64\bin;" ASAN_OPTIONS=detect_leaks=0 "gcc -o conftest.exe -IC:/Ruby34-x64/include/ruby-3.4.0/x64-mingw-ucrt -IC:/Ruby34-x64/include/ruby-3.4.0/ruby/backward -IC:/Ruby34-x64/include/ruby-3.4.0 -I. -IC:/Users/mathe/OneDrive/Documentos/GitHub/loja-tech/vendor/bundle/ruby/3.4.0/gems/sqlite3-1.7.3/ports/x86_64-w64-mingw32/sqlite3/3.45.2/include -D_WIN32_WINNT=0x0600 -D__MINGW_USE_VC2005_COMPAT -D_FILE_OFFSET_BITS=64  -O3 -fstack-protector-strong  -fvisibility=hidden conftest.c -L. -LC:/Ruby34-x64/lib -L. -pipe -s -fstack-protector-strong -lpthread -Wl,--no-as-needed -LC:/Users/mathe/OneDrive/Documentos/GitHub/loja-tech/vendor/bundle/ruby/3.4.0/gems/sqlite3-1.7.3/ports/x86_64-w64-mingw32/sqlite3/3.45.2/lib -LC:/Users/mathe/OneDrive/Documentos/GitHub/loja-tech/vendor/bundle/ruby/3.4.0/gems/sqlite3-1.7.3/ports/x86_64-w64-mingw32/sqlite3/3.45.2/lib -lsqlite3 -lz    -lsqlite3  -lsqlite3 -lx64-ucrt-ruby340 -lsqlite3  -lsqlite3 -lshell32 -lws2_32 -liphlpapi -limagehlp -lshlwapi -lbcrypt  "
C:/Ruby34-x64/msys64/ucrt64/bin/../lib/gcc/x86_64-w64-mingw32/15.2.0/../../../../x86_64-w64-mingw32/bin/ld.exe: C:\Users\mathe\AppData\Local\Temp\ccTCBDbk.o:conftest.c:(.text+0x5): undefined reference to `sqlite3_column_database_name'
collect2.exe: error: ld returned 1 exit status
checked program was:
/* begin */
 1: #include "ruby.h"
 2: 
 3: #include <winsock2.h>
 4: #include <windows.h>
 5: 
 6: /*top*/
 7: extern int t(void);
 8: int main(int argc, char **argv)
 9: {
10:   if (argc > 1000000) {
11:     int (* volatile tp)(void)=(int (*)(void))&t;
12:     printf("%d", (*tp)());
13:   }
14: 
15:   return !!argv[argc];
16: }
17: extern void sqlite3_column_database_name();
18: int t(void) { sqlite3_column_database_name(); return 0; }
/* end */

--------------------

have_func: checking for sqlite3_enable_load_extension()... -------------------- yes

PATH=".;C:/Ruby34-x64/lib;C:\Users\mathe\OneDrive\Documentos\GitHub\loja-tech\vendor\bundle\ruby\3.4.0\gems\sqlite3-1.7.3\ports\x86_64-w64-mingw32\sqlite3\3.45.2\bin;C:\Ruby34-x64\bin;C:\Ruby34-x64\msys64\ucrt64\bin;C:\Ruby34-x64\msys64\usr\bin;C:\Ruby34-x64\bin;C:\Users\mathe\.local\share\gem\ruby\3.4.0\bin;C:\Program Files (x86)\Common Files\Oracle\Java\java8path;C:\Program Files (x86)\Common Files\Oracle\Java\javapath;C:\Windows\system32;C:\Windows;C:\Windows\System32\Wbem;C:\Windows\System32\WindowsPowerShell\v1.0\;C:\Windows\System32\OpenSSH\;C:\Program Files\dotnet\;C:\Program Files\Neovim\bin;E:\Node.js\;C:\Ruby34-x64\bin;C:\Users\mathe\AppData\Local\Programs\Python\Python313\Scripts\;C:\Users\mathe\AppData\Local\Programs\Python\Python313\;C:\Users\mathe\AppData\Local\Programs\Python\Launcher\;C:\Users\mathe\AppData\Local\Microsoft\WindowsApps;E:\Microsoft VS Code\bin;C:\Users\mathe\AppData\Local\GitHubDesktop\bin;C:\Users\mathe\AppData\Local\Muse Hub\lib;C:\Users\mathe\AppData\Roaming\npm;C:\VSCode\bin;C:\msys64\ucrt64\bin;C:\Ruby34-x64\msys64\mingw64\bin;" ASAN_OPTIONS=detect_leaks=0 "gcc -o conftest.exe -IC:/Ruby34-x64/include/ruby-3.4.0/x64-mingw-ucrt -IC:/Ruby34-x64/include/ruby-3.4.0/ruby/backward -IC:/Ruby34-x64/include/ruby-3.4.0 -I. -IC:/Users/mathe/OneDrive/Documentos/GitHub/loja-tech/vendor/bundle/ruby/3.4.0/gems/sqlite3-1.7.3/ports/x86_64-w64-mingw32/sqlite3/3.45.2/include -D_WIN32_WINNT=0x0600 -D__MINGW_USE_VC2005_COMPAT -D_FILE_OFFSET_BITS=64  -O3 -fstack-protector-strong  -fvisibility=hidden conftest.c -L. -LC:/Ruby34-x64/lib -L. -pipe -s -fstack-protector-strong -lpthread -Wl,--no-as-needed -LC:/Users/mathe/OneDrive/Documentos/GitHub/loja-tech/vendor/bundle/ruby/3.4.0/gems/sqlite3-1.7.3/ports/x86_64-w64-mingw32/sqlite3/3.45.2/lib -LC:/Users/mathe/OneDrive/Documentos/GitHub/loja-tech/vendor/bundle/ruby/3.4.0/gems/sqlite3-1.7.3/ports/x86_64-w64-mingw32/sqlite3/3.45.2/lib -lsqlite3 -lz    -lsqlite3  -lsqlite3 -lx64-ucrt-ruby340 -lsqlite3  -lsqlite3 -lshell32 -lws2_32 -liphlpapi -limagehlp -lshlwapi -lbcrypt  "
conftest.c: In function 't':
conftest.c:17:57: error: 'sqlite3_enable_load_extension' undeclared (first use in this function)
   17 | int t(void) { void ((*volatile p)()); p = (void ((*)()))sqlite3_enable_load_extension; return !p; }
      |                                                         ^~~~~~~~~~~~~~~~~~~~~~~~~~~~~
conftest.c:17:57: note: each undeclared identifier is reported only once for each function it appears in
checked program was:
/* begin */
 1: #include "ruby.h"
 2: 
 3: #include <winsock2.h>
 4: #include <windows.h>
 5: 
 6: /*top*/
 7: extern int t(void);
 8: int main(int argc, char **argv)
 9: {
10:   if (argc > 1000000) {
11:     int (* volatile tp)(void)=(int (*)(void))&t;
12:     printf("%d", (*tp)());
13:   }
14: 
15:   return !!argv[argc];
16: }
17: int t(void) { void ((*volatile p)()); p = (void ((*)()))sqlite3_enable_load_extension; return !p; }
/* end */

PATH=".;C:/Ruby34-x64/lib;C:\Users\mathe\OneDrive\Documentos\GitHub\loja-tech\vendor\bundle\ruby\3.4.0\gems\sqlite3-1.7.3\ports\x86_64-w64-mingw32\sqlite3\3.45.2\bin;C:\Ruby34-x64\bin;C:\Ruby34-x64\msys64\ucrt64\bin;C:\Ruby34-x64\msys64\usr\bin;C:\Ruby34-x64\bin;C:\Users\mathe\.local\share\gem\ruby\3.4.0\bin;C:\Program Files (x86)\Common Files\Oracle\Java\java8path;C:\Program Files (x86)\Common Files\Oracle\Java\javapath;C:\Windows\system32;C:\Windows;C:\Windows\System32\Wbem;C:\Windows\System32\WindowsPowerShell\v1.0\;C:\Windows\System32\OpenSSH\;C:\Program Files\dotnet\;C:\Program Files\Neovim\bin;E:\Node.js\;C:\Ruby34-x64\bin;C:\Users\mathe\AppData\Local\Programs\Python\Python313\Scripts\;C:\Users\mathe\AppData\Local\Programs\Python\Python313\;C:\Users\mathe\AppData\Local\Programs\Python\Launcher\;C:\Users\mathe\AppData\Local\Microsoft\WindowsApps;E:\Microsoft VS Code\bin;C:\Users\mathe\AppData\Local\GitHubDesktop\bin;C:\Users\mathe\AppData\Local\Muse Hub\lib;C:\Users\mathe\AppData\Roaming\npm;C:\VSCode\bin;C:\msys64\ucrt64\bin;C:\Ruby34-x64\msys64\mingw64\bin;" ASAN_OPTIONS=detect_leaks=0 "gcc -o conftest.exe -IC:/Ruby34-x64/include/ruby-3.4.0/x64-mingw-ucrt -IC:/Ruby34-x64/include/ruby-3.4.0/ruby/backward -IC:/Ruby34-x64/include/ruby-3.4.0 -I. -IC:/Users/mathe/OneDrive/Documentos/GitHub/loja-tech/vendor/bundle/ruby/3.4.0/gems/sqlite3-1.7.3/ports/x86_64-w64-mingw32/sqlite3/3.45.2/include -D_WIN32_WINNT=0x0600 -D__MINGW_USE_VC2005_COMPAT -D_FILE_OFFSET_BITS=64  -O3 -fstack-protector-strong  -fvisibility=hidden conftest.c -L. -LC:/Ruby34-x64/lib -L. -pipe -s -fstack-protector-strong -lpthread -Wl,--no-as-needed -LC:/Users/mathe/OneDrive/Documentos/GitHub/loja-tech/vendor/bundle/ruby/3.4.0/gems/sqlite3-1.7.3/ports/x86_64-w64-mingw32/sqlite3/3.45.2/lib -LC:/Users/mathe/OneDrive/Documentos/GitHub/loja-tech/vendor/bundle/ruby/3.4.0/gems/sqlite3-1.7.3/ports/x86_64-w64-mingw32/sqlite3/3.45.2/lib -lsqlite3 -lz    -lsqlite3  -lsqlite3 -lx64-ucrt-ruby340 -lsqlite3  -lsqlite3 -lshell32 -lws2_32 -liphlpapi -limagehlp -lshlwapi -lbcrypt  "
checked program was:
/* begin */
 1: #include "ruby.h"
 2: 
 3: #include <winsock2.h>
 4: #include <windows.h>
 5: 
 6: /*top*/
 7: extern int t(void);
 8: int main(int argc, char **argv)
 9: {
10:   if (argc > 1000000) {
11:     int (* volatile tp)(void)=(int (*)(void))&t;
12:     printf("%d", (*tp)());
13:   }
14: 
15:   return !!argv[argc];
16: }
17: extern void sqlite3_enable_load_extension();
18: int t(void) { sqlite3_enable_load_extension(); return 0; }
/* end */

--------------------

have_func: checking for sqlite3_load_extension()... -------------------- yes

PATH=".;C:/Ruby34-x64/lib;C:\Users\mathe\OneDrive\Documentos\GitHub\loja-tech\vendor\bundle\ruby\3.4.0\gems\sqlite3-1.7.3\ports\x86_64-w64-mingw32\sqlite3\3.45.2\bin;C:\Ruby34-x64\bin;C:\Ruby34-x64\msys64\ucrt64\bin;C:\Ruby34-x64\msys64\usr\bin;C:\Ruby34-x64\bin;C:\Users\mathe\.local\share\gem\ruby\3.4.0\bin;C:\Program Files (x86)\Common Files\Oracle\Java\java8path;C:\Program Files (x86)\Common Files\Oracle\Java\javapath;C:\Windows\system32;C:\Windows;C:\Windows\System32\Wbem;C:\Windows\System32\WindowsPowerShell\v1.0\;C:\Windows\System32\OpenSSH\;C:\Program Files\dotnet\;C:\Program Files\Neovim\bin;E:\Node.js\;C:\Ruby34-x64\bin;C:\Users\mathe\AppData\Local\Programs\Python\Python313\Scripts\;C:\Users\mathe\AppData\Local\Programs\Python\Python313\;C:\Users\mathe\AppData\Local\Programs\Python\Launcher\;C:\Users\mathe\AppData\Local\Microsoft\WindowsApps;E:\Microsoft VS Code\bin;C:\Users\mathe\AppData\Local\GitHubDesktop\bin;C:\Users\mathe\AppData\Local\Muse Hub\lib;C:\Users\mathe\AppData\Roaming\npm;C:\VSCode\bin;C:\msys64\ucrt64\bin;C:\Ruby34-x64\msys64\mingw64\bin;" ASAN_OPTIONS=detect_leaks=0 "gcc -o conftest.exe -IC:/Ruby34-x64/include/ruby-3.4.0/x64-mingw-ucrt -IC:/Ruby34-x64/include/ruby-3.4.0/ruby/backward -IC:/Ruby34-x64/include/ruby-3.4.0 -I. -IC:/Users/mathe/OneDrive/Documentos/GitHub/loja-tech/vendor/bundle/ruby/3.4.0/gems/sqlite3-1.7.3/ports/x86_64-w64-mingw32/sqlite3/3.45.2/include -D_WIN32_WINNT=0x0600 -D__MINGW_USE_VC2005_COMPAT -D_FILE_OFFSET_BITS=64  -O3 -fstack-protector-strong  -fvisibility=hidden conftest.c -L. -LC:/Ruby34-x64/lib -L. -pipe -s -fstack-protector-strong -lpthread -Wl,--no-as-needed -LC:/Users/mathe/OneDrive/Documentos/GitHub/loja-tech/vendor/bundle/ruby/3.4.0/gems/sqlite3-1.7.3/ports/x86_64-w64-mingw32/sqlite3/3.45.2/lib -LC:/Users/mathe/OneDrive/Documentos/GitHub/loja-tech/vendor/bundle/ruby/3.4.0/gems/sqlite3-1.7.3/ports/x86_64-w64-mingw32/sqlite3/3.45.2/lib -lsqlite3 -lz    -lsqlite3  -lsqlite3 -lx64-ucrt-ruby340 -lsqlite3  -lsqlite3 -lshell32 -lws2_32 -liphlpapi -limagehlp -lshlwapi -lbcrypt  "
conftest.c: In function 't':
conftest.c:17:57: error: 'sqlite3_load_extension' undeclared (first use in this function)
   17 | int t(void) { void ((*volatile p)()); p = (void ((*)()))sqlite3_load_extension; return !p; }
      |                                                         ^~~~~~~~~~~~~~~~~~~~~~
conftest.c:17:57: note: each undeclared identifier is reported only once for each function it appears in
checked program was:
/* begin */
 1: #include "ruby.h"
 2: 
 3: #include <winsock2.h>
 4: #include <windows.h>
 5: 
 6: /*top*/
 7: extern int t(void);
 8: int main(int argc, char **argv)
 9: {
10:   if (argc > 1000000) {
11:     int (* volatile tp)(void)=(int (*)(void))&t;
12:     printf("%d", (*tp)());
13:   }
14: 
15:   return !!argv[argc];
16: }
17: int t(void) { void ((*volatile p)()); p = (void ((*)()))sqlite3_load_extension; return !p; }
/* end */

PATH=".;C:/Ruby34-x64/lib;C:\Users\mathe\OneDrive\Documentos\GitHub\loja-tech\vendor\bundle\ruby\3.4.0\gems\sqlite3-1.7.3\ports\x86_64-w64-mingw32\sqlite3\3.45.2\bin;C:\Ruby34-x64\bin;C:\Ruby34-x64\msys64\ucrt64\bin;C:\Ruby34-x64\msys64\usr\bin;C:\Ruby34-x64\bin;C:\Users\mathe\.local\share\gem\ruby\3.4.0\bin;C:\Program Files (x86)\Common Files\Oracle\Java\java8path;C:\Program Files (x86)\Common Files\Oracle\Java\javapath;C:\Windows\system32;C:\Windows;C:\Windows\System32\Wbem;C:\Windows\System32\WindowsPowerShell\v1.0\;C:\Windows\System32\OpenSSH\;C:\Program Files\dotnet\;C:\Program Files\Neovim\bin;E:\Node.js\;C:\Ruby34-x64\bin;C:\Users\mathe\AppData\Local\Programs\Python\Python313\Scripts\;C:\Users\mathe\AppData\Local\Programs\Python\Python313\;C:\Users\mathe\AppData\Local\Programs\Python\Launcher\;C:\Users\mathe\AppData\Local\Microsoft\WindowsApps;E:\Microsoft VS Code\bin;C:\Users\mathe\AppData\Local\GitHubDesktop\bin;C:\Users\mathe\AppData\Local\Muse Hub\lib;C:\Users\mathe\AppData\Roaming\npm;C:\VSCode\bin;C:\msys64\ucrt64\bin;C:\Ruby34-x64\msys64\mingw64\bin;" ASAN_OPTIONS=detect_leaks=0 "gcc -o conftest.exe -IC:/Ruby34-x64/include/ruby-3.4.0/x64-mingw-ucrt -IC:/Ruby34-x64/include/ruby-3.4.0/ruby/backward -IC:/Ruby34-x64/include/ruby-3.4.0 -I. -IC:/Users/mathe/OneDrive/Documentos/GitHub/loja-tech/vendor/bundle/ruby/3.4.0/gems/sqlite3-1.7.3/ports/x86_64-w64-mingw32/sqlite3/3.45.2/include -D_WIN32_WINNT=0x0600 -D__MINGW_USE_VC2005_COMPAT -D_FILE_OFFSET_BITS=64  -O3 -fstack-protector-strong  -fvisibility=hidden conftest.c -L. -LC:/Ruby34-x64/lib -L. -pipe -s -fstack-protector-strong -lpthread -Wl,--no-as-needed -LC:/Users/mathe/OneDrive/Documentos/GitHub/loja-tech/vendor/bundle/ruby/3.4.0/gems/sqlite3-1.7.3/ports/x86_64-w64-mingw32/sqlite3/3.45.2/lib -LC:/Users/mathe/OneDrive/Documentos/GitHub/loja-tech/vendor/bundle/ruby/3.4.0/gems/sqlite3-1.7.3/ports/x86_64-w64-mingw32/sqlite3/3.45.2/lib -lsqlite3 -lz    -lsqlite3  -lsqlite3 -lx64-ucrt-ruby340 -lsqlite3  -lsqlite3 -lshell32 -lws2_32 -liphlpapi -limagehlp -lshlwapi -lbcrypt  "
checked program was:
/* begin */
 1: #include "ruby.h"
 2: 
 3: #include <winsock2.h>
 4: #include <windows.h>
 5: 
 6: /*top*/
 7: extern int t(void);
 8: int main(int argc, char **argv)
 9: {
10:   if (argc > 1000000) {
11:     int (* volatile tp)(void)=(int (*)(void))&t;
12:     printf("%d", (*tp)());
13:   }
14: 
15:   return !!argv[argc];
16: }
17: extern void sqlite3_load_extension();
18: int t(void) { sqlite3_load_extension(); return 0; }
/* end */

--------------------

have_func: checking for sqlite3_open_v2()... -------------------- yes

PATH=".;C:/Ruby34-x64/lib;C:\Users\mathe\OneDrive\Documentos\GitHub\loja-tech\vendor\bundle\ruby\3.4.0\gems\sqlite3-1.7.3\ports\x86_64-w64-mingw32\sqlite3\3.45.2\bin;C:\Ruby34-x64\bin;C:\Ruby34-x64\msys64\ucrt64\bin;C:\Ruby34-x64\msys64\usr\bin;C:\Ruby34-x64\bin;C:\Users\mathe\.local\share\gem\ruby\3.4.0\bin;C:\Program Files (x86)\Common Files\Oracle\Java\java8path;C:\Program Files (x86)\Common Files\Oracle\Java\javapath;C:\Windows\system32;C:\Windows;C:\Windows\System32\Wbem;C:\Windows\System32\WindowsPowerShell\v1.0\;C:\Windows\System32\OpenSSH\;C:\Program Files\dotnet\;C:\Program Files\Neovim\bin;E:\Node.js\;C:\Ruby34-x64\bin;C:\Users\mathe\AppData\Local\Programs\Python\Python313\Scripts\;C:\Users\mathe\AppData\Local\Programs\Python\Python313\;C:\Users\mathe\AppData\Local\Programs\Python\Launcher\;C:\Users\mathe\AppData\Local\Microsoft\WindowsApps;E:\Microsoft VS Code\bin;C:\Users\mathe\AppData\Local\GitHubDesktop\bin;C:\Users\mathe\AppData\Local\Muse Hub\lib;C:\Users\mathe\AppData\Roaming\npm;C:\VSCode\bin;C:\msys64\ucrt64\bin;C:\Ruby34-x64\msys64\mingw64\bin;" ASAN_OPTIONS=detect_leaks=0 "gcc -o conftest.exe -IC:/Ruby34-x64/include/ruby-3.4.0/x64-mingw-ucrt -IC:/Ruby34-x64/include/ruby-3.4.0/ruby/backward -IC:/Ruby34-x64/include/ruby-3.4.0 -I. -IC:/Users/mathe/OneDrive/Documentos/GitHub/loja-tech/vendor/bundle/ruby/3.4.0/gems/sqlite3-1.7.3/ports/x86_64-w64-mingw32/sqlite3/3.45.2/include -D_WIN32_WINNT=0x0600 -D__MINGW_USE_VC2005_COMPAT -D_FILE_OFFSET_BITS=64  -O3 -fstack-protector-strong  -fvisibility=hidden conftest.c -L. -LC:/Ruby34-x64/lib -L. -pipe -s -fstack-protector-strong -lpthread -Wl,--no-as-needed -LC:/Users/mathe/OneDrive/Documentos/GitHub/loja-tech/vendor/bundle/ruby/3.4.0/gems/sqlite3-1.7.3/ports/x86_64-w64-mingw32/sqlite3/3.45.2/lib -LC:/Users/mathe/OneDrive/Documentos/GitHub/loja-tech/vendor/bundle/ruby/3.4.0/gems/sqlite3-1.7.3/ports/x86_64-w64-mingw32/sqlite3/3.45.2/lib -lsqlite3 -lz    -lsqlite3  -lsqlite3 -lx64-ucrt-ruby340 -lsqlite3  -lsqlite3 -lshell32 -lws2_32 -liphlpapi -limagehlp -lshlwapi -lbcrypt  "
conftest.c: In function 't':
conftest.c:17:57: error: 'sqlite3_open_v2' undeclared (first use in this function)
   17 | int t(void) { void ((*volatile p)()); p = (void ((*)()))sqlite3_open_v2; return !p; }
      |                                                         ^~~~~~~~~~~~~~~
conftest.c:17:57: note: each undeclared identifier is reported only once for each function it appears in
checked program was:
/* begin */
 1: #include "ruby.h"
 2: 
 3: #include <winsock2.h>
 4: #include <windows.h>
 5: 
 6: /*top*/
 7: extern int t(void);
 8: int main(int argc, char **argv)
 9: {
10:   if (argc > 1000000) {
11:     int (* volatile tp)(void)=(int (*)(void))&t;
12:     printf("%d", (*tp)());
13:   }
14: 
15:   return !!argv[argc];
16: }
17: int t(void) { void ((*volatile p)()); p = (void ((*)()))sqlite3_open_v2; return !p; }
/* end */

PATH=".;C:/Ruby34-x64/lib;C:\Users\mathe\OneDrive\Documentos\GitHub\loja-tech\vendor\bundle\ruby\3.4.0\gems\sqlite3-1.7.3\ports\x86_64-w64-mingw32\sqlite3\3.45.2\bin;C:\Ruby34-x64\bin;C:\Ruby34-x64\msys64\ucrt64\bin;C:\Ruby34-x64\msys64\usr\bin;C:\Ruby34-x64\bin;C:\Users\mathe\.local\share\gem\ruby\3.4.0\bin;C:\Program Files (x86)\Common Files\Oracle\Java\java8path;C:\Program Files (x86)\Common Files\Oracle\Java\javapath;C:\Windows\system32;C:\Windows;C:\Windows\System32\Wbem;C:\Windows\System32\WindowsPowerShell\v1.0\;C:\Windows\System32\OpenSSH\;C:\Program Files\dotnet\;C:\Program Files\Neovim\bin;E:\Node.js\;C:\Ruby34-x64\bin;C:\Users\mathe\AppData\Local\Programs\Python\Python313\Scripts\;C:\Users\mathe\AppData\Local\Programs\Python\Python313\;C:\Users\mathe\AppData\Local\Programs\Python\Launcher\;C:\Users\mathe\AppData\Local\Microsoft\WindowsApps;E:\Microsoft VS Code\bin;C:\Users\mathe\AppData\Local\GitHubDesktop\bin;C:\Users\mathe\AppData\Local\Muse Hub\lib;C:\Users\mathe\AppData\Roaming\npm;C:\VSCode\bin;C:\msys64\ucrt64\bin;C:\Ruby34-x64\msys64\mingw64\bin;" ASAN_OPTIONS=detect_leaks=0 "gcc -o conftest.exe -IC:/Ruby34-x64/include/ruby-3.4.0/x64-mingw-ucrt -IC:/Ruby34-x64/include/ruby-3.4.0/ruby/backward -IC:/Ruby34-x64/include/ruby-3.4.0 -I. -IC:/Users/mathe/OneDrive/Documentos/GitHub/loja-tech/vendor/bundle/ruby/3.4.0/gems/sqlite3-1.7.3/ports/x86_64-w64-mingw32/sqlite3/3.45.2/include -D_WIN32_WINNT=0x0600 -D__MINGW_USE_VC2005_COMPAT -D_FILE_OFFSET_BITS=64  -O3 -fstack-protector-strong  -fvisibility=hidden conftest.c -L. -LC:/Ruby34-x64/lib -L. -pipe -s -fstack-protector-strong -lpthread -Wl,--no-as-needed -LC:/Users/mathe/OneDrive/Documentos/GitHub/loja-tech/vendor/bundle/ruby/3.4.0/gems/sqlite3-1.7.3/ports/x86_64-w64-mingw32/sqlite3/3.45.2/lib -LC:/Users/mathe/OneDrive/Documentos/GitHub/loja-tech/vendor/bundle/ruby/3.4.0/gems/sqlite3-1.7.3/ports/x86_64-w64-mingw32/sqlite3/3.45.2/lib -lsqlite3 -lz    -lsqlite3  -lsqlite3 -lx64-ucrt-ruby340 -lsqlite3  -lsqlite3 -lshell32 -lws2_32 -liphlpapi -limagehlp -lshlwapi -lbcrypt  "
checked program was:
/* begin */
 1: #include "ruby.h"
 2: 
 3: #include <winsock2.h>
 4: #include <windows.h>
 5: 
 6: /*top*/
 7: extern int t(void);
 8: int main(int argc, char **argv)
 9: {
10:   if (argc > 1000000) {
11:     int (* volatile tp)(void)=(int (*)(void))&t;
12:     printf("%d", (*tp)());
13:   }
14: 
15:   return !!argv[argc];
16: }
17: extern void sqlite3_open_v2();
18: int t(void) { sqlite3_open_v2(); return 0; }
/* end */

--------------------

have_func: checking for sqlite3_prepare_v2()... -------------------- yes

PATH=".;C:/Ruby34-x64/lib;C:\Users\mathe\OneDrive\Documentos\GitHub\loja-tech\vendor\bundle\ruby\3.4.0\gems\sqlite3-1.7.3\ports\x86_64-w64-mingw32\sqlite3\3.45.2\bin;C:\Ruby34-x64\bin;C:\Ruby34-x64\msys64\ucrt64\bin;C:\Ruby34-x64\msys64\usr\bin;C:\Ruby34-x64\bin;C:\Users\mathe\.local\share\gem\ruby\3.4.0\bin;C:\Program Files (x86)\Common Files\Oracle\Java\java8path;C:\Program Files (x86)\Common Files\Oracle\Java\javapath;C:\Windows\system32;C:\Windows;C:\Windows\System32\Wbem;C:\Windows\System32\WindowsPowerShell\v1.0\;C:\Windows\System32\OpenSSH\;C:\Program Files\dotnet\;C:\Program Files\Neovim\bin;E:\Node.js\;C:\Ruby34-x64\bin;C:\Users\mathe\AppData\Local\Programs\Python\Python313\Scripts\;C:\Users\mathe\AppData\Local\Programs\Python\Python313\;C:\Users\mathe\AppData\Local\Programs\Python\Launcher\;C:\Users\mathe\AppData\Local\Microsoft\WindowsApps;E:\Microsoft VS Code\bin;C:\Users\mathe\AppData\Local\GitHubDesktop\bin;C:\Users\mathe\AppData\Local\Muse Hub\lib;C:\Users\mathe\AppData\Roaming\npm;C:\VSCode\bin;C:\msys64\ucrt64\bin;C:\Ruby34-x64\msys64\mingw64\bin;" ASAN_OPTIONS=detect_leaks=0 "gcc -o conftest.exe -IC:/Ruby34-x64/include/ruby-3.4.0/x64-mingw-ucrt -IC:/Ruby34-x64/include/ruby-3.4.0/ruby/backward -IC:/Ruby34-x64/include/ruby-3.4.0 -I. -IC:/Users/mathe/OneDrive/Documentos/GitHub/loja-tech/vendor/bundle/ruby/3.4.0/gems/sqlite3-1.7.3/ports/x86_64-w64-mingw32/sqlite3/3.45.2/include -D_WIN32_WINNT=0x0600 -D__MINGW_USE_VC2005_COMPAT -D_FILE_OFFSET_BITS=64  -O3 -fstack-protector-strong  -fvisibility=hidden conftest.c -L. -LC:/Ruby34-x64/lib -L. -pipe -s -fstack-protector-strong -lpthread -Wl,--no-as-needed -LC:/Users/mathe/OneDrive/Documentos/GitHub/loja-tech/vendor/bundle/ruby/3.4.0/gems/sqlite3-1.7.3/ports/x86_64-w64-mingw32/sqlite3/3.45.2/lib -LC:/Users/mathe/OneDrive/Documentos/GitHub/loja-tech/vendor/bundle/ruby/3.4.0/gems/sqlite3-1.7.3/ports/x86_64-w64-mingw32/sqlite3/3.45.2/lib -lsqlite3 -lz    -lsqlite3  -lsqlite3 -lx64-ucrt-ruby340 -lsqlite3  -lsqlite3 -lshell32 -lws2_32 -liphlpapi -limagehlp -lshlwapi -lbcrypt  "
conftest.c: In function 't':
conftest.c:17:57: error: 'sqlite3_prepare_v2' undeclared (first use in this function)
   17 | int t(void) { void ((*volatile p)()); p = (void ((*)()))sqlite3_prepare_v2; return !p; }
      |                                                         ^~~~~~~~~~~~~~~~~~
conftest.c:17:57: note: each undeclared identifier is reported only once for each function it appears in
checked program was:
/* begin */
 1: #include "ruby.h"
 2: 
 3: #include <winsock2.h>
 4: #include <windows.h>
 5: 
 6: /*top*/
 7: extern int t(void);
 8: int main(int argc, char **argv)
 9: {
10:   if (argc > 1000000) {
11:     int (* volatile tp)(void)=(int (*)(void))&t;
12:     printf("%d", (*tp)());
13:   }
14: 
15:   return !!argv[argc];
16: }
17: int t(void) { void ((*volatile p)()); p = (void ((*)()))sqlite3_prepare_v2; return !p; }
/* end */

PATH=".;C:/Ruby34-x64/lib;C:\Users\mathe\OneDrive\Documentos\GitHub\loja-tech\vendor\bundle\ruby\3.4.0\gems\sqlite3-1.7.3\ports\x86_64-w64-mingw32\sqlite3\3.45.2\bin;C:\Ruby34-x64\bin;C:\Ruby34-x64\msys64\ucrt64\bin;C:\Ruby34-x64\msys64\usr\bin;C:\Ruby34-x64\bin;C:\Users\mathe\.local\share\gem\ruby\3.4.0\bin;C:\Program Files (x86)\Common Files\Oracle\Java\java8path;C:\Program Files (x86)\Common Files\Oracle\Java\javapath;C:\Windows\system32;C:\Windows;C:\Windows\System32\Wbem;C:\Windows\System32\WindowsPowerShell\v1.0\;C:\Windows\System32\OpenSSH\;C:\Program Files\dotnet\;C:\Program Files\Neovim\bin;E:\Node.js\;C:\Ruby34-x64\bin;C:\Users\mathe\AppData\Local\Programs\Python\Python313\Scripts\;C:\Users\mathe\AppData\Local\Programs\Python\Python313\;C:\Users\mathe\AppData\Local\Programs\Python\Launcher\;C:\Users\mathe\AppData\Local\Microsoft\WindowsApps;E:\Microsoft VS Code\bin;C:\Users\mathe\AppData\Local\GitHubDesktop\bin;C:\Users\mathe\AppData\Local\Muse Hub\lib;C:\Users\mathe\AppData\Roaming\npm;C:\VSCode\bin;C:\msys64\ucrt64\bin;C:\Ruby34-x64\msys64\mingw64\bin;" ASAN_OPTIONS=detect_leaks=0 "gcc -o conftest.exe -IC:/Ruby34-x64/include/ruby-3.4.0/x64-mingw-ucrt -IC:/Ruby34-x64/include/ruby-3.4.0/ruby/backward -IC:/Ruby34-x64/include/ruby-3.4.0 -I. -IC:/Users/mathe/OneDrive/Documentos/GitHub/loja-tech/vendor/bundle/ruby/3.4.0/gems/sqlite3-1.7.3/ports/x86_64-w64-mingw32/sqlite3/3.45.2/include -D_WIN32_WINNT=0x0600 -D__MINGW_USE_VC2005_COMPAT -D_FILE_OFFSET_BITS=64  -O3 -fstack-protector-strong  -fvisibility=hidden conftest.c -L. -LC:/Ruby34-x64/lib -L. -pipe -s -fstack-protector-strong -lpthread -Wl,--no-as-needed -LC:/Users/mathe/OneDrive/Documentos/GitHub/loja-tech/vendor/bundle/ruby/3.4.0/gems/sqlite3-1.7.3/ports/x86_64-w64-mingw32/sqlite3/3.45.2/lib -LC:/Users/mathe/OneDrive/Documentos/GitHub/loja-tech/vendor/bundle/ruby/3.4.0/gems/sqlite3-1.7.3/ports/x86_64-w64-mingw32/sqlite3/3.45.2/lib -lsqlite3 -lz    -lsqlite3  -lsqlite3 -lx64-ucrt-ruby340 -lsqlite3  -lsqlite3 -lshell32 -lws2_32 -liphlpapi -limagehlp -lshlwapi -lbcrypt  "
checked program was:
/* begin */
 1: #include "ruby.h"
 2: 
 3: #include <winsock2.h>
 4: #include <windows.h>
 5: 
 6: /*top*/
 7: extern int t(void);
 8: int main(int argc, char **argv)
 9: {
10:   if (argc > 1000000) {
11:     int (* volatile tp)(void)=(int (*)(void))&t;
12:     printf("%d", (*tp)());
13:   }
14: 
15:   return !!argv[argc];
16: }
17: extern void sqlite3_prepare_v2();
18: int t(void) { sqlite3_prepare_v2(); return 0; }
/* end */

--------------------

have_type: checking for sqlite3_int64 in sqlite3.h... -------------------- yes

PATH=".;C:/Ruby34-x64/lib;C:\Users\mathe\OneDrive\Documentos\GitHub\loja-tech\vendor\bundle\ruby\3.4.0\gems\sqlite3-1.7.3\ports\x86_64-w64-mingw32\sqlite3\3.45.2\bin;C:\Ruby34-x64\bin;C:\Ruby34-x64\msys64\ucrt64\bin;C:\Ruby34-x64\msys64\usr\bin;C:\Ruby34-x64\bin;C:\Users\mathe\.local\share\gem\ruby\3.4.0\bin;C:\Program Files (x86)\Common Files\Oracle\Java\java8path;C:\Program Files (x86)\Common Files\Oracle\Java\javapath;C:\Windows\system32;C:\Windows;C:\Windows\System32\Wbem;C:\Windows\System32\WindowsPowerShell\v1.0\;C:\Windows\System32\OpenSSH\;C:\Program Files\dotnet\;C:\Program Files\Neovim\bin;E:\Node.js\;C:\Ruby34-x64\bin;C:\Users\mathe\AppData\Local\Programs\Python\Python313\Scripts\;C:\Users\mathe\AppData\Local\Programs\Python\Python313\;C:\Users\mathe\AppData\Local\Programs\Python\Launcher\;C:\Users\mathe\AppData\Local\Microsoft\WindowsApps;E:\Microsoft VS Code\bin;C:\Users\mathe\AppData\Local\GitHubDesktop\bin;C:\Users\mathe\AppData\Local\Muse Hub\lib;C:\Users\mathe\AppData\Roaming\npm;C:\VSCode\bin;C:\msys64\ucrt64\bin;C:\Ruby34-x64\msys64\mingw64\bin;" ASAN_OPTIONS=detect_leaks=0 "gcc -IC:/Ruby34-x64/include/ruby-3.4.0/x64-mingw-ucrt -IC:/Ruby34-x64/include/ruby-3.4.0/ruby/backward -IC:/Ruby34-x64/include/ruby-3.4.0 -I. -IC:/Users/mathe/OneDrive/Documentos/GitHub/loja-tech/vendor/bundle/ruby/3.4.0/gems/sqlite3-1.7.3/ports/x86_64-w64-mingw32/sqlite3/3.45.2/include -D_WIN32_WINNT=0x0600 -D__MINGW_USE_VC2005_COMPAT -D_FILE_OFFSET_BITS=64  -O3 -fstack-protector-strong  -fvisibility=hidden   -c conftest.c"
checked program was:
/* begin */
1: #include "ruby.h"
2: 
3: #include <winsock2.h>
4: #include <windows.h>
5: #include <sqlite3.h>
6: 
7: /*top*/
8: typedef sqlite3_int64 conftest_type;
9: int conftestval[sizeof(conftest_type)?1:-1];
/* end */

--------------------

have_type: checking for sqlite3_uint64 in sqlite3.h... -------------------- yes

PATH=".;C:/Ruby34-x64/lib;C:\Users\mathe\OneDrive\Documentos\GitHub\loja-tech\vendor\bundle\ruby\3.4.0\gems\sqlite3-1.7.3\ports\x86_64-w64-mingw32\sqlite3\3.45.2\bin;C:\Ruby34-x64\bin;C:\Ruby34-x64\msys64\ucrt64\bin;C:\Ruby34-x64\msys64\usr\bin;C:\Ruby34-x64\bin;C:\Users\mathe\.local\share\gem\ruby\3.4.0\bin;C:\Program Files (x86)\Common Files\Oracle\Java\java8path;C:\Program Files (x86)\Common Files\Oracle\Java\javapath;C:\Windows\system32;C:\Windows;C:\Windows\System32\Wbem;C:\Windows\System32\WindowsPowerShell\v1.0\;C:\Windows\System32\OpenSSH\;C:\Program Files\dotnet\;C:\Program Files\Neovim\bin;E:\Node.js\;C:\Ruby34-x64\bin;C:\Users\mathe\AppData\Local\Programs\Python\Python313\Scripts\;C:\Users\mathe\AppData\Local\Programs\Python\Python313\;C:\Users\mathe\AppData\Local\Programs\Python\Launcher\;C:\Users\mathe\AppData\Local\Microsoft\WindowsApps;E:\Microsoft VS Code\bin;C:\Users\mathe\AppData\Local\GitHubDesktop\bin;C:\Users\mathe\AppData\Local\Muse Hub\lib;C:\Users\mathe\AppData\Roaming\npm;C:\VSCode\bin;C:\msys64\ucrt64\bin;C:\Ruby34-x64\msys64\mingw64\bin;" ASAN_OPTIONS=detect_leaks=0 "gcc -IC:/Ruby34-x64/include/ruby-3.4.0/x64-mingw-ucrt -IC:/Ruby34-x64/include/ruby-3.4.0/ruby/backward -IC:/Ruby34-x64/include/ruby-3.4.0 -I. -IC:/Users/mathe/OneDrive/Documentos/GitHub/loja-tech/vendor/bundle/ruby/3.4.0/gems/sqlite3-1.7.3/ports/x86_64-w64-mingw32/sqlite3/3.45.2/include -D_WIN32_WINNT=0x0600 -D__MINGW_USE_VC2005_COMPAT -D_FILE_OFFSET_BITS=64  -O3 -fstack-protector-strong  -fvisibility=hidden   -c conftest.c"
checked program was:
/* begin */
1: #include "ruby.h"
2: 
3: #include <winsock2.h>
4: #include <windows.h>
5: #include <sqlite3.h>
6: 
7: /*top*/
8: typedef sqlite3_uint64 conftest_type;
9: int conftestval[sizeof(conftest_type)?1:-1];
/* end */

--------------------

