find_header: checking for prism.h in C:/Users/mathe/OneDrive/Documentos/GitHub/loja-tech/vendor/bundle/ruby/3.4.0/gems/prism-1.6.0/include... -------------------- yes

PATH=".;C:/Ruby34-x64/lib;C:\Ruby34-x64\bin;C:\Ruby34-x64\msys64\ucrt64\bin;C:\Ruby34-x64\msys64\usr\bin;C:\Ruby34-x64\bin;C:\Users\mathe\.local\share\gem\ruby\3.4.0\bin;C:\Program Files (x86)\Common Files\Oracle\Java\java8path;C:\Program Files (x86)\Common Files\Oracle\Java\javapath;C:\Windows\system32;C:\Windows;C:\Windows\System32\Wbem;C:\Windows\System32\WindowsPowerShell\v1.0\;C:\Windows\System32\OpenSSH\;C:\Program Files\dotnet\;C:\Program Files\Neovim\bin;E:\Node.js\;C:\Ruby34-x64\bin;C:\Users\mathe\AppData\Local\Programs\Python\Python313\Scripts\;C:\Users\mathe\AppData\Local\Programs\Python\Python313\;C:\Users\mathe\AppData\Local\Programs\Python\Launcher\;C:\Users\mathe\AppData\Local\Microsoft\WindowsApps;E:\Microsoft VS Code\bin;C:\Users\mathe\AppData\Local\GitHubDesktop\bin;C:\Users\mathe\AppData\Local\Muse Hub\lib;C:\Users\mathe\AppData\Roaming\npm;C:\VSCode\bin;C:\msys64\ucrt64\bin" ASAN_OPTIONS=detect_leaks=0 "gcc -o conftest.exe -IC:/Ruby34-x64/include/ruby-3.4.0/x64-mingw-ucrt -IC:/Ruby34-x64/include/ruby-3.4.0/ruby/backward -IC:/Ruby34-x64/include/ruby-3.4.0 -I. -D_WIN32_WINNT=0x0600 -D__MINGW_USE_VC2005_COMPAT -D_FILE_OFFSET_BITS=64  -O3 -fstack-protector-strong conftest.c -L. -LC:/Ruby34-x64/lib -L. -pipe -s -fstack-protector-strong -lpthread -Wl,--no-as-needed     -lx64-ucrt-ruby340  -lshell32 -lws2_32 -liphlpapi -limagehlp -lshlwapi -lbcrypt  "
checked program was:
/* begin */
1: #include "ruby.h"
2: 
3: #include <winsock2.h>
4: #include <windows.h>
5: int main(int argc, char **argv)
6: {
7:   return !!argv[argc];
8: }
/* end */

PATH=".;C:/Ruby34-x64/lib;C:\Ruby34-x64\bin;C:\Ruby34-x64\msys64\ucrt64\bin;C:\Ruby34-x64\msys64\usr\bin;C:\Ruby34-x64\bin;C:\Users\mathe\.local\share\gem\ruby\3.4.0\bin;C:\Program Files (x86)\Common Files\Oracle\Java\java8path;C:\Program Files (x86)\Common Files\Oracle\Java\javapath;C:\Windows\system32;C:\Windows;C:\Windows\System32\Wbem;C:\Windows\System32\WindowsPowerShell\v1.0\;C:\Windows\System32\OpenSSH\;C:\Program Files\dotnet\;C:\Program Files\Neovim\bin;E:\Node.js\;C:\Ruby34-x64\bin;C:\Users\mathe\AppData\Local\Programs\Python\Python313\Scripts\;C:\Users\mathe\AppData\Local\Programs\Python\Python313\;C:\Users\mathe\AppData\Local\Programs\Python\Launcher\;C:\Users\mathe\AppData\Local\Microsoft\WindowsApps;E:\Microsoft VS Code\bin;C:\Users\mathe\AppData\Local\GitHubDesktop\bin;C:\Users\mathe\AppData\Local\Muse Hub\lib;C:\Users\mathe\AppData\Roaming\npm;C:\VSCode\bin;C:\msys64\ucrt64\bin" ASAN_OPTIONS=detect_leaks=0 "gcc -IC:/Ruby34-x64/include/ruby-3.4.0/x64-mingw-ucrt -IC:/Ruby34-x64/include/ruby-3.4.0/ruby/backward -IC:/Ruby34-x64/include/ruby-3.4.0 -I. -D_WIN32_WINNT=0x0600 -D__MINGW_USE_VC2005_COMPAT -D_FILE_OFFSET_BITS=64  -O3 -fstack-protector-strong   -c conftest.c"
conftest.c:5:10: fatal error: prism.h: No such file or directory
    5 | #include <prism.h>
      |          ^~~~~~~~~
compilation terminated.
checked program was:
/* begin */
1: #include "ruby.h"
2: 
3: #include <winsock2.h>
4: #include <windows.h>
5: #include <prism.h>
/* end */

PATH=".;C:/Ruby34-x64/lib;C:\Ruby34-x64\bin;C:\Ruby34-x64\msys64\ucrt64\bin;C:\Ruby34-x64\msys64\usr\bin;C:\Ruby34-x64\bin;C:\Users\mathe\.local\share\gem\ruby\3.4.0\bin;C:\Program Files (x86)\Common Files\Oracle\Java\java8path;C:\Program Files (x86)\Common Files\Oracle\Java\javapath;C:\Windows\system32;C:\Windows;C:\Windows\System32\Wbem;C:\Windows\System32\WindowsPowerShell\v1.0\;C:\Windows\System32\OpenSSH\;C:\Program Files\dotnet\;C:\Program Files\Neovim\bin;E:\Node.js\;C:\Ruby34-x64\bin;C:\Users\mathe\AppData\Local\Programs\Python\Python313\Scripts\;C:\Users\mathe\AppData\Local\Programs\Python\Python313\;C:\Users\mathe\AppData\Local\Programs\Python\Launcher\;C:\Users\mathe\AppData\Local\Microsoft\WindowsApps;E:\Microsoft VS Code\bin;C:\Users\mathe\AppData\Local\GitHubDesktop\bin;C:\Users\mathe\AppData\Local\Muse Hub\lib;C:\Users\mathe\AppData\Roaming\npm;C:\VSCode\bin;C:\msys64\ucrt64\bin" ASAN_OPTIONS=detect_leaks=0 "gcc -IC:/Ruby34-x64/include/ruby-3.4.0/x64-mingw-ucrt -IC:/Ruby34-x64/include/ruby-3.4.0/ruby/backward -IC:/Ruby34-x64/include/ruby-3.4.0 -I. -D_WIN32_WINNT=0x0600 -D__MINGW_USE_VC2005_COMPAT -D_FILE_OFFSET_BITS=64  -O3 -fstack-protector-strong  -IC:/Users/mathe/OneDrive/Documentos/GitHub/loja-tech/vendor/bundle/ruby/3.4.0/gems/prism-1.6.0/include -c conftest.c"
checked program was:
/* begin */
1: #include "ruby.h"
2: 
3: #include <winsock2.h>
4: #include <windows.h>
5: #include <prism.h>
/* end */

--------------------

find_header: checking for prism/extension.h in C:/Users/mathe/OneDrive/Documentos/GitHub/loja-tech/vendor/bundle/ruby/3.4.0/gems/prism-1.6.0/ext... -------------------- yes

PATH=".;C:/Ruby34-x64/lib;C:\Ruby34-x64\bin;C:\Ruby34-x64\msys64\ucrt64\bin;C:\Ruby34-x64\msys64\usr\bin;C:\Ruby34-x64\bin;C:\Users\mathe\.local\share\gem\ruby\3.4.0\bin;C:\Program Files (x86)\Common Files\Oracle\Java\java8path;C:\Program Files (x86)\Common Files\Oracle\Java\javapath;C:\Windows\system32;C:\Windows;C:\Windows\System32\Wbem;C:\Windows\System32\WindowsPowerShell\v1.0\;C:\Windows\System32\OpenSSH\;C:\Program Files\dotnet\;C:\Program Files\Neovim\bin;E:\Node.js\;C:\Ruby34-x64\bin;C:\Users\mathe\AppData\Local\Programs\Python\Python313\Scripts\;C:\Users\mathe\AppData\Local\Programs\Python\Python313\;C:\Users\mathe\AppData\Local\Programs\Python\Launcher\;C:\Users\mathe\AppData\Local\Microsoft\WindowsApps;E:\Microsoft VS Code\bin;C:\Users\mathe\AppData\Local\GitHubDesktop\bin;C:\Users\mathe\AppData\Local\Muse Hub\lib;C:\Users\mathe\AppData\Roaming\npm;C:\VSCode\bin;C:\msys64\ucrt64\bin" ASAN_OPTIONS=detect_leaks=0 "gcc -IC:/Ruby34-x64/include/ruby-3.4.0/x64-mingw-ucrt -IC:/Ruby34-x64/include/ruby-3.4.0/ruby/backward -IC:/Ruby34-x64/include/ruby-3.4.0 -I. -IC:/Users/mathe/OneDrive/Documentos/GitHub/loja-tech/vendor/bundle/ruby/3.4.0/gems/prism-1.6.0/include -D_WIN32_WINNT=0x0600 -D__MINGW_USE_VC2005_COMPAT -D_FILE_OFFSET_BITS=64  -O3 -fstack-protector-strong   -c conftest.c"
conftest.c:5:10: fatal error: prism/extension.h: No such file or directory
    5 | #include <prism/extension.h>
      |          ^~~~~~~~~~~~~~~~~~~
compilation terminated.
checked program was:
/* begin */
1: #include "ruby.h"
2: 
3: #include <winsock2.h>
4: #include <windows.h>
5: #include <prism/extension.h>
/* end */

PATH=".;C:/Ruby34-x64/lib;C:\Ruby34-x64\bin;C:\Ruby34-x64\msys64\ucrt64\bin;C:\Ruby34-x64\msys64\usr\bin;C:\Ruby34-x64\bin;C:\Users\mathe\.local\share\gem\ruby\3.4.0\bin;C:\Program Files (x86)\Common Files\Oracle\Java\java8path;C:\Program Files (x86)\Common Files\Oracle\Java\javapath;C:\Windows\system32;C:\Windows;C:\Windows\System32\Wbem;C:\Windows\System32\WindowsPowerShell\v1.0\;C:\Windows\System32\OpenSSH\;C:\Program Files\dotnet\;C:\Program Files\Neovim\bin;E:\Node.js\;C:\Ruby34-x64\bin;C:\Users\mathe\AppData\Local\Programs\Python\Python313\Scripts\;C:\Users\mathe\AppData\Local\Programs\Python\Python313\;C:\Users\mathe\AppData\Local\Programs\Python\Launcher\;C:\Users\mathe\AppData\Local\Microsoft\WindowsApps;E:\Microsoft VS Code\bin;C:\Users\mathe\AppData\Local\GitHubDesktop\bin;C:\Users\mathe\AppData\Local\Muse Hub\lib;C:\Users\mathe\AppData\Roaming\npm;C:\VSCode\bin;C:\msys64\ucrt64\bin" ASAN_OPTIONS=detect_leaks=0 "gcc -IC:/Ruby34-x64/include/ruby-3.4.0/x64-mingw-ucrt -IC:/Ruby34-x64/include/ruby-3.4.0/ruby/backward -IC:/Ruby34-x64/include/ruby-3.4.0 -I. -IC:/Users/mathe/OneDrive/Documentos/GitHub/loja-tech/vendor/bundle/ruby/3.4.0/gems/prism-1.6.0/include -D_WIN32_WINNT=0x0600 -D__MINGW_USE_VC2005_COMPAT -D_FILE_OFFSET_BITS=64  -O3 -fstack-protector-strong  -IC:/Users/mathe/OneDrive/Documentos/GitHub/loja-tech/vendor/bundle/ruby/3.4.0/gems/prism-1.6.0/ext -c conftest.c"
checked program was:
/* begin */
1: #include "ruby.h"
2: 
3: #include <winsock2.h>
4: #include <windows.h>
5: #include <prism/extension.h>
/* end */

--------------------

append_cflags: checking for whether -fvisibility=hidden is accepted as CFLAGS... -------------------- yes

PATH=".;C:/Ruby34-x64/lib;C:\Ruby34-x64\bin;C:\Ruby34-x64\msys64\ucrt64\bin;C:\Ruby34-x64\msys64\usr\bin;C:\Ruby34-x64\bin;C:\Users\mathe\.local\share\gem\ruby\3.4.0\bin;C:\Program Files (x86)\Common Files\Oracle\Java\java8path;C:\Program Files (x86)\Common Files\Oracle\Java\javapath;C:\Windows\system32;C:\Windows;C:\Windows\System32\Wbem;C:\Windows\System32\WindowsPowerShell\v1.0\;C:\Windows\System32\OpenSSH\;C:\Program Files\dotnet\;C:\Program Files\Neovim\bin;E:\Node.js\;C:\Ruby34-x64\bin;C:\Users\mathe\AppData\Local\Programs\Python\Python313\Scripts\;C:\Users\mathe\AppData\Local\Programs\Python\Python313\;C:\Users\mathe\AppData\Local\Programs\Python\Launcher\;C:\Users\mathe\AppData\Local\Microsoft\WindowsApps;E:\Microsoft VS Code\bin;C:\Users\mathe\AppData\Local\GitHubDesktop\bin;C:\Users\mathe\AppData\Local\Muse Hub\lib;C:\Users\mathe\AppData\Roaming\npm;C:\VSCode\bin;C:\msys64\ucrt64\bin" ASAN_OPTIONS=detect_leaks=0 "gcc -IC:/Ruby34-x64/include/ruby-3.4.0/x64-mingw-ucrt -IC:/Ruby34-x64/include/ruby-3.4.0/ruby/backward -IC:/Ruby34-x64/include/ruby-3.4.0 -I. -IC:/Users/mathe/OneDrive/Documentos/GitHub/loja-tech/vendor/bundle/ruby/3.4.0/gems/prism-1.6.0/include -IC:/Users/mathe/OneDrive/Documentos/GitHub/loja-tech/vendor/bundle/ruby/3.4.0/gems/prism-1.6.0/ext -D_WIN32_WINNT=0x0600 -D__MINGW_USE_VC2005_COMPAT -D_FILE_OFFSET_BITS=64  -O3 -fstack-protector-strong  -fvisibility=hidden -Werror -c conftest.c"
checked program was:
/* begin */
1: #include "ruby.h"
2: 
3: #include <winsock2.h>
4: #include <windows.h>
5: int main(int argc, char **argv)
6: {
7:   return !!argv[argc];
8: }
/* end */

--------------------

